[  5%] Built target tramolaa__cpp
[ 12%] Built target tramolaa__rosidl_generator_c
[ 12%] Built target ament_cmake_python_copy_tramolaa
[ 46%] Built target tramolaa__rosidl_typesupport_introspection_c
[ 53%] Built target tramolaa__rosidl_typesupport_fastrtps_c
[ 53%] Built target tramolaa__rosidl_typesupport_cpp
[ 53%] Built target tramolaa__rosidl_typesupport_c
[ 64%] Built target tramolaa__rosidl_typesupport_fastrtps_cpp
[ 74%] Built target tramolaa__rosidl_typesupport_introspection_cpp
[ 74%] Built target tramolaa
[ 76%] Built target tramolaa__py
[ 84%] Built target tramolaa__rosidl_generator_py
[100%] Built target tramolaa__rosidl_typesupport_fastrtps_c__pyext
[100%] Built target tramolaa__rosidl_typesupport_introspection_c__pyext
[100%] Built target tramolaa__rosidl_typesupport_c__pyext
running egg_info
writing tramolaa.egg-info/PKG-INFO
writing dependency_links to tramolaa.egg-info/dependency_links.txt
writing top-level names to tramolaa.egg-info/top_level.txt
reading manifest file 'tramolaa.egg-info/SOURCES.txt'
writing manifest file 'tramolaa.egg-info/SOURCES.txt'
[100%] Built target ament_cmake_python_build_tramolaa_egg
-- Install configuration: ""
-- Up-to-date: /home/efe/Desktop/ros2_ws/install/tramolaa/share/ament_index/resource_index/rosidl_interfaces/tramolaa
-- Up-to-date: /home/efe/Desktop/ros2_ws/install/tramolaa/include/tramolaa/tramolaa
-- Up-to-date: /home/efe/Desktop/ros2_ws/install/tramolaa/include/tramolaa/tramolaa/msg
-- Up-to-date: /home/efe/Desktop/ros2_ws/install/tramolaa/include/tramolaa/tramolaa/msg/detection_list.h
-- Up-to-date: /home/efe/Desktop/ros2_ws/install/tramolaa/include/tramolaa/tramolaa/msg/detail
-- Up-to-date: /home/efe/Desktop/ros2_ws/install/tramolaa/include/tramolaa/tramolaa/msg/detail/detection__struct.h
-- Up-to-date: /home/efe/Desktop/ros2_ws/install/tramolaa/include/tramolaa/tramolaa/msg/detail/detection__type_support.h
-- Up-to-date: /home/efe/Desktop/ros2_ws/install/tramolaa/include/tramolaa/tramolaa/msg/detail/detection_list__struct.h
-- Up-to-date: /home/efe/Desktop/ros2_ws/install/tramolaa/include/tramolaa/tramolaa/msg/detail/detection__functions.c
-- Up-to-date: /home/efe/Desktop/ros2_ws/install/tramolaa/include/tramolaa/tramolaa/msg/detail/detection_list__functions.c
-- Up-to-date: /home/efe/Desktop/ros2_ws/install/tramolaa/include/tramolaa/tramolaa/msg/detail/detection__functions.h
-- Up-to-date: /home/efe/Desktop/ros2_ws/install/tramolaa/include/tramolaa/tramolaa/msg/detail/detection_list__functions.h
-- Up-to-date: /home/efe/Desktop/ros2_ws/install/tramolaa/include/tramolaa/tramolaa/msg/detail/detection_list__type_support.h
-- Up-to-date: /home/efe/Desktop/ros2_ws/install/tramolaa/include/tramolaa/tramolaa/msg/detection.h
-- Up-to-date: /home/efe/Desktop/ros2_ws/install/tramolaa/include/tramolaa/tramolaa/msg/rosidl_generator_c__visibility_control.h
-- Up-to-date: /home/efe/Desktop/ros2_ws/install/tramolaa/share/tramolaa/environment/library_path.sh
-- Up-to-date: /home/efe/Desktop/ros2_ws/install/tramolaa/share/tramolaa/environment/library_path.dsv
-- Up-to-date: /home/efe/Desktop/ros2_ws/install/tramolaa/lib/libtramolaa__rosidl_generator_c.so
-- Up-to-date: /home/efe/Desktop/ros2_ws/install/tramolaa/include/tramolaa/tramolaa
-- Up-to-date: /home/efe/Desktop/ros2_ws/install/tramolaa/include/tramolaa/tramolaa/msg
-- Up-to-date: /home/efe/Desktop/ros2_ws/install/tramolaa/include/tramolaa/tramolaa/msg/detail
-- Up-to-date: /home/efe/Desktop/ros2_ws/install/tramolaa/include/tramolaa/tramolaa/msg/detail/detection__rosidl_typesupport_fastrtps_c.h
-- Up-to-date: /home/efe/Desktop/ros2_ws/install/tramolaa/include/tramolaa/tramolaa/msg/detail/detection_list__rosidl_typesupport_fastrtps_c.h
-- Up-to-date: /home/efe/Desktop/ros2_ws/install/tramolaa/include/tramolaa/tramolaa/msg/rosidl_typesupport_fastrtps_c__visibility_control.h
-- Up-to-date: /home/efe/Desktop/ros2_ws/install/tramolaa/lib/libtramolaa__rosidl_typesupport_fastrtps_c.so
-- Up-to-date: /home/efe/Desktop/ros2_ws/install/tramolaa/include/tramolaa/tramolaa
-- Up-to-date: /home/efe/Desktop/ros2_ws/install/tramolaa/include/tramolaa/tramolaa/msg
-- Up-to-date: /home/efe/Desktop/ros2_ws/install/tramolaa/include/tramolaa/tramolaa/msg/detection.hpp
-- Up-to-date: /home/efe/Desktop/ros2_ws/install/tramolaa/include/tramolaa/tramolaa/msg/detection_list.hpp
-- Up-to-date: /home/efe/Desktop/ros2_ws/install/tramolaa/include/tramolaa/tramolaa/msg/detail
-- Up-to-date: /home/efe/Desktop/ros2_ws/install/tramolaa/include/tramolaa/tramolaa/msg/detail/detection_list__type_support.hpp
-- Up-to-date: /home/efe/Desktop/ros2_ws/install/tramolaa/include/tramolaa/tramolaa/msg/detail/detection_list__builder.hpp
-- Up-to-date: /home/efe/Desktop/ros2_ws/install/tramolaa/include/tramolaa/tramolaa/msg/detail/detection__traits.hpp
-- Up-to-date: /home/efe/Desktop/ros2_ws/install/tramolaa/include/tramolaa/tramolaa/msg/detail/detection__struct.hpp
-- Up-to-date: /home/efe/Desktop/ros2_ws/install/tramolaa/include/tramolaa/tramolaa/msg/detail/detection__builder.hpp
-- Up-to-date: /home/efe/Desktop/ros2_ws/install/tramolaa/include/tramolaa/tramolaa/msg/detail/detection_list__traits.hpp
-- Up-to-date: /home/efe/Desktop/ros2_ws/install/tramolaa/include/tramolaa/tramolaa/msg/detail/detection__type_support.hpp
-- Up-to-date: /home/efe/Desktop/ros2_ws/install/tramolaa/include/tramolaa/tramolaa/msg/detail/detection_list__struct.hpp
-- Up-to-date: /home/efe/Desktop/ros2_ws/install/tramolaa/include/tramolaa/tramolaa/msg/rosidl_generator_cpp__visibility_control.hpp
-- Up-to-date: /home/efe/Desktop/ros2_ws/install/tramolaa/include/tramolaa/tramolaa
-- Up-to-date: /home/efe/Desktop/ros2_ws/install/tramolaa/include/tramolaa/tramolaa/msg
-- Up-to-date: /home/efe/Desktop/ros2_ws/install/tramolaa/include/tramolaa/tramolaa/msg/detail
-- Up-to-date: /home/efe/Desktop/ros2_ws/install/tramolaa/include/tramolaa/tramolaa/msg/detail/detection__rosidl_typesupport_fastrtps_cpp.hpp
-- Up-to-date: /home/efe/Desktop/ros2_ws/install/tramolaa/include/tramolaa/tramolaa/msg/detail/dds_fastrtps
-- Up-to-date: /home/efe/Desktop/ros2_ws/install/tramolaa/include/tramolaa/tramolaa/msg/detail/detection_list__rosidl_typesupport_fastrtps_cpp.hpp
-- Up-to-date: /home/efe/Desktop/ros2_ws/install/tramolaa/include/tramolaa/tramolaa/msg/rosidl_typesupport_fastrtps_cpp__visibility_control.h
-- Up-to-date: /home/efe/Desktop/ros2_ws/install/tramolaa/lib/libtramolaa__rosidl_typesupport_fastrtps_cpp.so
-- Up-to-date: /home/efe/Desktop/ros2_ws/install/tramolaa/include/tramolaa/tramolaa
-- Up-to-date: /home/efe/Desktop/ros2_ws/install/tramolaa/include/tramolaa/tramolaa/msg
-- Up-to-date: /home/efe/Desktop/ros2_ws/install/tramolaa/include/tramolaa/tramolaa/msg/detail
-- Up-to-date: /home/efe/Desktop/ros2_ws/install/tramolaa/include/tramolaa/tramolaa/msg/detail/detection__rosidl_typesupport_introspection_c.h
-- Up-to-date: /home/efe/Desktop/ros2_ws/install/tramolaa/include/tramolaa/tramolaa/msg/detail/detection__type_support.c
-- Up-to-date: /home/efe/Desktop/ros2_ws/install/tramolaa/include/tramolaa/tramolaa/msg/detail/detection_list__rosidl_typesupport_introspection_c.h
-- Up-to-date: /home/efe/Desktop/ros2_ws/install/tramolaa/include/tramolaa/tramolaa/msg/detail/detection_list__type_support.c
-- Up-to-date: /home/efe/Desktop/ros2_ws/install/tramolaa/include/tramolaa/tramolaa/msg/rosidl_typesupport_introspection_c__visibility_control.h
-- Up-to-date: /home/efe/Desktop/ros2_ws/install/tramolaa/lib/libtramolaa__rosidl_typesupport_introspection_c.so
-- Up-to-date: /home/efe/Desktop/ros2_ws/install/tramolaa/lib/libtramolaa__rosidl_typesupport_c.so
-- Up-to-date: /home/efe/Desktop/ros2_ws/install/tramolaa/include/tramolaa/tramolaa
-- Up-to-date: /home/efe/Desktop/ros2_ws/install/tramolaa/include/tramolaa/tramolaa/msg
-- Up-to-date: /home/efe/Desktop/ros2_ws/install/tramolaa/include/tramolaa/tramolaa/msg/detail
-- Up-to-date: /home/efe/Desktop/ros2_ws/install/tramolaa/include/tramolaa/tramolaa/msg/detail/detection__rosidl_typesupport_introspection_cpp.hpp
-- Up-to-date: /home/efe/Desktop/ros2_ws/install/tramolaa/include/tramolaa/tramolaa/msg/detail/detection__type_support.cpp
-- Up-to-date: /home/efe/Desktop/ros2_ws/install/tramolaa/include/tramolaa/tramolaa/msg/detail/detection_list__type_support.cpp
-- Up-to-date: /home/efe/Desktop/ros2_ws/install/tramolaa/include/tramolaa/tramolaa/msg/detail/detection_list__rosidl_typesupport_introspection_cpp.hpp
-- Up-to-date: /home/efe/Desktop/ros2_ws/install/tramolaa/lib/libtramolaa__rosidl_typesupport_introspection_cpp.so
-- Up-to-date: /home/efe/Desktop/ros2_ws/install/tramolaa/lib/libtramolaa__rosidl_typesupport_cpp.so
-- Up-to-date: /home/efe/Desktop/ros2_ws/install/tramolaa/share/tramolaa/environment/pythonpath.sh
-- Up-to-date: /home/efe/Desktop/ros2_ws/install/tramolaa/share/tramolaa/environment/pythonpath.dsv
-- Up-to-date: /home/efe/Desktop/ros2_ws/install/tramolaa/local/lib/python3.10/dist-packages/tramolaa-0.0.0-py3.10.egg-info
-- Installing: /home/efe/Desktop/ros2_ws/install/tramolaa/local/lib/python3.10/dist-packages/tramolaa-0.0.0-py3.10.egg-info/PKG-INFO
-- Installing: /home/efe/Desktop/ros2_ws/install/tramolaa/local/lib/python3.10/dist-packages/tramolaa-0.0.0-py3.10.egg-info/dependency_links.txt
-- Installing: /home/efe/Desktop/ros2_ws/install/tramolaa/local/lib/python3.10/dist-packages/tramolaa-0.0.0-py3.10.egg-info/top_level.txt
-- Installing: /home/efe/Desktop/ros2_ws/install/tramolaa/local/lib/python3.10/dist-packages/tramolaa-0.0.0-py3.10.egg-info/SOURCES.txt
-- Up-to-date: /home/efe/Desktop/ros2_ws/install/tramolaa/local/lib/python3.10/dist-packages/tramolaa
-- Up-to-date: /home/efe/Desktop/ros2_ws/install/tramolaa/local/lib/python3.10/dist-packages/tramolaa/_tramolaa_s.ep.rosidl_typesupport_fastrtps_c.c
-- Up-to-date: /home/efe/Desktop/ros2_ws/install/tramolaa/local/lib/python3.10/dist-packages/tramolaa/_tramolaa_s.ep.rosidl_typesupport_c.c
-- Up-to-date: /home/efe/Desktop/ros2_ws/install/tramolaa/local/lib/python3.10/dist-packages/tramolaa/msg
-- Up-to-date: /home/efe/Desktop/ros2_ws/install/tramolaa/local/lib/python3.10/dist-packages/tramolaa/msg/_detection.py
-- Up-to-date: /home/efe/Desktop/ros2_ws/install/tramolaa/local/lib/python3.10/dist-packages/tramolaa/msg/_detection_list_s.c
-- Up-to-date: /home/efe/Desktop/ros2_ws/install/tramolaa/local/lib/python3.10/dist-packages/tramolaa/msg/_detection_list.py
-- Up-to-date: /home/efe/Desktop/ros2_ws/install/tramolaa/local/lib/python3.10/dist-packages/tramolaa/msg/__init__.py
-- Up-to-date: /home/efe/Desktop/ros2_ws/install/tramolaa/local/lib/python3.10/dist-packages/tramolaa/msg/_detection_s.c
-- Up-to-date: /home/efe/Desktop/ros2_ws/install/tramolaa/local/lib/python3.10/dist-packages/tramolaa/tramolaa_s__rosidl_typesupport_introspection_c.cpython-310-x86_64-linux-gnu.so
-- Up-to-date: /home/efe/Desktop/ros2_ws/install/tramolaa/local/lib/python3.10/dist-packages/tramolaa/__init__.py
-- Up-to-date: /home/efe/Desktop/ros2_ws/install/tramolaa/local/lib/python3.10/dist-packages/tramolaa/libtramolaa__rosidl_generator_py.so
-- Up-to-date: /home/efe/Desktop/ros2_ws/install/tramolaa/local/lib/python3.10/dist-packages/tramolaa/tramolaa_s__rosidl_typesupport_c.cpython-310-x86_64-linux-gnu.so
-- Up-to-date: /home/efe/Desktop/ros2_ws/install/tramolaa/local/lib/python3.10/dist-packages/tramolaa/_tramolaa_s.ep.rosidl_typesupport_introspection_c.c
-- Up-to-date: /home/efe/Desktop/ros2_ws/install/tramolaa/local/lib/python3.10/dist-packages/tramolaa/tramolaa_s__rosidl_typesupport_fastrtps_c.cpython-310-x86_64-linux-gnu.so
Listing '/home/efe/Desktop/ros2_ws/install/tramolaa/local/lib/python3.10/dist-packages/tramolaa'...
Listing '/home/efe/Desktop/ros2_ws/install/tramolaa/local/lib/python3.10/dist-packages/tramolaa/msg'...
-- Up-to-date: /home/efe/Desktop/ros2_ws/install/tramolaa/local/lib/python3.10/dist-packages/tramolaa/tramolaa_s__rosidl_typesupport_fastrtps_c.cpython-310-x86_64-linux-gnu.so
-- Up-to-date: /home/efe/Desktop/ros2_ws/install/tramolaa/local/lib/python3.10/dist-packages/tramolaa/tramolaa_s__rosidl_typesupport_introspection_c.cpython-310-x86_64-linux-gnu.so
-- Up-to-date: /home/efe/Desktop/ros2_ws/install/tramolaa/local/lib/python3.10/dist-packages/tramolaa/tramolaa_s__rosidl_typesupport_c.cpython-310-x86_64-linux-gnu.so
-- Up-to-date: /home/efe/Desktop/ros2_ws/install/tramolaa/lib/libtramolaa__rosidl_generator_py.so
-- Up-to-date: /home/efe/Desktop/ros2_ws/install/tramolaa/share/tramolaa/msg/Detection.idl
-- Up-to-date: /home/efe/Desktop/ros2_ws/install/tramolaa/share/tramolaa/msg/DetectionList.idl
-- Up-to-date: /home/efe/Desktop/ros2_ws/install/tramolaa/share/tramolaa/msg/Detection.msg
-- Up-to-date: /home/efe/Desktop/ros2_ws/install/tramolaa/share/tramolaa/msg/DetectionList.msg
-- Up-to-date: /home/efe/Desktop/ros2_ws/install/tramolaa/share/ament_index/resource_index/package_run_dependencies/tramolaa
-- Up-to-date: /home/efe/Desktop/ros2_ws/install/tramolaa/share/ament_index/resource_index/parent_prefix_path/tramolaa
-- Up-to-date: /home/efe/Desktop/ros2_ws/install/tramolaa/share/tramolaa/environment/ament_prefix_path.sh
-- Up-to-date: /home/efe/Desktop/ros2_ws/install/tramolaa/share/tramolaa/environment/ament_prefix_path.dsv
-- Up-to-date: /home/efe/Desktop/ros2_ws/install/tramolaa/share/tramolaa/environment/path.sh
-- Up-to-date: /home/efe/Desktop/ros2_ws/install/tramolaa/share/tramolaa/environment/path.dsv
-- Up-to-date: /home/efe/Desktop/ros2_ws/install/tramolaa/share/tramolaa/local_setup.bash
-- Up-to-date: /home/efe/Desktop/ros2_ws/install/tramolaa/share/tramolaa/local_setup.sh
-- Up-to-date: /home/efe/Desktop/ros2_ws/install/tramolaa/share/tramolaa/local_setup.zsh
-- Up-to-date: /home/efe/Desktop/ros2_ws/install/tramolaa/share/tramolaa/local_setup.dsv
-- Installing: /home/efe/Desktop/ros2_ws/install/tramolaa/share/tramolaa/package.dsv
-- Up-to-date: /home/efe/Desktop/ros2_ws/install/tramolaa/share/ament_index/resource_index/packages/tramolaa
-- Up-to-date: /home/efe/Desktop/ros2_ws/install/tramolaa/share/tramolaa/cmake/export_tramolaa__rosidl_generator_cExport.cmake
-- Up-to-date: /home/efe/Desktop/ros2_ws/install/tramolaa/share/tramolaa/cmake/export_tramolaa__rosidl_generator_cExport-noconfig.cmake
-- Up-to-date: /home/efe/Desktop/ros2_ws/install/tramolaa/share/tramolaa/cmake/export_tramolaa__rosidl_typesupport_fastrtps_cExport.cmake
-- Up-to-date: /home/efe/Desktop/ros2_ws/install/tramolaa/share/tramolaa/cmake/export_tramolaa__rosidl_typesupport_fastrtps_cExport-noconfig.cmake
-- Up-to-date: /home/efe/Desktop/ros2_ws/install/tramolaa/share/tramolaa/cmake/export_tramolaa__rosidl_generator_cppExport.cmake
-- Up-to-date: /home/efe/Desktop/ros2_ws/install/tramolaa/share/tramolaa/cmake/export_tramolaa__rosidl_typesupport_fastrtps_cppExport.cmake
-- Up-to-date: /home/efe/Desktop/ros2_ws/install/tramolaa/share/tramolaa/cmake/export_tramolaa__rosidl_typesupport_fastrtps_cppExport-noconfig.cmake
-- Up-to-date: /home/efe/Desktop/ros2_ws/install/tramolaa/share/tramolaa/cmake/tramolaa__rosidl_typesupport_introspection_cExport.cmake
-- Up-to-date: /home/efe/Desktop/ros2_ws/install/tramolaa/share/tramolaa/cmake/tramolaa__rosidl_typesupport_introspection_cExport-noconfig.cmake
-- Up-to-date: /home/efe/Desktop/ros2_ws/install/tramolaa/share/tramolaa/cmake/tramolaa__rosidl_typesupport_cExport.cmake
-- Up-to-date: /home/efe/Desktop/ros2_ws/install/tramolaa/share/tramolaa/cmake/tramolaa__rosidl_typesupport_cExport-noconfig.cmake
-- Up-to-date: /home/efe/Desktop/ros2_ws/install/tramolaa/share/tramolaa/cmake/tramolaa__rosidl_typesupport_introspection_cppExport.cmake
-- Up-to-date: /home/efe/Desktop/ros2_ws/install/tramolaa/share/tramolaa/cmake/tramolaa__rosidl_typesupport_introspection_cppExport-noconfig.cmake
-- Up-to-date: /home/efe/Desktop/ros2_ws/install/tramolaa/share/tramolaa/cmake/tramolaa__rosidl_typesupport_cppExport.cmake
-- Up-to-date: /home/efe/Desktop/ros2_ws/install/tramolaa/share/tramolaa/cmake/tramolaa__rosidl_typesupport_cppExport-noconfig.cmake
-- Up-to-date: /home/efe/Desktop/ros2_ws/install/tramolaa/share/tramolaa/cmake/export_tramolaa__rosidl_generator_pyExport.cmake
-- Up-to-date: /home/efe/Desktop/ros2_ws/install/tramolaa/share/tramolaa/cmake/export_tramolaa__rosidl_generator_pyExport-noconfig.cmake
-- Up-to-date: /home/efe/Desktop/ros2_ws/install/tramolaa/share/tramolaa/cmake/rosidl_cmake-extras.cmake
-- Up-to-date: /home/efe/Desktop/ros2_ws/install/tramolaa/share/tramolaa/cmake/ament_cmake_export_dependencies-extras.cmake
-- Up-to-date: /home/efe/Desktop/ros2_ws/install/tramolaa/share/tramolaa/cmake/ament_cmake_export_include_directories-extras.cmake
-- Up-to-date: /home/efe/Desktop/ros2_ws/install/tramolaa/share/tramolaa/cmake/ament_cmake_export_libraries-extras.cmake
-- Up-to-date: /home/efe/Desktop/ros2_ws/install/tramolaa/share/tramolaa/cmake/ament_cmake_export_targets-extras.cmake
-- Up-to-date: /home/efe/Desktop/ros2_ws/install/tramolaa/share/tramolaa/cmake/rosidl_cmake_export_typesupport_targets-extras.cmake
-- Up-to-date: /home/efe/Desktop/ros2_ws/install/tramolaa/share/tramolaa/cmake/rosidl_cmake_export_typesupport_libraries-extras.cmake
-- Up-to-date: /home/efe/Desktop/ros2_ws/install/tramolaa/share/tramolaa/cmake/tramolaaConfig.cmake
-- Up-to-date: /home/efe/Desktop/ros2_ws/install/tramolaa/share/tramolaa/cmake/tramolaaConfig-version.cmake
-- Up-to-date: /home/efe/Desktop/ros2_ws/install/tramolaa/share/tramolaa/package.xml
