[1.065s] Invoking command in '/home/efe/Desktop/ros2_ws/src/tramola': PYTHONPATH=/home/efe/Desktop/ros2_ws/build/tramola/prefix_override:/usr/lib/python3/dist-packages/colcon_core/task/python/colcon_distutils_commands:/home/efe/Desktop/ros2_ws/install/tramola/lib/python3.10/site-packages:${PYTHONPATH} /usr/bin/python3 -W ignore:setup.py install is deprecated -W ignore:easy_install command is deprecated setup.py egg_info --egg-base ../../build/tramola build --build-base /home/efe/Desktop/ros2_ws/build/tramola/build install --record /home/efe/Desktop/ros2_ws/build/tramola/install.log --single-version-externally-managed install_data
[1.398s] running egg_info
[1.399s] writing ../../build/tramola/tramola.egg-info/PKG-INFO
[1.399s] writing dependency_links to ../../build/tramola/tramola.egg-info/dependency_links.txt
[1.399s] writing entry points to ../../build/tramola/tramola.egg-info/entry_points.txt
[1.400s] writing requirements to ../../build/tramola/tramola.egg-info/requires.txt
[1.400s] writing top-level names to ../../build/tramola/tramola.egg-info/top_level.txt
[1.402s] reading manifest file '../../build/tramola/tramola.egg-info/SOURCES.txt'
[1.407s] adding license file 'LICENSE'
[1.408s] writing manifest file '../../build/tramola/tramola.egg-info/SOURCES.txt'
[1.408s] running build
[1.409s] running build_py
[1.410s] running install
[1.410s] running install_lib
[1.413s] byte-compiling /home/efe/Desktop/ros2_ws/install/tramola/lib/python3.10/site-packages/tramola/thruster.py to thruster.cpython-310.pyc
[1.415s] running install_data
[1.415s] running install_egg_info
[1.418s] removing '/home/efe/Desktop/ros2_ws/install/tramola/lib/python3.10/site-packages/tramola-0.0.0-py3.10.egg-info' (and everything under it)
[1.419s] Copying ../../build/tramola/tramola.egg-info to /home/efe/Desktop/ros2_ws/install/tramola/lib/python3.10/site-packages/tramola-0.0.0-py3.10.egg-info
[1.420s] running install_scripts
[1.459s] Installing followPath script to /home/efe/Desktop/ros2_ws/install/tramola/lib/tramola
[1.459s] Installing video script to /home/efe/Desktop/ros2_ws/install/tramola/lib/tramola
[1.459s] Installing vision script to /home/efe/Desktop/ros2_ws/install/tramola/lib/tramola
[1.460s] writing list of installed files to '/home/efe/Desktop/ros2_ws/build/tramola/install.log'
[1.554s] Invoked command in '/home/efe/Desktop/ros2_ws/src/tramola' returned '0': PYTHONPATH=/home/efe/Desktop/ros2_ws/build/tramola/prefix_override:/usr/lib/python3/dist-packages/colcon_core/task/python/colcon_distutils_commands:/home/efe/Desktop/ros2_ws/install/tramola/lib/python3.10/site-packages:${PYTHONPATH} /usr/bin/python3 -W ignore:setup.py install is deprecated -W ignore:easy_install command is deprecated setup.py egg_info --egg-base ../../build/tramola build --build-base /home/efe/Desktop/ros2_ws/build/tramola/build install --record /home/efe/Desktop/ros2_ws/build/tramola/install.log --single-version-externally-managed install_data
