[0.523s] Invoking command in '/home/efe/Desktop/ros2_ws/src/tramola': PYTHONPATH=/home/efe/Desktop/ros2_ws/build/tramola/prefix_override:/usr/lib/python3/dist-packages/colcon_core/task/python/colcon_distutils_commands:/home/efe/Desktop/ros2_ws/install/tramola/lib/python3.10/site-packages:${PYTHONPATH} /usr/bin/python3 -W ignore:setup.py install is deprecated -W ignore:easy_install command is deprecated setup.py egg_info --egg-base ../../build/tramola build --build-base /home/efe/Desktop/ros2_ws/build/tramola/build install --record /home/efe/Desktop/ros2_ws/build/tramola/install.log --single-version-externally-managed install_data
[0.716s] running egg_info
[0.717s] writing ../../build/tramola/tramola.egg-info/PKG-INFO
[0.717s] writing dependency_links to ../../build/tramola/tramola.egg-info/dependency_links.txt
[0.717s] writing entry points to ../../build/tramola/tramola.egg-info/entry_points.txt
[0.717s] writing requirements to ../../build/tramola/tramola.egg-info/requires.txt
[0.717s] writing top-level names to ../../build/tramola/tramola.egg-info/top_level.txt
[0.719s] reading manifest file '../../build/tramola/tramola.egg-info/SOURCES.txt'
[0.720s] adding license file 'LICENSE'
[0.720s] writing manifest file '../../build/tramola/tramola.egg-info/SOURCES.txt'
[0.720s] running build
[0.720s] running build_py
[0.720s] copying tramola/vision.py -> /home/efe/Desktop/ros2_ws/build/tramola/build/lib/tramola
[0.721s] running install
[0.721s] running install_lib
[0.722s] copying /home/efe/Desktop/ros2_ws/build/tramola/build/lib/tramola/vision.py -> /home/efe/Desktop/ros2_ws/install/tramola/lib/python3.10/site-packages/tramola
[0.723s] byte-compiling /home/efe/Desktop/ros2_ws/install/tramola/lib/python3.10/site-packages/tramola/vision.py to vision.cpython-310.pyc
[0.723s] running install_data
[0.724s] running install_egg_info
[0.725s] removing '/home/efe/Desktop/ros2_ws/install/tramola/lib/python3.10/site-packages/tramola-0.0.0-py3.10.egg-info' (and everything under it)
[0.725s] Copying ../../build/tramola/tramola.egg-info to /home/efe/Desktop/ros2_ws/install/tramola/lib/python3.10/site-packages/tramola-0.0.0-py3.10.egg-info
[0.726s] running install_scripts
[0.745s] Installing followPath script to /home/efe/Desktop/ros2_ws/install/tramola/lib/tramola
[0.745s] Installing video script to /home/efe/Desktop/ros2_ws/install/tramola/lib/tramola
[0.746s] writing list of installed files to '/home/efe/Desktop/ros2_ws/build/tramola/install.log'
[0.769s] Invoked command in '/home/efe/Desktop/ros2_ws/src/tramola' returned '0': PYTHONPATH=/home/efe/Desktop/ros2_ws/build/tramola/prefix_override:/usr/lib/python3/dist-packages/colcon_core/task/python/colcon_distutils_commands:/home/efe/Desktop/ros2_ws/install/tramola/lib/python3.10/site-packages:${PYTHONPATH} /usr/bin/python3 -W ignore:setup.py install is deprecated -W ignore:easy_install command is deprecated setup.py egg_info --egg-base ../../build/tramola build --build-base /home/efe/Desktop/ros2_ws/build/tramola/build install --record /home/efe/Desktop/ros2_ws/build/tramola/install.log --single-version-externally-managed install_data
