running egg_info
writing ../build/tramola/tramola.egg-info/PKG-INFO
writing dependency_links to ../build/tramola/tramola.egg-info/dependency_links.txt
writing entry points to ../build/tramola/tramola.egg-info/entry_points.txt
writing requirements to ../build/tramola/tramola.egg-info/requires.txt
writing top-level names to ../build/tramola/tramola.egg-info/top_level.txt
reading manifest file '../build/tramola/tramola.egg-info/SOURCES.txt'
adding license file 'LICENSE'
writing manifest file '../build/tramola/tramola.egg-info/SOURCES.txt'
running build
running build_py
running install
running install_lib
running install_data
copying package.xml -> /home/efe/Desktop/ros2_ws/src/install/tramola/share/tramola
running install_egg_info
removing '/home/efe/Desktop/ros2_ws/src/install/tramola/lib/python3.10/site-packages/tramola-0.0.0-py3.10.egg-info' (and everything under it)
Copying ../build/tramola/tramola.egg-info to /home/efe/Desktop/ros2_ws/src/install/tramola/lib/python3.10/site-packages/tramola-0.0.0-py3.10.egg-info
running install_scripts
Installing followPath script to /home/efe/Desktop/ros2_ws/src/install/tramola/lib/tramola
Installing video script to /home/efe/Desktop/ros2_ws/src/install/tramola/lib/tramola
writing list of installed files to '/home/efe/Desktop/ros2_ws/src/build/tramola/install.log'
