[0.500s] Invoking command in '/home/efe/Desktop/ros2_ws/src/tramola': PYTHONPATH=/home/efe/Desktop/ros2_ws/src/build/tramola/prefix_override:/usr/lib/python3/dist-packages/colcon_core/task/python/colcon_distutils_commands:/home/efe/Desktop/ros2_ws/src/install/tramola/lib/python3.10/site-packages:${PYTHONPATH} /usr/bin/python3 -W ignore:setup.py install is deprecated -W ignore:easy_install command is deprecated setup.py egg_info --egg-base ../build/tramola build --build-base /home/efe/Desktop/ros2_ws/src/build/tramola/build install --record /home/efe/Desktop/ros2_ws/src/build/tramola/install.log --single-version-externally-managed install_data
[0.691s] running egg_info
[0.691s] writing ../build/tramola/tramola.egg-info/PKG-INFO
[0.691s] writing dependency_links to ../build/tramola/tramola.egg-info/dependency_links.txt
[0.691s] writing entry points to ../build/tramola/tramola.egg-info/entry_points.txt
[0.691s] writing requirements to ../build/tramola/tramola.egg-info/requires.txt
[0.692s] writing top-level names to ../build/tramola/tramola.egg-info/top_level.txt
[0.693s] reading manifest file '../build/tramola/tramola.egg-info/SOURCES.txt'
[0.693s] adding license file 'LICENSE'
[0.694s] writing manifest file '../build/tramola/tramola.egg-info/SOURCES.txt'
[0.694s] running build
[0.694s] running build_py
[0.694s] running install
[0.695s] running install_lib
[0.696s] running install_data
[0.696s] copying package.xml -> /home/efe/Desktop/ros2_ws/src/install/tramola/share/tramola
[0.696s] running install_egg_info
[0.697s] removing '/home/efe/Desktop/ros2_ws/src/install/tramola/lib/python3.10/site-packages/tramola-0.0.0-py3.10.egg-info' (and everything under it)
[0.698s] Copying ../build/tramola/tramola.egg-info to /home/efe/Desktop/ros2_ws/src/install/tramola/lib/python3.10/site-packages/tramola-0.0.0-py3.10.egg-info
[0.698s] running install_scripts
[0.715s] Installing followPath script to /home/efe/Desktop/ros2_ws/src/install/tramola/lib/tramola
[0.715s] Installing video script to /home/efe/Desktop/ros2_ws/src/install/tramola/lib/tramola
[0.716s] writing list of installed files to '/home/efe/Desktop/ros2_ws/src/build/tramola/install.log'
[0.744s] Invoked command in '/home/efe/Desktop/ros2_ws/src/tramola' returned '0': PYTHONPATH=/home/efe/Desktop/ros2_ws/src/build/tramola/prefix_override:/usr/lib/python3/dist-packages/colcon_core/task/python/colcon_distutils_commands:/home/efe/Desktop/ros2_ws/src/install/tramola/lib/python3.10/site-packages:${PYTHONPATH} /usr/bin/python3 -W ignore:setup.py install is deprecated -W ignore:easy_install command is deprecated setup.py egg_info --egg-base ../build/tramola build --build-base /home/efe/Desktop/ros2_ws/src/build/tramola/build install --record /home/efe/Desktop/ros2_ws/src/build/tramola/install.log --single-version-externally-managed install_data
