[0.524s] Invoking command in '/home/efe/Desktop/ros2_ws/src/tramola': PYTHONPATH=/home/efe/Desktop/ros2_ws/build/tramola/prefix_override:/usr/lib/python3/dist-packages/colcon_core/task/python/colcon_distutils_commands:/home/efe/Desktop/ros2_ws/install/tramola/lib/python3.10/site-packages:${PYTHONPATH} /usr/bin/python3 -W ignore:setup.py install is deprecated -W ignore:easy_install command is deprecated setup.py egg_info --egg-base ../../build/tramola build --build-base /home/efe/Desktop/ros2_ws/build/tramola/build install --record /home/efe/Desktop/ros2_ws/build/tramola/install.log --single-version-externally-managed install_data
[0.714s] running egg_info
[0.715s] writing ../../build/tramola/tramola.egg-info/PKG-INFO
[0.715s] writing dependency_links to ../../build/tramola/tramola.egg-info/dependency_links.txt
[0.715s] writing entry points to ../../build/tramola/tramola.egg-info/entry_points.txt
[0.715s] writing requirements to ../../build/tramola/tramola.egg-info/requires.txt
[0.715s] writing top-level names to ../../build/tramola/tramola.egg-info/top_level.txt
[0.717s] reading manifest file '../../build/tramola/tramola.egg-info/SOURCES.txt'
[0.717s] adding license file 'LICENSE'
[0.718s] writing manifest file '../../build/tramola/tramola.egg-info/SOURCES.txt'
[0.718s] running build
[0.718s] running build_py
[0.718s] running install
[0.718s] running install_lib
[0.719s] byte-compiling /home/efe/Desktop/ros2_ws/install/tramola/lib/python3.10/site-packages/tramola/followPath.py to followPath.cpython-310.pyc
[0.720s] running install_data
[0.720s] running install_egg_info
[0.722s] removing '/home/efe/Desktop/ros2_ws/install/tramola/lib/python3.10/site-packages/tramola-0.0.0-py3.10.egg-info' (and everything under it)
[0.723s] Copying ../../build/tramola/tramola.egg-info to /home/efe/Desktop/ros2_ws/install/tramola/lib/python3.10/site-packages/tramola-0.0.0-py3.10.egg-info
[0.724s] running install_scripts
[0.740s] Installing followPath script to /home/efe/Desktop/ros2_ws/install/tramola/lib/tramola
[0.741s] Installing video script to /home/efe/Desktop/ros2_ws/install/tramola/lib/tramola
[0.741s] Installing vision script to /home/efe/Desktop/ros2_ws/install/tramola/lib/tramola
[0.741s] writing list of installed files to '/home/efe/Desktop/ros2_ws/build/tramola/install.log'
[0.760s] Invoked command in '/home/efe/Desktop/ros2_ws/src/tramola' returned '0': PYTHONPATH=/home/efe/Desktop/ros2_ws/build/tramola/prefix_override:/usr/lib/python3/dist-packages/colcon_core/task/python/colcon_distutils_commands:/home/efe/Desktop/ros2_ws/install/tramola/lib/python3.10/site-packages:${PYTHONPATH} /usr/bin/python3 -W ignore:setup.py install is deprecated -W ignore:easy_install command is deprecated setup.py egg_info --egg-base ../../build/tramola build --build-base /home/efe/Desktop/ros2_ws/build/tramola/build install --record /home/efe/Desktop/ros2_ws/build/tramola/install.log --single-version-externally-managed install_data
