[0.698s] Invoking command in '/home/efe/Desktop/ros2_ws/src/tramola': PYTHONPATH=/home/efe/Desktop/ros2_ws/build/tramola/prefix_override:/usr/lib/python3/dist-packages/colcon_core/task/python/colcon_distutils_commands:/home/efe/Desktop/ros2_ws/install/tramola/lib/python3.10/site-packages:${PYTHONPATH} /usr/bin/python3 -W ignore:setup.py install is deprecated -W ignore:easy_install command is deprecated setup.py egg_info --egg-base ../../build/tramola build --build-base /home/efe/Desktop/ros2_ws/build/tramola/build install --record /home/efe/Desktop/ros2_ws/build/tramola/install.log --single-version-externally-managed install_data
[0.940s] running egg_info
[0.941s] writing ../../build/tramola/tramola.egg-info/PKG-INFO
[0.941s] writing dependency_links to ../../build/tramola/tramola.egg-info/dependency_links.txt
[0.942s] writing entry points to ../../build/tramola/tramola.egg-info/entry_points.txt
[0.942s] writing requirements to ../../build/tramola/tramola.egg-info/requires.txt
[0.942s] writing top-level names to ../../build/tramola/tramola.egg-info/top_level.txt
[0.946s] reading manifest file '../../build/tramola/tramola.egg-info/SOURCES.txt'
[0.949s] adding license file 'LICENSE'
[0.950s] writing manifest file '../../build/tramola/tramola.egg-info/SOURCES.txt'
[0.950s] running build
[0.950s] running build_py
[0.950s] copying tramola/vision.py -> /home/efe/Desktop/ros2_ws/build/tramola/build/lib/tramola
[0.951s] running install
[0.952s] running install_lib
[0.954s] copying /home/efe/Desktop/ros2_ws/build/tramola/build/lib/tramola/vision.py -> /home/efe/Desktop/ros2_ws/install/tramola/lib/python3.10/site-packages/tramola
[0.954s] byte-compiling /home/efe/Desktop/ros2_ws/install/tramola/lib/python3.10/site-packages/tramola/vision.py to vision.cpython-310.pyc
[0.956s] running install_data
[0.957s] running install_egg_info
[0.959s] removing '/home/efe/Desktop/ros2_ws/install/tramola/lib/python3.10/site-packages/tramola-0.0.0-py3.10.egg-info' (and everything under it)
[0.959s] Copying ../../build/tramola/tramola.egg-info to /home/efe/Desktop/ros2_ws/install/tramola/lib/python3.10/site-packages/tramola-0.0.0-py3.10.egg-info
[0.960s] running install_scripts
[0.984s] Installing followPath script to /home/efe/Desktop/ros2_ws/install/tramola/lib/tramola
[0.984s] Installing video script to /home/efe/Desktop/ros2_ws/install/tramola/lib/tramola
[0.985s] writing list of installed files to '/home/efe/Desktop/ros2_ws/build/tramola/install.log'
[1.019s] Invoked command in '/home/efe/Desktop/ros2_ws/src/tramola' returned '0': PYTHONPATH=/home/efe/Desktop/ros2_ws/build/tramola/prefix_override:/usr/lib/python3/dist-packages/colcon_core/task/python/colcon_distutils_commands:/home/efe/Desktop/ros2_ws/install/tramola/lib/python3.10/site-packages:${PYTHONPATH} /usr/bin/python3 -W ignore:setup.py install is deprecated -W ignore:easy_install command is deprecated setup.py egg_info --egg-base ../../build/tramola build --build-base /home/efe/Desktop/ros2_ws/build/tramola/build install --record /home/efe/Desktop/ros2_ws/build/tramola/install.log --single-version-externally-managed install_data
