[1.010s] Invoking command in '/home/efe/Desktop/ros2_ws/src/tramola': PYTHONPATH=/home/efe/Desktop/ros2_ws/build/tramola/prefix_override:/usr/lib/python3/dist-packages/colcon_core/task/python/colcon_distutils_commands:/home/efe/Desktop/ros2_ws/install/tramola/lib/python3.10/site-packages:${PYTHONPATH} /usr/bin/python3 -W ignore:setup.py install is deprecated -W ignore:easy_install command is deprecated setup.py egg_info --egg-base ../../build/tramola build --build-base /home/efe/Desktop/ros2_ws/build/tramola/build install --record /home/efe/Desktop/ros2_ws/build/tramola/install.log --single-version-externally-managed install_data
[1.339s] running egg_info
[1.339s] writing ../../build/tramola/tramola.egg-info/PKG-INFO
[1.340s] writing dependency_links to ../../build/tramola/tramola.egg-info/dependency_links.txt
[1.340s] writing entry points to ../../build/tramola/tramola.egg-info/entry_points.txt
[1.340s] writing requirements to ../../build/tramola/tramola.egg-info/requires.txt
[1.340s] writing top-level names to ../../build/tramola/tramola.egg-info/top_level.txt
[1.342s] reading manifest file '../../build/tramola/tramola.egg-info/SOURCES.txt'
[1.343s] adding license file 'LICENSE'
[1.344s] writing manifest file '../../build/tramola/tramola.egg-info/SOURCES.txt'
[1.344s] running build
[1.344s] running build_py
[1.344s] copying tramola/vision.py -> /home/efe/Desktop/ros2_ws/build/tramola/build/lib/tramola
[1.345s] running install
[1.345s] running install_lib
[1.346s] copying /home/efe/Desktop/ros2_ws/build/tramola/build/lib/tramola/vision.py -> /home/efe/Desktop/ros2_ws/install/tramola/lib/python3.10/site-packages/tramola
[1.347s] byte-compiling /home/efe/Desktop/ros2_ws/install/tramola/lib/python3.10/site-packages/tramola/vision.py to vision.cpython-310.pyc
[1.349s] running install_data
[1.349s] running install_egg_info
[1.352s] removing '/home/efe/Desktop/ros2_ws/install/tramola/lib/python3.10/site-packages/tramola-0.0.0-py3.10.egg-info' (and everything under it)
[1.352s] Copying ../../build/tramola/tramola.egg-info to /home/efe/Desktop/ros2_ws/install/tramola/lib/python3.10/site-packages/tramola-0.0.0-py3.10.egg-info
[1.353s] running install_scripts
[1.389s] Installing followPath script to /home/efe/Desktop/ros2_ws/install/tramola/lib/tramola
[1.389s] Installing video script to /home/efe/Desktop/ros2_ws/install/tramola/lib/tramola
[1.390s] writing list of installed files to '/home/efe/Desktop/ros2_ws/build/tramola/install.log'
[1.487s] Invoked command in '/home/efe/Desktop/ros2_ws/src/tramola' returned '0': PYTHONPATH=/home/efe/Desktop/ros2_ws/build/tramola/prefix_override:/usr/lib/python3/dist-packages/colcon_core/task/python/colcon_distutils_commands:/home/efe/Desktop/ros2_ws/install/tramola/lib/python3.10/site-packages:${PYTHONPATH} /usr/bin/python3 -W ignore:setup.py install is deprecated -W ignore:easy_install command is deprecated setup.py egg_info --egg-base ../../build/tramola build --build-base /home/efe/Desktop/ros2_ws/build/tramola/build install --record /home/efe/Desktop/ros2_ws/build/tramola/install.log --single-version-externally-managed install_data
