[0.575s] Invoking command in '/home/efe/Desktop/ros2_ws/src/tramola': PYTHONPATH=/home/efe/Desktop/ros2_ws/build/tramola/prefix_override:/usr/lib/python3/dist-packages/colcon_core/task/python/colcon_distutils_commands:/home/efe/Desktop/ros2_ws/install/tramola/lib/python3.10/site-packages:${PYTHONPATH} /usr/bin/python3 -W ignore:setup.py install is deprecated -W ignore:easy_install command is deprecated setup.py egg_info --egg-base ../../build/tramola build --build-base /home/efe/Desktop/ros2_ws/build/tramola/build install --record /home/efe/Desktop/ros2_ws/build/tramola/install.log --single-version-externally-managed install_data
[0.777s] running egg_info
[0.777s] writing ../../build/tramola/tramola.egg-info/PKG-INFO
[0.778s] writing dependency_links to ../../build/tramola/tramola.egg-info/dependency_links.txt
[0.778s] writing entry points to ../../build/tramola/tramola.egg-info/entry_points.txt
[0.778s] writing requirements to ../../build/tramola/tramola.egg-info/requires.txt
[0.778s] writing top-level names to ../../build/tramola/tramola.egg-info/top_level.txt
[0.779s] reading manifest file '../../build/tramola/tramola.egg-info/SOURCES.txt'
[0.780s] adding license file 'LICENSE'
[0.781s] writing manifest file '../../build/tramola/tramola.egg-info/SOURCES.txt'
[0.781s] running build
[0.781s] running build_py
[0.781s] running install
[0.781s] running install_lib
[0.783s] running install_data
[0.783s] running install_egg_info
[0.784s] removing '/home/efe/Desktop/ros2_ws/install/tramola/lib/python3.10/site-packages/tramola-0.0.0-py3.10.egg-info' (and everything under it)
[0.784s] Copying ../../build/tramola/tramola.egg-info to /home/efe/Desktop/ros2_ws/install/tramola/lib/python3.10/site-packages/tramola-0.0.0-py3.10.egg-info
[0.785s] running install_scripts
[0.802s] Installing followPath script to /home/efe/Desktop/ros2_ws/install/tramola/lib/tramola
[0.802s] Installing video script to /home/efe/Desktop/ros2_ws/install/tramola/lib/tramola
[0.802s] Installing vision script to /home/efe/Desktop/ros2_ws/install/tramola/lib/tramola
[0.802s] writing list of installed files to '/home/efe/Desktop/ros2_ws/build/tramola/install.log'
[0.832s] Invoked command in '/home/efe/Desktop/ros2_ws/src/tramola' returned '0': PYTHONPATH=/home/efe/Desktop/ros2_ws/build/tramola/prefix_override:/usr/lib/python3/dist-packages/colcon_core/task/python/colcon_distutils_commands:/home/efe/Desktop/ros2_ws/install/tramola/lib/python3.10/site-packages:${PYTHONPATH} /usr/bin/python3 -W ignore:setup.py install is deprecated -W ignore:easy_install command is deprecated setup.py egg_info --egg-base ../../build/tramola build --build-base /home/efe/Desktop/ros2_ws/build/tramola/build install --record /home/efe/Desktop/ros2_ws/build/tramola/install.log --single-version-externally-managed install_data
