[0.220s] Invoking command in '/home/efe/Desktop/ros2_ws/build/tramolaa': CMAKE_PREFIX_PATH=${CMAKE_PREFIX_PATH}:/home/efe/Desktop/ros2_ws/src/install/tramola:/home/efe/Desktop/ros2_ws/install/tramola:/opt/ros/humble /usr/bin/cmake --build /home/efe/Desktop/ros2_ws/build/tramolaa -- -j16 -l16
[0.269s] [  2%] Built target tramolaa__cpp
[0.269s] [ 12%] Built target tramolaa__rosidl_generator_c
[0.279s] [ 12%] Built target ament_cmake_python_copy_tramolaa
[0.290s] [ 23%] Built target tramolaa__rosidl_typesupport_introspection_c
[0.290s] [ 41%] Built target tramolaa__rosidl_typesupport_cpp
[0.290s] [ 43%] Built target tramolaa__rosidl_typesupport_c
[0.290s] [ 53%] Built target tramolaa__rosidl_typesupport_fastrtps_cpp
[0.291s] [ 64%] Built target tramolaa__rosidl_typesupport_introspection_cpp
[0.302s] [ 74%] Built target tramolaa__rosidl_typesupport_fastrtps_c
[0.328s] [ 74%] Built target tramolaa
[0.350s] [ 76%] Built target tramolaa__py
[0.373s] [ 84%] Built target tramolaa__rosidl_generator_py
[0.395s] [100%] Built target tramolaa__rosidl_typesupport_fastrtps_c__pyext
[0.395s] [100%] Built target tramolaa__rosidl_typesupport_introspection_c__pyext
[0.395s] [100%] Built target tramolaa__rosidl_typesupport_c__pyext
[0.493s] running egg_info
[0.494s] writing tramolaa.egg-info/PKG-INFO
[0.494s] writing dependency_links to tramolaa.egg-info/dependency_links.txt
[0.494s] writing top-level names to tramolaa.egg-info/top_level.txt
[0.496s] reading manifest file 'tramolaa.egg-info/SOURCES.txt'
[0.497s] writing manifest file 'tramolaa.egg-info/SOURCES.txt'
[0.540s] [100%] Built target ament_cmake_python_build_tramolaa_egg
[0.552s] Invoked command in '/home/efe/Desktop/ros2_ws/build/tramolaa' returned '0': CMAKE_PREFIX_PATH=${CMAKE_PREFIX_PATH}:/home/efe/Desktop/ros2_ws/src/install/tramola:/home/efe/Desktop/ros2_ws/install/tramola:/opt/ros/humble /usr/bin/cmake --build /home/efe/Desktop/ros2_ws/build/tramolaa -- -j16 -l16
[0.561s] Invoking command in '/home/efe/Desktop/ros2_ws/build/tramolaa': CMAKE_PREFIX_PATH=${CMAKE_PREFIX_PATH}:/home/efe/Desktop/ros2_ws/src/install/tramola:/home/efe/Desktop/ros2_ws/install/tramola:/opt/ros/humble /usr/bin/cmake --install /home/efe/Desktop/ros2_ws/build/tramolaa
[0.568s] -- Install configuration: ""
[0.568s] -- Up-to-date: /home/efe/Desktop/ros2_ws/install/tramolaa/share/ament_index/resource_index/rosidl_interfaces/tramolaa
[0.569s] -- Up-to-date: /home/efe/Desktop/ros2_ws/install/tramolaa/include/tramolaa/tramolaa
[0.569s] -- Up-to-date: /home/efe/Desktop/ros2_ws/install/tramolaa/include/tramolaa/tramolaa/msg
[0.569s] -- Up-to-date: /home/efe/Desktop/ros2_ws/install/tramolaa/include/tramolaa/tramolaa/msg/detection_list.h
[0.569s] -- Up-to-date: /home/efe/Desktop/ros2_ws/install/tramolaa/include/tramolaa/tramolaa/msg/detail
[0.569s] -- Up-to-date: /home/efe/Desktop/ros2_ws/install/tramolaa/include/tramolaa/tramolaa/msg/detail/detection__struct.h
[0.569s] -- Up-to-date: /home/efe/Desktop/ros2_ws/install/tramolaa/include/tramolaa/tramolaa/msg/detail/detection__type_support.h
[0.569s] -- Up-to-date: /home/efe/Desktop/ros2_ws/install/tramolaa/include/tramolaa/tramolaa/msg/detail/detection_list__struct.h
[0.569s] -- Up-to-date: /home/efe/Desktop/ros2_ws/install/tramolaa/include/tramolaa/tramolaa/msg/detail/detection__functions.c
[0.569s] -- Up-to-date: /home/efe/Desktop/ros2_ws/install/tramolaa/include/tramolaa/tramolaa/msg/detail/detection_list__functions.c
[0.569s] -- Up-to-date: /home/efe/Desktop/ros2_ws/install/tramolaa/include/tramolaa/tramolaa/msg/detail/detection__functions.h
[0.569s] -- Up-to-date: /home/efe/Desktop/ros2_ws/install/tramolaa/include/tramolaa/tramolaa/msg/detail/detection_list__functions.h
[0.569s] -- Up-to-date: /home/efe/Desktop/ros2_ws/install/tramolaa/include/tramolaa/tramolaa/msg/detail/detection_list__type_support.h
[0.570s] -- Up-to-date: /home/efe/Desktop/ros2_ws/install/tramolaa/include/tramolaa/tramolaa/msg/detection.h
[0.570s] -- Up-to-date: /home/efe/Desktop/ros2_ws/install/tramolaa/include/tramolaa/tramolaa/msg/rosidl_generator_c__visibility_control.h
[0.570s] -- Up-to-date: /home/efe/Desktop/ros2_ws/install/tramolaa/share/tramolaa/environment/library_path.sh
[0.570s] -- Up-to-date: /home/efe/Desktop/ros2_ws/install/tramolaa/share/tramolaa/environment/library_path.dsv
[0.570s] -- Up-to-date: /home/efe/Desktop/ros2_ws/install/tramolaa/lib/libtramolaa__rosidl_generator_c.so
[0.570s] -- Up-to-date: /home/efe/Desktop/ros2_ws/install/tramolaa/include/tramolaa/tramolaa
[0.570s] -- Up-to-date: /home/efe/Desktop/ros2_ws/install/tramolaa/include/tramolaa/tramolaa/msg
[0.570s] -- Up-to-date: /home/efe/Desktop/ros2_ws/install/tramolaa/include/tramolaa/tramolaa/msg/detail
[0.570s] -- Up-to-date: /home/efe/Desktop/ros2_ws/install/tramolaa/include/tramolaa/tramolaa/msg/detail/detection__rosidl_typesupport_fastrtps_c.h
[0.570s] -- Up-to-date: /home/efe/Desktop/ros2_ws/install/tramolaa/include/tramolaa/tramolaa/msg/detail/detection_list__rosidl_typesupport_fastrtps_c.h
[0.570s] -- Up-to-date: /home/efe/Desktop/ros2_ws/install/tramolaa/include/tramolaa/tramolaa/msg/rosidl_typesupport_fastrtps_c__visibility_control.h
[0.570s] -- Up-to-date: /home/efe/Desktop/ros2_ws/install/tramolaa/lib/libtramolaa__rosidl_typesupport_fastrtps_c.so
[0.570s] -- Up-to-date: /home/efe/Desktop/ros2_ws/install/tramolaa/include/tramolaa/tramolaa
[0.570s] -- Up-to-date: /home/efe/Desktop/ros2_ws/install/tramolaa/include/tramolaa/tramolaa/msg
[0.570s] -- Up-to-date: /home/efe/Desktop/ros2_ws/install/tramolaa/include/tramolaa/tramolaa/msg/detection.hpp
[0.570s] -- Up-to-date: /home/efe/Desktop/ros2_ws/install/tramolaa/include/tramolaa/tramolaa/msg/detection_list.hpp
[0.571s] -- Up-to-date: /home/efe/Desktop/ros2_ws/install/tramolaa/include/tramolaa/tramolaa/msg/detail
[0.571s] -- Up-to-date: /home/efe/Desktop/ros2_ws/install/tramolaa/include/tramolaa/tramolaa/msg/detail/detection_list__type_support.hpp
[0.571s] -- Up-to-date: /home/efe/Desktop/ros2_ws/install/tramolaa/include/tramolaa/tramolaa/msg/detail/detection_list__builder.hpp
[0.571s] -- Up-to-date: /home/efe/Desktop/ros2_ws/install/tramolaa/include/tramolaa/tramolaa/msg/detail/detection__traits.hpp
[0.571s] -- Up-to-date: /home/efe/Desktop/ros2_ws/install/tramolaa/include/tramolaa/tramolaa/msg/detail/detection__struct.hpp
[0.571s] -- Up-to-date: /home/efe/Desktop/ros2_ws/install/tramolaa/include/tramolaa/tramolaa/msg/detail/detection__builder.hpp
[0.571s] -- Up-to-date: /home/efe/Desktop/ros2_ws/install/tramolaa/include/tramolaa/tramolaa/msg/detail/detection_list__traits.hpp
[0.571s] -- Up-to-date: /home/efe/Desktop/ros2_ws/install/tramolaa/include/tramolaa/tramolaa/msg/detail/detection__type_support.hpp
[0.571s] -- Up-to-date: /home/efe/Desktop/ros2_ws/install/tramolaa/include/tramolaa/tramolaa/msg/detail/detection_list__struct.hpp
[0.571s] -- Up-to-date: /home/efe/Desktop/ros2_ws/install/tramolaa/include/tramolaa/tramolaa/msg/rosidl_generator_cpp__visibility_control.hpp
[0.571s] -- Up-to-date: /home/efe/Desktop/ros2_ws/install/tramolaa/include/tramolaa/tramolaa
[0.571s] -- Up-to-date: /home/efe/Desktop/ros2_ws/install/tramolaa/include/tramolaa/tramolaa/msg
[0.571s] -- Up-to-date: /home/efe/Desktop/ros2_ws/install/tramolaa/include/tramolaa/tramolaa/msg/detail
[0.571s] -- Up-to-date: /home/efe/Desktop/ros2_ws/install/tramolaa/include/tramolaa/tramolaa/msg/detail/detection__rosidl_typesupport_fastrtps_cpp.hpp
[0.571s] -- Up-to-date: /home/efe/Desktop/ros2_ws/install/tramolaa/include/tramolaa/tramolaa/msg/detail/dds_fastrtps
[0.571s] -- Up-to-date: /home/efe/Desktop/ros2_ws/install/tramolaa/include/tramolaa/tramolaa/msg/detail/detection_list__rosidl_typesupport_fastrtps_cpp.hpp
[0.571s] -- Up-to-date: /home/efe/Desktop/ros2_ws/install/tramolaa/include/tramolaa/tramolaa/msg/rosidl_typesupport_fastrtps_cpp__visibility_control.h
[0.572s] -- Up-to-date: /home/efe/Desktop/ros2_ws/install/tramolaa/lib/libtramolaa__rosidl_typesupport_fastrtps_cpp.so
[0.572s] -- Up-to-date: /home/efe/Desktop/ros2_ws/install/tramolaa/include/tramolaa/tramolaa
[0.572s] -- Up-to-date: /home/efe/Desktop/ros2_ws/install/tramolaa/include/tramolaa/tramolaa/msg
[0.572s] -- Up-to-date: /home/efe/Desktop/ros2_ws/install/tramolaa/include/tramolaa/tramolaa/msg/detail
[0.572s] -- Up-to-date: /home/efe/Desktop/ros2_ws/install/tramolaa/include/tramolaa/tramolaa/msg/detail/detection__rosidl_typesupport_introspection_c.h
[0.572s] -- Up-to-date: /home/efe/Desktop/ros2_ws/install/tramolaa/include/tramolaa/tramolaa/msg/detail/detection__type_support.c
[0.572s] -- Up-to-date: /home/efe/Desktop/ros2_ws/install/tramolaa/include/tramolaa/tramolaa/msg/detail/detection_list__rosidl_typesupport_introspection_c.h
[0.572s] -- Up-to-date: /home/efe/Desktop/ros2_ws/install/tramolaa/include/tramolaa/tramolaa/msg/detail/detection_list__type_support.c
[0.572s] -- Up-to-date: /home/efe/Desktop/ros2_ws/install/tramolaa/include/tramolaa/tramolaa/msg/rosidl_typesupport_introspection_c__visibility_control.h
[0.572s] -- Up-to-date: /home/efe/Desktop/ros2_ws/install/tramolaa/lib/libtramolaa__rosidl_typesupport_introspection_c.so
[0.572s] -- Up-to-date: /home/efe/Desktop/ros2_ws/install/tramolaa/lib/libtramolaa__rosidl_typesupport_c.so
[0.572s] -- Up-to-date: /home/efe/Desktop/ros2_ws/install/tramolaa/include/tramolaa/tramolaa
[0.572s] -- Up-to-date: /home/efe/Desktop/ros2_ws/install/tramolaa/include/tramolaa/tramolaa/msg
[0.572s] -- Up-to-date: /home/efe/Desktop/ros2_ws/install/tramolaa/include/tramolaa/tramolaa/msg/detail
[0.572s] -- Up-to-date: /home/efe/Desktop/ros2_ws/install/tramolaa/include/tramolaa/tramolaa/msg/detail/detection__rosidl_typesupport_introspection_cpp.hpp
[0.572s] -- Up-to-date: /home/efe/Desktop/ros2_ws/install/tramolaa/include/tramolaa/tramolaa/msg/detail/detection__type_support.cpp
[0.572s] -- Up-to-date: /home/efe/Desktop/ros2_ws/install/tramolaa/include/tramolaa/tramolaa/msg/detail/detection_list__type_support.cpp
[0.572s] -- Up-to-date: /home/efe/Desktop/ros2_ws/install/tramolaa/include/tramolaa/tramolaa/msg/detail/detection_list__rosidl_typesupport_introspection_cpp.hpp
[0.573s] -- Up-to-date: /home/efe/Desktop/ros2_ws/install/tramolaa/lib/libtramolaa__rosidl_typesupport_introspection_cpp.so
[0.573s] -- Up-to-date: /home/efe/Desktop/ros2_ws/install/tramolaa/lib/libtramolaa__rosidl_typesupport_cpp.so
[0.573s] -- Up-to-date: /home/efe/Desktop/ros2_ws/install/tramolaa/share/tramolaa/environment/pythonpath.sh
[0.573s] -- Up-to-date: /home/efe/Desktop/ros2_ws/install/tramolaa/share/tramolaa/environment/pythonpath.dsv
[0.573s] -- Up-to-date: /home/efe/Desktop/ros2_ws/install/tramolaa/local/lib/python3.10/dist-packages/tramolaa-0.0.0-py3.10.egg-info
[0.573s] -- Installing: /home/efe/Desktop/ros2_ws/install/tramolaa/local/lib/python3.10/dist-packages/tramolaa-0.0.0-py3.10.egg-info/PKG-INFO
[0.573s] -- Installing: /home/efe/Desktop/ros2_ws/install/tramolaa/local/lib/python3.10/dist-packages/tramolaa-0.0.0-py3.10.egg-info/dependency_links.txt
[0.573s] -- Installing: /home/efe/Desktop/ros2_ws/install/tramolaa/local/lib/python3.10/dist-packages/tramolaa-0.0.0-py3.10.egg-info/top_level.txt
[0.574s] -- Installing: /home/efe/Desktop/ros2_ws/install/tramolaa/local/lib/python3.10/dist-packages/tramolaa-0.0.0-py3.10.egg-info/SOURCES.txt
[0.574s] -- Up-to-date: /home/efe/Desktop/ros2_ws/install/tramolaa/local/lib/python3.10/dist-packages/tramolaa
[0.574s] -- Up-to-date: /home/efe/Desktop/ros2_ws/install/tramolaa/local/lib/python3.10/dist-packages/tramolaa/_tramolaa_s.ep.rosidl_typesupport_fastrtps_c.c
[0.574s] -- Up-to-date: /home/efe/Desktop/ros2_ws/install/tramolaa/local/lib/python3.10/dist-packages/tramolaa/_tramolaa_s.ep.rosidl_typesupport_c.c
[0.574s] -- Up-to-date: /home/efe/Desktop/ros2_ws/install/tramolaa/local/lib/python3.10/dist-packages/tramolaa/msg
[0.574s] -- Up-to-date: /home/efe/Desktop/ros2_ws/install/tramolaa/local/lib/python3.10/dist-packages/tramolaa/msg/_detection.py
[0.574s] -- Up-to-date: /home/efe/Desktop/ros2_ws/install/tramolaa/local/lib/python3.10/dist-packages/tramolaa/msg/_detection_list_s.c
[0.574s] -- Up-to-date: /home/efe/Desktop/ros2_ws/install/tramolaa/local/lib/python3.10/dist-packages/tramolaa/msg/_detection_list.py
[0.574s] -- Up-to-date: /home/efe/Desktop/ros2_ws/install/tramolaa/local/lib/python3.10/dist-packages/tramolaa/msg/__init__.py
[0.574s] -- Up-to-date: /home/efe/Desktop/ros2_ws/install/tramolaa/local/lib/python3.10/dist-packages/tramolaa/msg/_detection_s.c
[0.574s] -- Up-to-date: /home/efe/Desktop/ros2_ws/install/tramolaa/local/lib/python3.10/dist-packages/tramolaa/tramolaa_s__rosidl_typesupport_introspection_c.cpython-310-x86_64-linux-gnu.so
[0.575s] -- Up-to-date: /home/efe/Desktop/ros2_ws/install/tramolaa/local/lib/python3.10/dist-packages/tramolaa/__init__.py
[0.575s] -- Up-to-date: /home/efe/Desktop/ros2_ws/install/tramolaa/local/lib/python3.10/dist-packages/tramolaa/libtramolaa__rosidl_generator_py.so
[0.575s] -- Up-to-date: /home/efe/Desktop/ros2_ws/install/tramolaa/local/lib/python3.10/dist-packages/tramolaa/tramolaa_s__rosidl_typesupport_c.cpython-310-x86_64-linux-gnu.so
[0.575s] -- Up-to-date: /home/efe/Desktop/ros2_ws/install/tramolaa/local/lib/python3.10/dist-packages/tramolaa/_tramolaa_s.ep.rosidl_typesupport_introspection_c.c
[0.575s] -- Up-to-date: /home/efe/Desktop/ros2_ws/install/tramolaa/local/lib/python3.10/dist-packages/tramolaa/tramolaa_s__rosidl_typesupport_fastrtps_c.cpython-310-x86_64-linux-gnu.so
[0.602s] Listing '/home/efe/Desktop/ros2_ws/install/tramolaa/local/lib/python3.10/dist-packages/tramolaa'...
[0.602s] Listing '/home/efe/Desktop/ros2_ws/install/tramolaa/local/lib/python3.10/dist-packages/tramolaa/msg'...
[0.605s] -- Up-to-date: /home/efe/Desktop/ros2_ws/install/tramolaa/local/lib/python3.10/dist-packages/tramolaa/tramolaa_s__rosidl_typesupport_fastrtps_c.cpython-310-x86_64-linux-gnu.so
[0.606s] -- Up-to-date: /home/efe/Desktop/ros2_ws/install/tramolaa/local/lib/python3.10/dist-packages/tramolaa/tramolaa_s__rosidl_typesupport_introspection_c.cpython-310-x86_64-linux-gnu.so
[0.606s] -- Up-to-date: /home/efe/Desktop/ros2_ws/install/tramolaa/local/lib/python3.10/dist-packages/tramolaa/tramolaa_s__rosidl_typesupport_c.cpython-310-x86_64-linux-gnu.so
[0.606s] -- Up-to-date: /home/efe/Desktop/ros2_ws/install/tramolaa/lib/libtramolaa__rosidl_generator_py.so
[0.607s] -- Up-to-date: /home/efe/Desktop/ros2_ws/install/tramolaa/share/tramolaa/msg/Detection.idl
[0.607s] -- Up-to-date: /home/efe/Desktop/ros2_ws/install/tramolaa/share/tramolaa/msg/DetectionList.idl
[0.607s] -- Up-to-date: /home/efe/Desktop/ros2_ws/install/tramolaa/share/tramolaa/msg/Detection.msg
[0.607s] -- Up-to-date: /home/efe/Desktop/ros2_ws/install/tramolaa/share/tramolaa/msg/DetectionList.msg
[0.607s] -- Up-to-date: /home/efe/Desktop/ros2_ws/install/tramolaa/share/ament_index/resource_index/package_run_dependencies/tramolaa
[0.607s] -- Up-to-date: /home/efe/Desktop/ros2_ws/install/tramolaa/share/ament_index/resource_index/parent_prefix_path/tramolaa
[0.607s] -- Up-to-date: /home/efe/Desktop/ros2_ws/install/tramolaa/share/tramolaa/environment/ament_prefix_path.sh
[0.607s] -- Up-to-date: /home/efe/Desktop/ros2_ws/install/tramolaa/share/tramolaa/environment/ament_prefix_path.dsv
[0.607s] -- Up-to-date: /home/efe/Desktop/ros2_ws/install/tramolaa/share/tramolaa/environment/path.sh
[0.607s] -- Up-to-date: /home/efe/Desktop/ros2_ws/install/tramolaa/share/tramolaa/environment/path.dsv
[0.607s] -- Up-to-date: /home/efe/Desktop/ros2_ws/install/tramolaa/share/tramolaa/local_setup.bash
[0.607s] -- Up-to-date: /home/efe/Desktop/ros2_ws/install/tramolaa/share/tramolaa/local_setup.sh
[0.608s] -- Up-to-date: /home/efe/Desktop/ros2_ws/install/tramolaa/share/tramolaa/local_setup.zsh
[0.608s] -- Up-to-date: /home/efe/Desktop/ros2_ws/install/tramolaa/share/tramolaa/local_setup.dsv
[0.608s] -- Installing: /home/efe/Desktop/ros2_ws/install/tramolaa/share/tramolaa/package.dsv
[0.608s] -- Up-to-date: /home/efe/Desktop/ros2_ws/install/tramolaa/share/ament_index/resource_index/packages/tramolaa
[0.608s] -- Up-to-date: /home/efe/Desktop/ros2_ws/install/tramolaa/share/tramolaa/cmake/export_tramolaa__rosidl_generator_cExport.cmake
[0.608s] -- Up-to-date: /home/efe/Desktop/ros2_ws/install/tramolaa/share/tramolaa/cmake/export_tramolaa__rosidl_generator_cExport-noconfig.cmake
[0.608s] -- Up-to-date: /home/efe/Desktop/ros2_ws/install/tramolaa/share/tramolaa/cmake/export_tramolaa__rosidl_typesupport_fastrtps_cExport.cmake
[0.608s] -- Up-to-date: /home/efe/Desktop/ros2_ws/install/tramolaa/share/tramolaa/cmake/export_tramolaa__rosidl_typesupport_fastrtps_cExport-noconfig.cmake
[0.609s] -- Up-to-date: /home/efe/Desktop/ros2_ws/install/tramolaa/share/tramolaa/cmake/export_tramolaa__rosidl_generator_cppExport.cmake
[0.609s] -- Up-to-date: /home/efe/Desktop/ros2_ws/install/tramolaa/share/tramolaa/cmake/export_tramolaa__rosidl_typesupport_fastrtps_cppExport.cmake
[0.609s] -- Up-to-date: /home/efe/Desktop/ros2_ws/install/tramolaa/share/tramolaa/cmake/export_tramolaa__rosidl_typesupport_fastrtps_cppExport-noconfig.cmake
[0.609s] -- Up-to-date: /home/efe/Desktop/ros2_ws/install/tramolaa/share/tramolaa/cmake/tramolaa__rosidl_typesupport_introspection_cExport.cmake
[0.609s] -- Up-to-date: /home/efe/Desktop/ros2_ws/install/tramolaa/share/tramolaa/cmake/tramolaa__rosidl_typesupport_introspection_cExport-noconfig.cmake
[0.609s] -- Up-to-date: /home/efe/Desktop/ros2_ws/install/tramolaa/share/tramolaa/cmake/tramolaa__rosidl_typesupport_cExport.cmake
[0.609s] -- Up-to-date: /home/efe/Desktop/ros2_ws/install/tramolaa/share/tramolaa/cmake/tramolaa__rosidl_typesupport_cExport-noconfig.cmake
[0.609s] -- Up-to-date: /home/efe/Desktop/ros2_ws/install/tramolaa/share/tramolaa/cmake/tramolaa__rosidl_typesupport_introspection_cppExport.cmake
[0.609s] -- Up-to-date: /home/efe/Desktop/ros2_ws/install/tramolaa/share/tramolaa/cmake/tramolaa__rosidl_typesupport_introspection_cppExport-noconfig.cmake
[0.609s] -- Up-to-date: /home/efe/Desktop/ros2_ws/install/tramolaa/share/tramolaa/cmake/tramolaa__rosidl_typesupport_cppExport.cmake
[0.609s] -- Up-to-date: /home/efe/Desktop/ros2_ws/install/tramolaa/share/tramolaa/cmake/tramolaa__rosidl_typesupport_cppExport-noconfig.cmake
[0.609s] -- Up-to-date: /home/efe/Desktop/ros2_ws/install/tramolaa/share/tramolaa/cmake/export_tramolaa__rosidl_generator_pyExport.cmake
[0.609s] -- Up-to-date: /home/efe/Desktop/ros2_ws/install/tramolaa/share/tramolaa/cmake/export_tramolaa__rosidl_generator_pyExport-noconfig.cmake
[0.609s] -- Up-to-date: /home/efe/Desktop/ros2_ws/install/tramolaa/share/tramolaa/cmake/rosidl_cmake-extras.cmake
[0.610s] -- Up-to-date: /home/efe/Desktop/ros2_ws/install/tramolaa/share/tramolaa/cmake/ament_cmake_export_dependencies-extras.cmake
[0.610s] -- Up-to-date: /home/efe/Desktop/ros2_ws/install/tramolaa/share/tramolaa/cmake/ament_cmake_export_include_directories-extras.cmake
[0.610s] -- Up-to-date: /home/efe/Desktop/ros2_ws/install/tramolaa/share/tramolaa/cmake/ament_cmake_export_libraries-extras.cmake
[0.610s] -- Up-to-date: /home/efe/Desktop/ros2_ws/install/tramolaa/share/tramolaa/cmake/ament_cmake_export_targets-extras.cmake
[0.610s] -- Up-to-date: /home/efe/Desktop/ros2_ws/install/tramolaa/share/tramolaa/cmake/rosidl_cmake_export_typesupport_targets-extras.cmake
[0.610s] -- Up-to-date: /home/efe/Desktop/ros2_ws/install/tramolaa/share/tramolaa/cmake/rosidl_cmake_export_typesupport_libraries-extras.cmake
[0.610s] -- Up-to-date: /home/efe/Desktop/ros2_ws/install/tramolaa/share/tramolaa/cmake/tramolaaConfig.cmake
[0.610s] -- Up-to-date: /home/efe/Desktop/ros2_ws/install/tramolaa/share/tramolaa/cmake/tramolaaConfig-version.cmake
[0.610s] -- Up-to-date: /home/efe/Desktop/ros2_ws/install/tramolaa/share/tramolaa/package.xml
[0.612s] Invoked command in '/home/efe/Desktop/ros2_ws/build/tramolaa' returned '0': CMAKE_PREFIX_PATH=${CMAKE_PREFIX_PATH}:/home/efe/Desktop/ros2_ws/src/install/tramola:/home/efe/Desktop/ros2_ws/install/tramola:/opt/ros/humble /usr/bin/cmake --install /home/efe/Desktop/ros2_ws/build/tramolaa
