[0.212s] Invoking command in '/home/efe/Desktop/ros2_ws/build/tramolaa': CMAKE_PREFIX_PATH=${CMAKE_PREFIX_PATH}:/home/efe/Desktop/ros2_ws/install/tramola:/opt/ros/humble /usr/bin/cmake --build /home/efe/Desktop/ros2_ws/build/tramolaa -- -j16 -l16
[0.263s] [  2%] Built target tramolaa__cpp
[0.264s] [ 12%] Built target tramolaa__rosidl_generator_c
[0.273s] [ 12%] Built target ament_cmake_python_copy_tramolaa
[0.284s] [ 23%] Built target tramolaa__rosidl_typesupport_cpp
[0.284s] [ 35%] Built target tramolaa__rosidl_typesupport_fastrtps_cpp
[0.284s] [ 43%] Built target tramolaa__rosidl_typesupport_introspection_cpp
[0.295s] [ 74%] Built target tramolaa__rosidl_typesupport_c
[0.295s] [ 74%] Built target tramolaa__rosidl_typesupport_fastrtps_c
[0.295s] [ 74%] Built target tramolaa__rosidl_typesupport_introspection_c
[0.318s] [ 74%] Built target tramolaa
[0.341s] [ 76%] Built target tramolaa__py
[0.363s] [ 84%] Built target tramolaa__rosidl_generator_py
[0.385s] [100%] Built target tramolaa__rosidl_typesupport_c__pyext
[0.386s] [100%] Built target tramolaa__rosidl_typesupport_fastrtps_c__pyext
[0.386s] [100%] Built target tramolaa__rosidl_typesupport_introspection_c__pyext
[0.480s] running egg_info
[0.481s] writing tramolaa.egg-info/PKG-INFO
[0.481s] writing dependency_links to tramolaa.egg-info/dependency_links.txt
[0.482s] writing top-level names to tramolaa.egg-info/top_level.txt
[0.484s] reading manifest file 'tramolaa.egg-info/SOURCES.txt'
[0.484s] writing manifest file 'tramolaa.egg-info/SOURCES.txt'
[0.521s] [100%] Built target ament_cmake_python_build_tramolaa_egg
[0.535s] Invoked command in '/home/efe/Desktop/ros2_ws/build/tramolaa' returned '0': CMAKE_PREFIX_PATH=${CMAKE_PREFIX_PATH}:/home/efe/Desktop/ros2_ws/install/tramola:/opt/ros/humble /usr/bin/cmake --build /home/efe/Desktop/ros2_ws/build/tramolaa -- -j16 -l16
[0.546s] Invoking command in '/home/efe/Desktop/ros2_ws/build/tramolaa': CMAKE_PREFIX_PATH=${CMAKE_PREFIX_PATH}:/home/efe/Desktop/ros2_ws/install/tramola:/opt/ros/humble /usr/bin/cmake --install /home/efe/Desktop/ros2_ws/build/tramolaa
[0.553s] -- Install configuration: ""
[0.553s] -- Up-to-date: /home/efe/Desktop/ros2_ws/install/tramolaa/share/ament_index/resource_index/rosidl_interfaces/tramolaa
[0.553s] -- Up-to-date: /home/efe/Desktop/ros2_ws/install/tramolaa/include/tramolaa/tramolaa
[0.553s] -- Up-to-date: /home/efe/Desktop/ros2_ws/install/tramolaa/include/tramolaa/tramolaa/msg
[0.553s] -- Up-to-date: /home/efe/Desktop/ros2_ws/install/tramolaa/include/tramolaa/tramolaa/msg/detection_list.h
[0.553s] -- Up-to-date: /home/efe/Desktop/ros2_ws/install/tramolaa/include/tramolaa/tramolaa/msg/detail
[0.553s] -- Up-to-date: /home/efe/Desktop/ros2_ws/install/tramolaa/include/tramolaa/tramolaa/msg/detail/detection__struct.h
[0.553s] -- Up-to-date: /home/efe/Desktop/ros2_ws/install/tramolaa/include/tramolaa/tramolaa/msg/detail/detection__type_support.h
[0.553s] -- Up-to-date: /home/efe/Desktop/ros2_ws/install/tramolaa/include/tramolaa/tramolaa/msg/detail/detection_list__struct.h
[0.553s] -- Up-to-date: /home/efe/Desktop/ros2_ws/install/tramolaa/include/tramolaa/tramolaa/msg/detail/detection__functions.c
[0.554s] -- Up-to-date: /home/efe/Desktop/ros2_ws/install/tramolaa/include/tramolaa/tramolaa/msg/detail/detection_list__functions.c
[0.554s] -- Up-to-date: /home/efe/Desktop/ros2_ws/install/tramolaa/include/tramolaa/tramolaa/msg/detail/detection__functions.h
[0.554s] -- Up-to-date: /home/efe/Desktop/ros2_ws/install/tramolaa/include/tramolaa/tramolaa/msg/detail/detection_list__functions.h
[0.554s] -- Up-to-date: /home/efe/Desktop/ros2_ws/install/tramolaa/include/tramolaa/tramolaa/msg/detail/detection_list__type_support.h
[0.554s] -- Up-to-date: /home/efe/Desktop/ros2_ws/install/tramolaa/include/tramolaa/tramolaa/msg/detection.h
[0.554s] -- Up-to-date: /home/efe/Desktop/ros2_ws/install/tramolaa/include/tramolaa/tramolaa/msg/rosidl_generator_c__visibility_control.h
[0.554s] -- Up-to-date: /home/efe/Desktop/ros2_ws/install/tramolaa/share/tramolaa/environment/library_path.sh
[0.554s] -- Up-to-date: /home/efe/Desktop/ros2_ws/install/tramolaa/share/tramolaa/environment/library_path.dsv
[0.554s] -- Up-to-date: /home/efe/Desktop/ros2_ws/install/tramolaa/lib/libtramolaa__rosidl_generator_c.so
[0.554s] -- Up-to-date: /home/efe/Desktop/ros2_ws/install/tramolaa/include/tramolaa/tramolaa
[0.554s] -- Up-to-date: /home/efe/Desktop/ros2_ws/install/tramolaa/include/tramolaa/tramolaa/msg
[0.554s] -- Up-to-date: /home/efe/Desktop/ros2_ws/install/tramolaa/include/tramolaa/tramolaa/msg/detail
[0.554s] -- Up-to-date: /home/efe/Desktop/ros2_ws/install/tramolaa/include/tramolaa/tramolaa/msg/detail/detection__rosidl_typesupport_fastrtps_c.h
[0.555s] -- Up-to-date: /home/efe/Desktop/ros2_ws/install/tramolaa/include/tramolaa/tramolaa/msg/detail/detection_list__rosidl_typesupport_fastrtps_c.h
[0.555s] -- Up-to-date: /home/efe/Desktop/ros2_ws/install/tramolaa/include/tramolaa/tramolaa/msg/rosidl_typesupport_fastrtps_c__visibility_control.h
[0.555s] -- Up-to-date: /home/efe/Desktop/ros2_ws/install/tramolaa/lib/libtramolaa__rosidl_typesupport_fastrtps_c.so
[0.555s] -- Up-to-date: /home/efe/Desktop/ros2_ws/install/tramolaa/include/tramolaa/tramolaa
[0.555s] -- Up-to-date: /home/efe/Desktop/ros2_ws/install/tramolaa/include/tramolaa/tramolaa/msg
[0.555s] -- Up-to-date: /home/efe/Desktop/ros2_ws/install/tramolaa/include/tramolaa/tramolaa/msg/detection.hpp
[0.555s] -- Up-to-date: /home/efe/Desktop/ros2_ws/install/tramolaa/include/tramolaa/tramolaa/msg/detection_list.hpp
[0.555s] -- Up-to-date: /home/efe/Desktop/ros2_ws/install/tramolaa/include/tramolaa/tramolaa/msg/detail
[0.556s] -- Up-to-date: /home/efe/Desktop/ros2_ws/install/tramolaa/include/tramolaa/tramolaa/msg/detail/detection_list__type_support.hpp
[0.556s] -- Up-to-date: /home/efe/Desktop/ros2_ws/install/tramolaa/include/tramolaa/tramolaa/msg/detail/detection_list__builder.hpp
[0.556s] -- Up-to-date: /home/efe/Desktop/ros2_ws/install/tramolaa/include/tramolaa/tramolaa/msg/detail/detection__traits.hpp
[0.556s] -- Up-to-date: /home/efe/Desktop/ros2_ws/install/tramolaa/include/tramolaa/tramolaa/msg/detail/detection__struct.hpp
[0.556s] -- Up-to-date: /home/efe/Desktop/ros2_ws/install/tramolaa/include/tramolaa/tramolaa/msg/detail/detection__builder.hpp
[0.556s] -- Up-to-date: /home/efe/Desktop/ros2_ws/install/tramolaa/include/tramolaa/tramolaa/msg/detail/detection_list__traits.hpp
[0.556s] -- Up-to-date: /home/efe/Desktop/ros2_ws/install/tramolaa/include/tramolaa/tramolaa/msg/detail/detection__type_support.hpp
[0.556s] -- Up-to-date: /home/efe/Desktop/ros2_ws/install/tramolaa/include/tramolaa/tramolaa/msg/detail/detection_list__struct.hpp
[0.556s] -- Up-to-date: /home/efe/Desktop/ros2_ws/install/tramolaa/include/tramolaa/tramolaa/msg/rosidl_generator_cpp__visibility_control.hpp
[0.556s] -- Up-to-date: /home/efe/Desktop/ros2_ws/install/tramolaa/include/tramolaa/tramolaa
[0.556s] -- Up-to-date: /home/efe/Desktop/ros2_ws/install/tramolaa/include/tramolaa/tramolaa/msg
[0.556s] -- Up-to-date: /home/efe/Desktop/ros2_ws/install/tramolaa/include/tramolaa/tramolaa/msg/detail
[0.557s] -- Up-to-date: /home/efe/Desktop/ros2_ws/install/tramolaa/include/tramolaa/tramolaa/msg/detail/detection__rosidl_typesupport_fastrtps_cpp.hpp
[0.557s] -- Up-to-date: /home/efe/Desktop/ros2_ws/install/tramolaa/include/tramolaa/tramolaa/msg/detail/dds_fastrtps
[0.557s] -- Up-to-date: /home/efe/Desktop/ros2_ws/install/tramolaa/include/tramolaa/tramolaa/msg/detail/detection_list__rosidl_typesupport_fastrtps_cpp.hpp
[0.557s] -- Up-to-date: /home/efe/Desktop/ros2_ws/install/tramolaa/include/tramolaa/tramolaa/msg/rosidl_typesupport_fastrtps_cpp__visibility_control.h
[0.557s] -- Up-to-date: /home/efe/Desktop/ros2_ws/install/tramolaa/lib/libtramolaa__rosidl_typesupport_fastrtps_cpp.so
[0.557s] -- Up-to-date: /home/efe/Desktop/ros2_ws/install/tramolaa/include/tramolaa/tramolaa
[0.557s] -- Up-to-date: /home/efe/Desktop/ros2_ws/install/tramolaa/include/tramolaa/tramolaa/msg
[0.557s] -- Up-to-date: /home/efe/Desktop/ros2_ws/install/tramolaa/include/tramolaa/tramolaa/msg/detail
[0.557s] -- Up-to-date: /home/efe/Desktop/ros2_ws/install/tramolaa/include/tramolaa/tramolaa/msg/detail/detection__rosidl_typesupport_introspection_c.h
[0.557s] -- Up-to-date: /home/efe/Desktop/ros2_ws/install/tramolaa/include/tramolaa/tramolaa/msg/detail/detection__type_support.c
[0.557s] -- Up-to-date: /home/efe/Desktop/ros2_ws/install/tramolaa/include/tramolaa/tramolaa/msg/detail/detection_list__rosidl_typesupport_introspection_c.h
[0.557s] -- Up-to-date: /home/efe/Desktop/ros2_ws/install/tramolaa/include/tramolaa/tramolaa/msg/detail/detection_list__type_support.c
[0.557s] -- Up-to-date: /home/efe/Desktop/ros2_ws/install/tramolaa/include/tramolaa/tramolaa/msg/rosidl_typesupport_introspection_c__visibility_control.h
[0.557s] -- Up-to-date: /home/efe/Desktop/ros2_ws/install/tramolaa/lib/libtramolaa__rosidl_typesupport_introspection_c.so
[0.558s] -- Up-to-date: /home/efe/Desktop/ros2_ws/install/tramolaa/lib/libtramolaa__rosidl_typesupport_c.so
[0.558s] -- Up-to-date: /home/efe/Desktop/ros2_ws/install/tramolaa/include/tramolaa/tramolaa
[0.558s] -- Up-to-date: /home/efe/Desktop/ros2_ws/install/tramolaa/include/tramolaa/tramolaa/msg
[0.558s] -- Up-to-date: /home/efe/Desktop/ros2_ws/install/tramolaa/include/tramolaa/tramolaa/msg/detail
[0.558s] -- Up-to-date: /home/efe/Desktop/ros2_ws/install/tramolaa/include/tramolaa/tramolaa/msg/detail/detection__rosidl_typesupport_introspection_cpp.hpp
[0.558s] -- Up-to-date: /home/efe/Desktop/ros2_ws/install/tramolaa/include/tramolaa/tramolaa/msg/detail/detection__type_support.cpp
[0.558s] -- Up-to-date: /home/efe/Desktop/ros2_ws/install/tramolaa/include/tramolaa/tramolaa/msg/detail/detection_list__type_support.cpp
[0.558s] -- Up-to-date: /home/efe/Desktop/ros2_ws/install/tramolaa/include/tramolaa/tramolaa/msg/detail/detection_list__rosidl_typesupport_introspection_cpp.hpp
[0.558s] -- Up-to-date: /home/efe/Desktop/ros2_ws/install/tramolaa/lib/libtramolaa__rosidl_typesupport_introspection_cpp.so
[0.558s] -- Up-to-date: /home/efe/Desktop/ros2_ws/install/tramolaa/lib/libtramolaa__rosidl_typesupport_cpp.so
[0.558s] -- Up-to-date: /home/efe/Desktop/ros2_ws/install/tramolaa/share/tramolaa/environment/pythonpath.sh
[0.558s] -- Up-to-date: /home/efe/Desktop/ros2_ws/install/tramolaa/share/tramolaa/environment/pythonpath.dsv
[0.558s] -- Up-to-date: /home/efe/Desktop/ros2_ws/install/tramolaa/local/lib/python3.10/dist-packages/tramolaa-0.0.0-py3.10.egg-info
[0.558s] -- Installing: /home/efe/Desktop/ros2_ws/install/tramolaa/local/lib/python3.10/dist-packages/tramolaa-0.0.0-py3.10.egg-info/PKG-INFO
[0.559s] -- Installing: /home/efe/Desktop/ros2_ws/install/tramolaa/local/lib/python3.10/dist-packages/tramolaa-0.0.0-py3.10.egg-info/dependency_links.txt
[0.559s] -- Installing: /home/efe/Desktop/ros2_ws/install/tramolaa/local/lib/python3.10/dist-packages/tramolaa-0.0.0-py3.10.egg-info/top_level.txt
[0.559s] -- Installing: /home/efe/Desktop/ros2_ws/install/tramolaa/local/lib/python3.10/dist-packages/tramolaa-0.0.0-py3.10.egg-info/SOURCES.txt
[0.559s] -- Up-to-date: /home/efe/Desktop/ros2_ws/install/tramolaa/local/lib/python3.10/dist-packages/tramolaa
[0.559s] -- Up-to-date: /home/efe/Desktop/ros2_ws/install/tramolaa/local/lib/python3.10/dist-packages/tramolaa/_tramolaa_s.ep.rosidl_typesupport_fastrtps_c.c
[0.559s] -- Up-to-date: /home/efe/Desktop/ros2_ws/install/tramolaa/local/lib/python3.10/dist-packages/tramolaa/_tramolaa_s.ep.rosidl_typesupport_c.c
[0.559s] -- Up-to-date: /home/efe/Desktop/ros2_ws/install/tramolaa/local/lib/python3.10/dist-packages/tramolaa/msg
[0.559s] -- Up-to-date: /home/efe/Desktop/ros2_ws/install/tramolaa/local/lib/python3.10/dist-packages/tramolaa/msg/_detection.py
[0.559s] -- Up-to-date: /home/efe/Desktop/ros2_ws/install/tramolaa/local/lib/python3.10/dist-packages/tramolaa/msg/_detection_list_s.c
[0.559s] -- Up-to-date: /home/efe/Desktop/ros2_ws/install/tramolaa/local/lib/python3.10/dist-packages/tramolaa/msg/_detection_list.py
[0.559s] -- Up-to-date: /home/efe/Desktop/ros2_ws/install/tramolaa/local/lib/python3.10/dist-packages/tramolaa/msg/__init__.py
[0.559s] -- Up-to-date: /home/efe/Desktop/ros2_ws/install/tramolaa/local/lib/python3.10/dist-packages/tramolaa/msg/_detection_s.c
[0.559s] -- Up-to-date: /home/efe/Desktop/ros2_ws/install/tramolaa/local/lib/python3.10/dist-packages/tramolaa/tramolaa_s__rosidl_typesupport_introspection_c.cpython-310-x86_64-linux-gnu.so
[0.559s] -- Up-to-date: /home/efe/Desktop/ros2_ws/install/tramolaa/local/lib/python3.10/dist-packages/tramolaa/__init__.py
[0.560s] -- Up-to-date: /home/efe/Desktop/ros2_ws/install/tramolaa/local/lib/python3.10/dist-packages/tramolaa/libtramolaa__rosidl_generator_py.so
[0.560s] -- Up-to-date: /home/efe/Desktop/ros2_ws/install/tramolaa/local/lib/python3.10/dist-packages/tramolaa/tramolaa_s__rosidl_typesupport_c.cpython-310-x86_64-linux-gnu.so
[0.560s] -- Up-to-date: /home/efe/Desktop/ros2_ws/install/tramolaa/local/lib/python3.10/dist-packages/tramolaa/_tramolaa_s.ep.rosidl_typesupport_introspection_c.c
[0.560s] -- Up-to-date: /home/efe/Desktop/ros2_ws/install/tramolaa/local/lib/python3.10/dist-packages/tramolaa/tramolaa_s__rosidl_typesupport_fastrtps_c.cpython-310-x86_64-linux-gnu.so
[0.585s] Listing '/home/efe/Desktop/ros2_ws/install/tramolaa/local/lib/python3.10/dist-packages/tramolaa'...
[0.585s] Listing '/home/efe/Desktop/ros2_ws/install/tramolaa/local/lib/python3.10/dist-packages/tramolaa/msg'...
[0.589s] -- Up-to-date: /home/efe/Desktop/ros2_ws/install/tramolaa/local/lib/python3.10/dist-packages/tramolaa/tramolaa_s__rosidl_typesupport_fastrtps_c.cpython-310-x86_64-linux-gnu.so
[0.589s] -- Up-to-date: /home/efe/Desktop/ros2_ws/install/tramolaa/local/lib/python3.10/dist-packages/tramolaa/tramolaa_s__rosidl_typesupport_introspection_c.cpython-310-x86_64-linux-gnu.so
[0.589s] -- Up-to-date: /home/efe/Desktop/ros2_ws/install/tramolaa/local/lib/python3.10/dist-packages/tramolaa/tramolaa_s__rosidl_typesupport_c.cpython-310-x86_64-linux-gnu.so
[0.590s] -- Up-to-date: /home/efe/Desktop/ros2_ws/install/tramolaa/lib/libtramolaa__rosidl_generator_py.so
[0.590s] -- Up-to-date: /home/efe/Desktop/ros2_ws/install/tramolaa/share/tramolaa/msg/Detection.idl
[0.590s] -- Up-to-date: /home/efe/Desktop/ros2_ws/install/tramolaa/share/tramolaa/msg/DetectionList.idl
[0.590s] -- Up-to-date: /home/efe/Desktop/ros2_ws/install/tramolaa/share/tramolaa/msg/Detection.msg
[0.590s] -- Up-to-date: /home/efe/Desktop/ros2_ws/install/tramolaa/share/tramolaa/msg/DetectionList.msg
[0.590s] -- Up-to-date: /home/efe/Desktop/ros2_ws/install/tramolaa/share/ament_index/resource_index/package_run_dependencies/tramolaa
[0.590s] -- Up-to-date: /home/efe/Desktop/ros2_ws/install/tramolaa/share/ament_index/resource_index/parent_prefix_path/tramolaa
[0.590s] -- Up-to-date: /home/efe/Desktop/ros2_ws/install/tramolaa/share/tramolaa/environment/ament_prefix_path.sh
[0.590s] -- Up-to-date: /home/efe/Desktop/ros2_ws/install/tramolaa/share/tramolaa/environment/ament_prefix_path.dsv
[0.590s] -- Up-to-date: /home/efe/Desktop/ros2_ws/install/tramolaa/share/tramolaa/environment/path.sh
[0.590s] -- Up-to-date: /home/efe/Desktop/ros2_ws/install/tramolaa/share/tramolaa/environment/path.dsv
[0.590s] -- Up-to-date: /home/efe/Desktop/ros2_ws/install/tramolaa/share/tramolaa/local_setup.bash
[0.591s] -- Up-to-date: /home/efe/Desktop/ros2_ws/install/tramolaa/share/tramolaa/local_setup.sh
[0.591s] -- Up-to-date: /home/efe/Desktop/ros2_ws/install/tramolaa/share/tramolaa/local_setup.zsh
[0.591s] -- Up-to-date: /home/efe/Desktop/ros2_ws/install/tramolaa/share/tramolaa/local_setup.dsv
[0.591s] -- Installing: /home/efe/Desktop/ros2_ws/install/tramolaa/share/tramolaa/package.dsv
[0.591s] -- Up-to-date: /home/efe/Desktop/ros2_ws/install/tramolaa/share/ament_index/resource_index/packages/tramolaa
[0.591s] -- Up-to-date: /home/efe/Desktop/ros2_ws/install/tramolaa/share/tramolaa/cmake/export_tramolaa__rosidl_generator_cExport.cmake
[0.591s] -- Up-to-date: /home/efe/Desktop/ros2_ws/install/tramolaa/share/tramolaa/cmake/export_tramolaa__rosidl_generator_cExport-noconfig.cmake
[0.591s] -- Up-to-date: /home/efe/Desktop/ros2_ws/install/tramolaa/share/tramolaa/cmake/export_tramolaa__rosidl_typesupport_fastrtps_cExport.cmake
[0.591s] -- Up-to-date: /home/efe/Desktop/ros2_ws/install/tramolaa/share/tramolaa/cmake/export_tramolaa__rosidl_typesupport_fastrtps_cExport-noconfig.cmake
[0.591s] -- Up-to-date: /home/efe/Desktop/ros2_ws/install/tramolaa/share/tramolaa/cmake/export_tramolaa__rosidl_generator_cppExport.cmake
[0.591s] -- Up-to-date: /home/efe/Desktop/ros2_ws/install/tramolaa/share/tramolaa/cmake/export_tramolaa__rosidl_typesupport_fastrtps_cppExport.cmake
[0.591s] -- Up-to-date: /home/efe/Desktop/ros2_ws/install/tramolaa/share/tramolaa/cmake/export_tramolaa__rosidl_typesupport_fastrtps_cppExport-noconfig.cmake
[0.591s] -- Up-to-date: /home/efe/Desktop/ros2_ws/install/tramolaa/share/tramolaa/cmake/tramolaa__rosidl_typesupport_introspection_cExport.cmake
[0.591s] -- Up-to-date: /home/efe/Desktop/ros2_ws/install/tramolaa/share/tramolaa/cmake/tramolaa__rosidl_typesupport_introspection_cExport-noconfig.cmake
[0.592s] -- Up-to-date: /home/efe/Desktop/ros2_ws/install/tramolaa/share/tramolaa/cmake/tramolaa__rosidl_typesupport_cExport.cmake
[0.592s] -- Up-to-date: /home/efe/Desktop/ros2_ws/install/tramolaa/share/tramolaa/cmake/tramolaa__rosidl_typesupport_cExport-noconfig.cmake
[0.592s] -- Up-to-date: /home/efe/Desktop/ros2_ws/install/tramolaa/share/tramolaa/cmake/tramolaa__rosidl_typesupport_introspection_cppExport.cmake
[0.592s] -- Up-to-date: /home/efe/Desktop/ros2_ws/install/tramolaa/share/tramolaa/cmake/tramolaa__rosidl_typesupport_introspection_cppExport-noconfig.cmake
[0.592s] -- Up-to-date: /home/efe/Desktop/ros2_ws/install/tramolaa/share/tramolaa/cmake/tramolaa__rosidl_typesupport_cppExport.cmake
[0.592s] -- Up-to-date: /home/efe/Desktop/ros2_ws/install/tramolaa/share/tramolaa/cmake/tramolaa__rosidl_typesupport_cppExport-noconfig.cmake
[0.592s] -- Up-to-date: /home/efe/Desktop/ros2_ws/install/tramolaa/share/tramolaa/cmake/export_tramolaa__rosidl_generator_pyExport.cmake
[0.592s] -- Up-to-date: /home/efe/Desktop/ros2_ws/install/tramolaa/share/tramolaa/cmake/export_tramolaa__rosidl_generator_pyExport-noconfig.cmake
[0.592s] -- Up-to-date: /home/efe/Desktop/ros2_ws/install/tramolaa/share/tramolaa/cmake/rosidl_cmake-extras.cmake
[0.592s] -- Up-to-date: /home/efe/Desktop/ros2_ws/install/tramolaa/share/tramolaa/cmake/ament_cmake_export_dependencies-extras.cmake
[0.592s] -- Up-to-date: /home/efe/Desktop/ros2_ws/install/tramolaa/share/tramolaa/cmake/ament_cmake_export_include_directories-extras.cmake
[0.592s] -- Up-to-date: /home/efe/Desktop/ros2_ws/install/tramolaa/share/tramolaa/cmake/ament_cmake_export_libraries-extras.cmake
[0.592s] -- Up-to-date: /home/efe/Desktop/ros2_ws/install/tramolaa/share/tramolaa/cmake/ament_cmake_export_targets-extras.cmake
[0.592s] -- Up-to-date: /home/efe/Desktop/ros2_ws/install/tramolaa/share/tramolaa/cmake/rosidl_cmake_export_typesupport_targets-extras.cmake
[0.593s] -- Up-to-date: /home/efe/Desktop/ros2_ws/install/tramolaa/share/tramolaa/cmake/rosidl_cmake_export_typesupport_libraries-extras.cmake
[0.593s] -- Up-to-date: /home/efe/Desktop/ros2_ws/install/tramolaa/share/tramolaa/cmake/tramolaaConfig.cmake
[0.593s] -- Up-to-date: /home/efe/Desktop/ros2_ws/install/tramolaa/share/tramolaa/cmake/tramolaaConfig-version.cmake
[0.593s] -- Up-to-date: /home/efe/Desktop/ros2_ws/install/tramolaa/share/tramolaa/package.xml
[0.595s] Invoked command in '/home/efe/Desktop/ros2_ws/build/tramolaa' returned '0': CMAKE_PREFIX_PATH=${CMAKE_PREFIX_PATH}:/home/efe/Desktop/ros2_ws/install/tramola:/opt/ros/humble /usr/bin/cmake --install /home/efe/Desktop/ros2_ws/build/tramolaa
