[0.194s] Invoking command in '/home/efe/Desktop/ros2_ws/src/build/tramolaa': CMAKE_PREFIX_PATH=${CMAKE_PREFIX_PATH}:/home/efe/Desktop/ros2_ws/install/tramola:/opt/ros/humble /usr/bin/cmake /home/efe/Desktop/ros2_ws/src/tramolaa -DCMAKE_INSTALL_PREFIX=/home/efe/Desktop/ros2_ws/src/install/tramolaa
[0.282s] -- The C compiler identification is GNU 11.4.0
[0.370s] -- The CXX compiler identification is GNU 11.4.0
[0.378s] -- Detecting C compiler ABI info
[0.448s] -- Detecting C compiler ABI info - done
[0.453s] -- Check for working C compiler: /usr/bin/cc - skipped
[0.454s] -- Detecting C compile features
[0.454s] -- Detecting C compile features - done
[0.457s] -- Detecting CXX compiler ABI info
[0.531s] -- Detecting CXX compiler ABI info - done
[0.536s] -- Check for working CXX compiler: /usr/bin/c++ - skipped
[0.536s] -- Detecting CXX compile features
[0.537s] -- Detecting CXX compile features - done
[0.542s] -- Found ament_cmake: 1.3.11 (/opt/ros/humble/share/ament_cmake/cmake)
[0.670s] -- Found Python3: /usr/bin/python3 (found version "3.10.12") found components: Interpreter 
[0.765s] -- Found ament_lint_auto: 0.12.11 (/opt/ros/humble/share/ament_lint_auto/cmake)
[0.829s] -- Found geometry_msgs: 4.2.4 (/opt/ros/humble/share/geometry_msgs/cmake)
[0.867s] -- Found rosidl_generator_c: 3.1.6 (/opt/ros/humble/share/rosidl_generator_c/cmake)
[0.873s] -- Found rosidl_adapter: 3.1.6 (/opt/ros/humble/share/rosidl_adapter/cmake)
[0.883s] -- Found rosidl_generator_cpp: 3.1.6 (/opt/ros/humble/share/rosidl_generator_cpp/cmake)
[0.896s] -- Using all available rosidl_typesupport_c: rosidl_typesupport_fastrtps_c;rosidl_typesupport_introspection_c
[0.913s] -- Using all available rosidl_typesupport_cpp: rosidl_typesupport_fastrtps_cpp;rosidl_typesupport_introspection_cpp
[0.950s] -- Found rosidl_default_generators: 1.2.0 (/opt/ros/humble/share/rosidl_default_generators/cmake)
[1.125s] -- Found ament_cmake_ros: 0.10.0 (/opt/ros/humble/share/ament_cmake_ros/cmake)
[1.457s] -- Using all available rosidl_typesupport_c: rosidl_typesupport_fastrtps_c;rosidl_typesupport_introspection_c
[1.584s] -- Using all available rosidl_typesupport_cpp: rosidl_typesupport_fastrtps_cpp;rosidl_typesupport_introspection_cpp
[1.602s] -- Found PythonInterp: /usr/bin/python3 (found suitable version "3.10.12", minimum required is "3.6") 
[1.604s] -- Found python_cmake_module: 0.10.0 (/opt/ros/humble/share/python_cmake_module/cmake)
[1.627s] -- Found PythonLibs: /usr/lib/x86_64-linux-gnu/libpython3.10.so (found suitable version "3.10.12", minimum required is "3.5") 
[1.627s] -- Using PYTHON_EXECUTABLE: /usr/bin/python3
[1.627s] -- Using PYTHON_INCLUDE_DIRS: /usr/include/python3.10
[1.627s] -- Using PYTHON_LIBRARIES: /usr/lib/x86_64-linux-gnu/libpython3.10.so
[1.644s] -- Found PythonExtra: .so  
[1.694s] -- Added test 'lint_cmake' to check CMake code style
[1.696s] -- Added test 'xmllint' to check XML markup files
[1.703s] -- Configuring done
[1.736s] -- Generating done
[1.745s] -- Build files have been written to: /home/efe/Desktop/ros2_ws/src/build/tramolaa
[1.754s] Invoked command in '/home/efe/Desktop/ros2_ws/src/build/tramolaa' returned '0': CMAKE_PREFIX_PATH=${CMAKE_PREFIX_PATH}:/home/efe/Desktop/ros2_ws/install/tramola:/opt/ros/humble /usr/bin/cmake /home/efe/Desktop/ros2_ws/src/tramolaa -DCMAKE_INSTALL_PREFIX=/home/efe/Desktop/ros2_ws/src/install/tramolaa
[1.756s] Invoking command in '/home/efe/Desktop/ros2_ws/src/build/tramolaa': CMAKE_PREFIX_PATH=${CMAKE_PREFIX_PATH}:/home/efe/Desktop/ros2_ws/install/tramola:/opt/ros/humble /usr/bin/cmake --build /home/efe/Desktop/ros2_ws/src/build/tramolaa -- -j16 -l16
[1.791s] [  2%] [34m[1mGenerating C code for ROS interfaces[0m
[1.800s] [  5%] [34m[1mGenerating C++ code for ROS interfaces[0m
[1.808s] [  5%] Built target ament_cmake_python_copy_tramolaa
[1.999s] running egg_info
[2.000s] creating tramolaa.egg-info
[2.000s] writing tramolaa.egg-info/PKG-INFO
[2.000s] writing dependency_links to tramolaa.egg-info/dependency_links.txt
[2.000s] writing top-level names to tramolaa.egg-info/top_level.txt
[2.001s] writing manifest file 'tramolaa.egg-info/SOURCES.txt'
[2.002s] reading manifest file 'tramolaa.egg-info/SOURCES.txt'
[2.002s] writing manifest file 'tramolaa.egg-info/SOURCES.txt'
[2.029s] [  5%] Built target ament_cmake_python_build_tramolaa_egg
[2.061s] [  7%] [32mBuilding C object CMakeFiles/tramolaa__rosidl_generator_c.dir/rosidl_generator_c/tramolaa/msg/detail/detection__functions.c.o[0m
[2.061s] [  7%] Built target tramolaa__cpp
[2.061s] [ 10%] [32mBuilding C object CMakeFiles/tramolaa__rosidl_generator_c.dir/rosidl_generator_c/tramolaa/msg/detail/detection_list__functions.c.o[0m
[2.071s] [ 17%] [34m[1mGenerating C++ introspection for ROS interfaces[0m
[2.071s] [ 17%] [34m[1mGenerating C++ type support dispatch for ROS interfaces[0m
[2.071s] [ 17%] [34m[1mGenerating C++ type support for eProsima Fast-RTPS[0m
[2.114s] [ 20%] [32m[1mLinking C shared library libtramolaa__rosidl_generator_c.so[0m
[2.153s] [ 20%] Built target tramolaa__rosidl_generator_c
[2.163s] [ 28%] [34m[1mGenerating C introspection for ROS interfaces[0m
[2.163s] [ 28%] [34m[1mGenerating C type support for eProsima Fast-RTPS[0m
[2.163s] [ 28%] [34m[1mGenerating C type support dispatch for ROS interfaces[0m
[2.314s] [ 33%] [32mBuilding CXX object CMakeFiles/tramolaa__rosidl_typesupport_cpp.dir/rosidl_typesupport_cpp/tramolaa/msg/detection__type_support.cpp.o[0m
[2.314s] [ 33%] [32mBuilding CXX object CMakeFiles/tramolaa__rosidl_typesupport_cpp.dir/rosidl_typesupport_cpp/tramolaa/msg/detection_list__type_support.cpp.o[0m
[2.330s] [ 35%] [32mBuilding CXX object CMakeFiles/tramolaa__rosidl_typesupport_introspection_cpp.dir/rosidl_typesupport_introspection_cpp/tramolaa/msg/detail/detection_list__type_support.cpp.o[0m
[2.330s] [ 38%] [32mBuilding CXX object CMakeFiles/tramolaa__rosidl_typesupport_introspection_cpp.dir/rosidl_typesupport_introspection_cpp/tramolaa/msg/detail/detection__type_support.cpp.o[0m
[2.335s] [ 43%] [32mBuilding CXX object CMakeFiles/tramolaa__rosidl_typesupport_fastrtps_cpp.dir/rosidl_typesupport_fastrtps_cpp/tramolaa/msg/detail/dds_fastrtps/detection_list__type_support.cpp.o[0m
[2.336s] [ 43%] [32mBuilding CXX object CMakeFiles/tramolaa__rosidl_typesupport_fastrtps_cpp.dir/rosidl_typesupport_fastrtps_cpp/tramolaa/msg/detail/dds_fastrtps/detection__type_support.cpp.o[0m
[2.416s] [ 46%] [32mBuilding CXX object CMakeFiles/tramolaa__rosidl_typesupport_c.dir/rosidl_typesupport_c/tramolaa/msg/detection__type_support.cpp.o[0m
[2.421s] [ 48%] [32mBuilding CXX object CMakeFiles/tramolaa__rosidl_typesupport_c.dir/rosidl_typesupport_c/tramolaa/msg/detection_list__type_support.cpp.o[0m
[2.449s] [ 53%] [32mBuilding CXX object CMakeFiles/tramolaa__rosidl_typesupport_fastrtps_c.dir/rosidl_typesupport_fastrtps_c/tramolaa/msg/detail/detection__type_support_c.cpp.o[0m
[2.449s] [ 53%] [32mBuilding CXX object CMakeFiles/tramolaa__rosidl_typesupport_fastrtps_c.dir/rosidl_typesupport_fastrtps_c/tramolaa/msg/detail/detection_list__type_support_c.cpp.o[0m
[2.460s] [ 61%] [32mBuilding C object CMakeFiles/tramolaa__rosidl_typesupport_introspection_c.dir/rosidl_typesupport_introspection_c/tramolaa/msg/detail/detection_list__type_support.c.o[0m
[2.460s] [ 61%] [32m[1mLinking CXX shared library libtramolaa__rosidl_typesupport_c.so[0m
[2.460s] [ 61%] [32mBuilding C object CMakeFiles/tramolaa__rosidl_typesupport_introspection_c.dir/rosidl_typesupport_introspection_c/tramolaa/msg/detail/detection__type_support.c.o[0m
[2.503s] [ 64%] [32m[1mLinking C shared library libtramolaa__rosidl_typesupport_introspection_c.so[0m
[2.513s] [ 64%] Built target tramolaa__rosidl_typesupport_c
[2.549s] [ 64%] Built target tramolaa__rosidl_typesupport_introspection_c
[2.598s] [ 66%] [32m[1mLinking CXX shared library libtramolaa__rosidl_typesupport_cpp.so[0m
[2.643s] [ 66%] Built target tramolaa__rosidl_typesupport_cpp
[2.727s] [ 69%] [32m[1mLinking CXX shared library libtramolaa__rosidl_typesupport_introspection_cpp.so[0m
[2.738s] [ 71%] [32m[1mLinking CXX shared library libtramolaa__rosidl_typesupport_fastrtps_cpp.so[0m
[2.773s] [ 74%] [32m[1mLinking CXX shared library libtramolaa__rosidl_typesupport_fastrtps_c.so[0m
[2.799s] [ 74%] Built target tramolaa__rosidl_typesupport_introspection_cpp
[2.811s] [ 74%] Built target tramolaa__rosidl_typesupport_fastrtps_cpp
[2.841s] [ 74%] Built target tramolaa__rosidl_typesupport_fastrtps_c
[2.859s] [ 74%] Built target tramolaa
[2.877s] [ 76%] [34m[1mGenerating Python code for ROS interfaces[0m
[3.216s] [ 76%] Built target tramolaa__py
[3.237s] [ 82%] [32mBuilding C object CMakeFiles/tramolaa__rosidl_generator_py.dir/rosidl_generator_py/tramolaa/msg/_detection_s.c.o[0m
[3.237s] [ 82%] [32mBuilding C object CMakeFiles/tramolaa__rosidl_generator_py.dir/rosidl_generator_py/tramolaa/msg/_detection_list_s.c.o[0m
[3.341s] [ 84%] [32m[1mLinking C shared library rosidl_generator_py/tramolaa/libtramolaa__rosidl_generator_py.so[0m
[3.377s] [ 84%] Built target tramolaa__rosidl_generator_py
[3.395s] [ 92%] [32mBuilding C object CMakeFiles/tramolaa__rosidl_typesupport_c__pyext.dir/rosidl_generator_py/tramolaa/_tramolaa_s.ep.rosidl_typesupport_c.c.o[0m
[3.395s] [ 92%] [32mBuilding C object CMakeFiles/tramolaa__rosidl_typesupport_introspection_c__pyext.dir/rosidl_generator_py/tramolaa/_tramolaa_s.ep.rosidl_typesupport_introspection_c.c.o[0m
[3.395s] [ 92%] [32mBuilding C object CMakeFiles/tramolaa__rosidl_typesupport_fastrtps_c__pyext.dir/rosidl_generator_py/tramolaa/_tramolaa_s.ep.rosidl_typesupport_fastrtps_c.c.o[0m
[3.481s] [100%] [32m[1mLinking C shared library rosidl_generator_py/tramolaa/tramolaa_s__rosidl_typesupport_c.cpython-310-x86_64-linux-gnu.so[0m
[3.481s] [100%] [32m[1mLinking C shared library rosidl_generator_py/tramolaa/tramolaa_s__rosidl_typesupport_introspection_c.cpython-310-x86_64-linux-gnu.so[0m
[3.481s] [100%] [32m[1mLinking C shared library rosidl_generator_py/tramolaa/tramolaa_s__rosidl_typesupport_fastrtps_c.cpython-310-x86_64-linux-gnu.so[0m
[3.517s] [100%] Built target tramolaa__rosidl_typesupport_c__pyext
[3.517s] [100%] Built target tramolaa__rosidl_typesupport_fastrtps_c__pyext
[3.517s] [100%] Built target tramolaa__rosidl_typesupport_introspection_c__pyext
[3.530s] Invoked command in '/home/efe/Desktop/ros2_ws/src/build/tramolaa' returned '0': CMAKE_PREFIX_PATH=${CMAKE_PREFIX_PATH}:/home/efe/Desktop/ros2_ws/install/tramola:/opt/ros/humble /usr/bin/cmake --build /home/efe/Desktop/ros2_ws/src/build/tramolaa -- -j16 -l16
[3.539s] Invoking command in '/home/efe/Desktop/ros2_ws/src/build/tramolaa': CMAKE_PREFIX_PATH=${CMAKE_PREFIX_PATH}:/home/efe/Desktop/ros2_ws/install/tramola:/opt/ros/humble /usr/bin/cmake --install /home/efe/Desktop/ros2_ws/src/build/tramolaa
[3.546s] -- Install configuration: ""
[3.546s] -- Installing: /home/efe/Desktop/ros2_ws/src/install/tramolaa/share/ament_index/resource_index/rosidl_interfaces/tramolaa
[3.546s] -- Installing: /home/efe/Desktop/ros2_ws/src/install/tramolaa/include/tramolaa/tramolaa
[3.546s] -- Installing: /home/efe/Desktop/ros2_ws/src/install/tramolaa/include/tramolaa/tramolaa/msg
[3.546s] -- Installing: /home/efe/Desktop/ros2_ws/src/install/tramolaa/include/tramolaa/tramolaa/msg/detection_list.h
[3.547s] -- Installing: /home/efe/Desktop/ros2_ws/src/install/tramolaa/include/tramolaa/tramolaa/msg/detail
[3.547s] -- Installing: /home/efe/Desktop/ros2_ws/src/install/tramolaa/include/tramolaa/tramolaa/msg/detail/detection__struct.h
[3.547s] -- Installing: /home/efe/Desktop/ros2_ws/src/install/tramolaa/include/tramolaa/tramolaa/msg/detail/detection__type_support.h
[3.547s] -- Installing: /home/efe/Desktop/ros2_ws/src/install/tramolaa/include/tramolaa/tramolaa/msg/detail/detection_list__struct.h
[3.547s] -- Installing: /home/efe/Desktop/ros2_ws/src/install/tramolaa/include/tramolaa/tramolaa/msg/detail/detection__functions.c
[3.547s] -- Installing: /home/efe/Desktop/ros2_ws/src/install/tramolaa/include/tramolaa/tramolaa/msg/detail/detection_list__functions.c
[3.547s] -- Installing: /home/efe/Desktop/ros2_ws/src/install/tramolaa/include/tramolaa/tramolaa/msg/detail/detection__functions.h
[3.547s] -- Installing: /home/efe/Desktop/ros2_ws/src/install/tramolaa/include/tramolaa/tramolaa/msg/detail/detection_list__functions.h
[3.548s] -- Installing: /home/efe/Desktop/ros2_ws/src/install/tramolaa/include/tramolaa/tramolaa/msg/detail/detection_list__type_support.h
[3.548s] -- Installing: /home/efe/Desktop/ros2_ws/src/install/tramolaa/include/tramolaa/tramolaa/msg/detection.h
[3.548s] -- Installing: /home/efe/Desktop/ros2_ws/src/install/tramolaa/include/tramolaa/tramolaa/msg/rosidl_generator_c__visibility_control.h
[3.548s] -- Installing: /home/efe/Desktop/ros2_ws/src/install/tramolaa/share/tramolaa/environment/library_path.sh
[3.548s] -- Installing: /home/efe/Desktop/ros2_ws/src/install/tramolaa/share/tramolaa/environment/library_path.dsv
[3.549s] -- Installing: /home/efe/Desktop/ros2_ws/src/install/tramolaa/lib/libtramolaa__rosidl_generator_c.so
[3.549s] -- Set runtime path of "/home/efe/Desktop/ros2_ws/src/install/tramolaa/lib/libtramolaa__rosidl_generator_c.so" to ""
[3.549s] -- Up-to-date: /home/efe/Desktop/ros2_ws/src/install/tramolaa/include/tramolaa/tramolaa
[3.549s] -- Up-to-date: /home/efe/Desktop/ros2_ws/src/install/tramolaa/include/tramolaa/tramolaa/msg
[3.549s] -- Up-to-date: /home/efe/Desktop/ros2_ws/src/install/tramolaa/include/tramolaa/tramolaa/msg/detail
[3.549s] -- Installing: /home/efe/Desktop/ros2_ws/src/install/tramolaa/include/tramolaa/tramolaa/msg/detail/detection__rosidl_typesupport_fastrtps_c.h
[3.550s] -- Installing: /home/efe/Desktop/ros2_ws/src/install/tramolaa/include/tramolaa/tramolaa/msg/detail/detection_list__rosidl_typesupport_fastrtps_c.h
[3.550s] -- Installing: /home/efe/Desktop/ros2_ws/src/install/tramolaa/include/tramolaa/tramolaa/msg/rosidl_typesupport_fastrtps_c__visibility_control.h
[3.550s] -- Installing: /home/efe/Desktop/ros2_ws/src/install/tramolaa/lib/libtramolaa__rosidl_typesupport_fastrtps_c.so
[3.550s] -- Set runtime path of "/home/efe/Desktop/ros2_ws/src/install/tramolaa/lib/libtramolaa__rosidl_typesupport_fastrtps_c.so" to ""
[3.550s] -- Up-to-date: /home/efe/Desktop/ros2_ws/src/install/tramolaa/include/tramolaa/tramolaa
[3.551s] -- Up-to-date: /home/efe/Desktop/ros2_ws/src/install/tramolaa/include/tramolaa/tramolaa/msg
[3.551s] -- Installing: /home/efe/Desktop/ros2_ws/src/install/tramolaa/include/tramolaa/tramolaa/msg/detection.hpp
[3.551s] -- Installing: /home/efe/Desktop/ros2_ws/src/install/tramolaa/include/tramolaa/tramolaa/msg/detection_list.hpp
[3.551s] -- Up-to-date: /home/efe/Desktop/ros2_ws/src/install/tramolaa/include/tramolaa/tramolaa/msg/detail
[3.551s] -- Installing: /home/efe/Desktop/ros2_ws/src/install/tramolaa/include/tramolaa/tramolaa/msg/detail/detection_list__type_support.hpp
[3.551s] -- Installing: /home/efe/Desktop/ros2_ws/src/install/tramolaa/include/tramolaa/tramolaa/msg/detail/detection_list__builder.hpp
[3.551s] -- Installing: /home/efe/Desktop/ros2_ws/src/install/tramolaa/include/tramolaa/tramolaa/msg/detail/detection__traits.hpp
[3.551s] -- Installing: /home/efe/Desktop/ros2_ws/src/install/tramolaa/include/tramolaa/tramolaa/msg/detail/detection__struct.hpp
[3.551s] -- Installing: /home/efe/Desktop/ros2_ws/src/install/tramolaa/include/tramolaa/tramolaa/msg/detail/detection__builder.hpp
[3.552s] -- Installing: /home/efe/Desktop/ros2_ws/src/install/tramolaa/include/tramolaa/tramolaa/msg/detail/detection_list__traits.hpp
[3.552s] -- Installing: /home/efe/Desktop/ros2_ws/src/install/tramolaa/include/tramolaa/tramolaa/msg/detail/detection__type_support.hpp
[3.552s] -- Installing: /home/efe/Desktop/ros2_ws/src/install/tramolaa/include/tramolaa/tramolaa/msg/detail/detection_list__struct.hpp
[3.552s] -- Installing: /home/efe/Desktop/ros2_ws/src/install/tramolaa/include/tramolaa/tramolaa/msg/rosidl_generator_cpp__visibility_control.hpp
[3.552s] -- Up-to-date: /home/efe/Desktop/ros2_ws/src/install/tramolaa/include/tramolaa/tramolaa
[3.552s] -- Up-to-date: /home/efe/Desktop/ros2_ws/src/install/tramolaa/include/tramolaa/tramolaa/msg
[3.552s] -- Up-to-date: /home/efe/Desktop/ros2_ws/src/install/tramolaa/include/tramolaa/tramolaa/msg/detail
[3.552s] -- Installing: /home/efe/Desktop/ros2_ws/src/install/tramolaa/include/tramolaa/tramolaa/msg/detail/detection__rosidl_typesupport_fastrtps_cpp.hpp
[3.552s] -- Installing: /home/efe/Desktop/ros2_ws/src/install/tramolaa/include/tramolaa/tramolaa/msg/detail/dds_fastrtps
[3.553s] -- Installing: /home/efe/Desktop/ros2_ws/src/install/tramolaa/include/tramolaa/tramolaa/msg/detail/detection_list__rosidl_typesupport_fastrtps_cpp.hpp
[3.553s] -- Installing: /home/efe/Desktop/ros2_ws/src/install/tramolaa/include/tramolaa/tramolaa/msg/rosidl_typesupport_fastrtps_cpp__visibility_control.h
[3.553s] -- Installing: /home/efe/Desktop/ros2_ws/src/install/tramolaa/lib/libtramolaa__rosidl_typesupport_fastrtps_cpp.so
[3.553s] -- Set runtime path of "/home/efe/Desktop/ros2_ws/src/install/tramolaa/lib/libtramolaa__rosidl_typesupport_fastrtps_cpp.so" to ""
[3.553s] -- Up-to-date: /home/efe/Desktop/ros2_ws/src/install/tramolaa/include/tramolaa/tramolaa
[3.553s] -- Up-to-date: /home/efe/Desktop/ros2_ws/src/install/tramolaa/include/tramolaa/tramolaa/msg
[3.554s] -- Up-to-date: /home/efe/Desktop/ros2_ws/src/install/tramolaa/include/tramolaa/tramolaa/msg/detail
[3.554s] -- Installing: /home/efe/Desktop/ros2_ws/src/install/tramolaa/include/tramolaa/tramolaa/msg/detail/detection__rosidl_typesupport_introspection_c.h
[3.554s] -- Installing: /home/efe/Desktop/ros2_ws/src/install/tramolaa/include/tramolaa/tramolaa/msg/detail/detection__type_support.c
[3.554s] -- Installing: /home/efe/Desktop/ros2_ws/src/install/tramolaa/include/tramolaa/tramolaa/msg/detail/detection_list__rosidl_typesupport_introspection_c.h
[3.554s] -- Installing: /home/efe/Desktop/ros2_ws/src/install/tramolaa/include/tramolaa/tramolaa/msg/detail/detection_list__type_support.c
[3.554s] -- Installing: /home/efe/Desktop/ros2_ws/src/install/tramolaa/include/tramolaa/tramolaa/msg/rosidl_typesupport_introspection_c__visibility_control.h
[3.554s] -- Installing: /home/efe/Desktop/ros2_ws/src/install/tramolaa/lib/libtramolaa__rosidl_typesupport_introspection_c.so
[3.555s] -- Set runtime path of "/home/efe/Desktop/ros2_ws/src/install/tramolaa/lib/libtramolaa__rosidl_typesupport_introspection_c.so" to ""
[3.555s] -- Installing: /home/efe/Desktop/ros2_ws/src/install/tramolaa/lib/libtramolaa__rosidl_typesupport_c.so
[3.555s] -- Set runtime path of "/home/efe/Desktop/ros2_ws/src/install/tramolaa/lib/libtramolaa__rosidl_typesupport_c.so" to ""
[3.555s] -- Up-to-date: /home/efe/Desktop/ros2_ws/src/install/tramolaa/include/tramolaa/tramolaa
[3.555s] -- Up-to-date: /home/efe/Desktop/ros2_ws/src/install/tramolaa/include/tramolaa/tramolaa/msg
[3.555s] -- Up-to-date: /home/efe/Desktop/ros2_ws/src/install/tramolaa/include/tramolaa/tramolaa/msg/detail
[3.555s] -- Installing: /home/efe/Desktop/ros2_ws/src/install/tramolaa/include/tramolaa/tramolaa/msg/detail/detection__rosidl_typesupport_introspection_cpp.hpp
[3.555s] -- Installing: /home/efe/Desktop/ros2_ws/src/install/tramolaa/include/tramolaa/tramolaa/msg/detail/detection__type_support.cpp
[3.556s] -- Installing: /home/efe/Desktop/ros2_ws/src/install/tramolaa/include/tramolaa/tramolaa/msg/detail/detection_list__type_support.cpp
[3.556s] -- Installing: /home/efe/Desktop/ros2_ws/src/install/tramolaa/include/tramolaa/tramolaa/msg/detail/detection_list__rosidl_typesupport_introspection_cpp.hpp
[3.556s] -- Installing: /home/efe/Desktop/ros2_ws/src/install/tramolaa/lib/libtramolaa__rosidl_typesupport_introspection_cpp.so
[3.556s] -- Set runtime path of "/home/efe/Desktop/ros2_ws/src/install/tramolaa/lib/libtramolaa__rosidl_typesupport_introspection_cpp.so" to ""
[3.556s] -- Installing: /home/efe/Desktop/ros2_ws/src/install/tramolaa/lib/libtramolaa__rosidl_typesupport_cpp.so
[3.557s] -- Set runtime path of "/home/efe/Desktop/ros2_ws/src/install/tramolaa/lib/libtramolaa__rosidl_typesupport_cpp.so" to ""
[3.557s] -- Installing: /home/efe/Desktop/ros2_ws/src/install/tramolaa/share/tramolaa/environment/pythonpath.sh
[3.557s] -- Installing: /home/efe/Desktop/ros2_ws/src/install/tramolaa/share/tramolaa/environment/pythonpath.dsv
[3.557s] -- Installing: /home/efe/Desktop/ros2_ws/src/install/tramolaa/local/lib/python3.10/dist-packages/tramolaa-0.0.0-py3.10.egg-info
[3.557s] -- Installing: /home/efe/Desktop/ros2_ws/src/install/tramolaa/local/lib/python3.10/dist-packages/tramolaa-0.0.0-py3.10.egg-info/PKG-INFO
[3.557s] -- Installing: /home/efe/Desktop/ros2_ws/src/install/tramolaa/local/lib/python3.10/dist-packages/tramolaa-0.0.0-py3.10.egg-info/dependency_links.txt
[3.557s] -- Installing: /home/efe/Desktop/ros2_ws/src/install/tramolaa/local/lib/python3.10/dist-packages/tramolaa-0.0.0-py3.10.egg-info/top_level.txt
[3.558s] -- Installing: /home/efe/Desktop/ros2_ws/src/install/tramolaa/local/lib/python3.10/dist-packages/tramolaa-0.0.0-py3.10.egg-info/SOURCES.txt
[3.558s] -- Installing: /home/efe/Desktop/ros2_ws/src/install/tramolaa/local/lib/python3.10/dist-packages/tramolaa
[3.558s] -- Installing: /home/efe/Desktop/ros2_ws/src/install/tramolaa/local/lib/python3.10/dist-packages/tramolaa/_tramolaa_s.ep.rosidl_typesupport_fastrtps_c.c
[3.558s] -- Installing: /home/efe/Desktop/ros2_ws/src/install/tramolaa/local/lib/python3.10/dist-packages/tramolaa/_tramolaa_s.ep.rosidl_typesupport_c.c
[3.558s] -- Installing: /home/efe/Desktop/ros2_ws/src/install/tramolaa/local/lib/python3.10/dist-packages/tramolaa/msg
[3.558s] -- Installing: /home/efe/Desktop/ros2_ws/src/install/tramolaa/local/lib/python3.10/dist-packages/tramolaa/msg/_detection.py
[3.559s] -- Installing: /home/efe/Desktop/ros2_ws/src/install/tramolaa/local/lib/python3.10/dist-packages/tramolaa/msg/_detection_list_s.c
[3.559s] -- Installing: /home/efe/Desktop/ros2_ws/src/install/tramolaa/local/lib/python3.10/dist-packages/tramolaa/msg/_detection_list.py
[3.559s] -- Installing: /home/efe/Desktop/ros2_ws/src/install/tramolaa/local/lib/python3.10/dist-packages/tramolaa/msg/__init__.py
[3.559s] -- Installing: /home/efe/Desktop/ros2_ws/src/install/tramolaa/local/lib/python3.10/dist-packages/tramolaa/msg/_detection_s.c
[3.559s] -- Installing: /home/efe/Desktop/ros2_ws/src/install/tramolaa/local/lib/python3.10/dist-packages/tramolaa/tramolaa_s__rosidl_typesupport_introspection_c.cpython-310-x86_64-linux-gnu.so
[3.559s] -- Installing: /home/efe/Desktop/ros2_ws/src/install/tramolaa/local/lib/python3.10/dist-packages/tramolaa/__init__.py
[3.559s] -- Installing: /home/efe/Desktop/ros2_ws/src/install/tramolaa/local/lib/python3.10/dist-packages/tramolaa/libtramolaa__rosidl_generator_py.so
[3.560s] -- Installing: /home/efe/Desktop/ros2_ws/src/install/tramolaa/local/lib/python3.10/dist-packages/tramolaa/tramolaa_s__rosidl_typesupport_c.cpython-310-x86_64-linux-gnu.so
[3.560s] -- Installing: /home/efe/Desktop/ros2_ws/src/install/tramolaa/local/lib/python3.10/dist-packages/tramolaa/_tramolaa_s.ep.rosidl_typesupport_introspection_c.c
[3.560s] -- Installing: /home/efe/Desktop/ros2_ws/src/install/tramolaa/local/lib/python3.10/dist-packages/tramolaa/tramolaa_s__rosidl_typesupport_fastrtps_c.cpython-310-x86_64-linux-gnu.so
[3.588s] Listing '/home/efe/Desktop/ros2_ws/src/install/tramolaa/local/lib/python3.10/dist-packages/tramolaa'...
[3.588s] Compiling '/home/efe/Desktop/ros2_ws/src/install/tramolaa/local/lib/python3.10/dist-packages/tramolaa/__init__.py'...
[3.588s] Listing '/home/efe/Desktop/ros2_ws/src/install/tramolaa/local/lib/python3.10/dist-packages/tramolaa/msg'...
[3.588s] Compiling '/home/efe/Desktop/ros2_ws/src/install/tramolaa/local/lib/python3.10/dist-packages/tramolaa/msg/__init__.py'...
[3.588s] Compiling '/home/efe/Desktop/ros2_ws/src/install/tramolaa/local/lib/python3.10/dist-packages/tramolaa/msg/_detection.py'...
[3.588s] Compiling '/home/efe/Desktop/ros2_ws/src/install/tramolaa/local/lib/python3.10/dist-packages/tramolaa/msg/_detection_list.py'...
[3.592s] -- Installing: /home/efe/Desktop/ros2_ws/src/install/tramolaa/local/lib/python3.10/dist-packages/tramolaa/tramolaa_s__rosidl_typesupport_fastrtps_c.cpython-310-x86_64-linux-gnu.so
[3.592s] -- Set runtime path of "/home/efe/Desktop/ros2_ws/src/install/tramolaa/local/lib/python3.10/dist-packages/tramolaa/tramolaa_s__rosidl_typesupport_fastrtps_c.cpython-310-x86_64-linux-gnu.so" to ""
[3.593s] -- Installing: /home/efe/Desktop/ros2_ws/src/install/tramolaa/local/lib/python3.10/dist-packages/tramolaa/tramolaa_s__rosidl_typesupport_introspection_c.cpython-310-x86_64-linux-gnu.so
[3.593s] -- Set runtime path of "/home/efe/Desktop/ros2_ws/src/install/tramolaa/local/lib/python3.10/dist-packages/tramolaa/tramolaa_s__rosidl_typesupport_introspection_c.cpython-310-x86_64-linux-gnu.so" to ""
[3.593s] -- Installing: /home/efe/Desktop/ros2_ws/src/install/tramolaa/local/lib/python3.10/dist-packages/tramolaa/tramolaa_s__rosidl_typesupport_c.cpython-310-x86_64-linux-gnu.so
[3.593s] -- Set runtime path of "/home/efe/Desktop/ros2_ws/src/install/tramolaa/local/lib/python3.10/dist-packages/tramolaa/tramolaa_s__rosidl_typesupport_c.cpython-310-x86_64-linux-gnu.so" to ""
[3.594s] -- Installing: /home/efe/Desktop/ros2_ws/src/install/tramolaa/lib/libtramolaa__rosidl_generator_py.so
[3.594s] -- Set runtime path of "/home/efe/Desktop/ros2_ws/src/install/tramolaa/lib/libtramolaa__rosidl_generator_py.so" to ""
[3.594s] -- Installing: /home/efe/Desktop/ros2_ws/src/install/tramolaa/share/tramolaa/msg/Detection.idl
[3.594s] -- Installing: /home/efe/Desktop/ros2_ws/src/install/tramolaa/share/tramolaa/msg/DetectionList.idl
[3.594s] -- Installing: /home/efe/Desktop/ros2_ws/src/install/tramolaa/share/tramolaa/msg/Detection.msg
[3.595s] -- Installing: /home/efe/Desktop/ros2_ws/src/install/tramolaa/share/tramolaa/msg/DetectionList.msg
[3.595s] -- Installing: /home/efe/Desktop/ros2_ws/src/install/tramolaa/share/ament_index/resource_index/package_run_dependencies/tramolaa
[3.595s] -- Installing: /home/efe/Desktop/ros2_ws/src/install/tramolaa/share/ament_index/resource_index/parent_prefix_path/tramolaa
[3.595s] -- Installing: /home/efe/Desktop/ros2_ws/src/install/tramolaa/share/tramolaa/environment/ament_prefix_path.sh
[3.595s] -- Installing: /home/efe/Desktop/ros2_ws/src/install/tramolaa/share/tramolaa/environment/ament_prefix_path.dsv
[3.595s] -- Installing: /home/efe/Desktop/ros2_ws/src/install/tramolaa/share/tramolaa/environment/path.sh
[3.596s] -- Installing: /home/efe/Desktop/ros2_ws/src/install/tramolaa/share/tramolaa/environment/path.dsv
[3.596s] -- Installing: /home/efe/Desktop/ros2_ws/src/install/tramolaa/share/tramolaa/local_setup.bash
[3.596s] -- Installing: /home/efe/Desktop/ros2_ws/src/install/tramolaa/share/tramolaa/local_setup.sh
[3.596s] -- Installing: /home/efe/Desktop/ros2_ws/src/install/tramolaa/share/tramolaa/local_setup.zsh
[3.596s] -- Installing: /home/efe/Desktop/ros2_ws/src/install/tramolaa/share/tramolaa/local_setup.dsv
[3.597s] -- Installing: /home/efe/Desktop/ros2_ws/src/install/tramolaa/share/tramolaa/package.dsv
[3.597s] -- Installing: /home/efe/Desktop/ros2_ws/src/install/tramolaa/share/ament_index/resource_index/packages/tramolaa
[3.597s] -- Installing: /home/efe/Desktop/ros2_ws/src/install/tramolaa/share/tramolaa/cmake/export_tramolaa__rosidl_generator_cExport.cmake
[3.597s] -- Installing: /home/efe/Desktop/ros2_ws/src/install/tramolaa/share/tramolaa/cmake/export_tramolaa__rosidl_generator_cExport-noconfig.cmake
[3.597s] -- Installing: /home/efe/Desktop/ros2_ws/src/install/tramolaa/share/tramolaa/cmake/export_tramolaa__rosidl_typesupport_fastrtps_cExport.cmake
[3.598s] -- Installing: /home/efe/Desktop/ros2_ws/src/install/tramolaa/share/tramolaa/cmake/export_tramolaa__rosidl_typesupport_fastrtps_cExport-noconfig.cmake
[3.598s] -- Installing: /home/efe/Desktop/ros2_ws/src/install/tramolaa/share/tramolaa/cmake/export_tramolaa__rosidl_generator_cppExport.cmake
[3.598s] -- Installing: /home/efe/Desktop/ros2_ws/src/install/tramolaa/share/tramolaa/cmake/export_tramolaa__rosidl_typesupport_fastrtps_cppExport.cmake
[3.598s] -- Installing: /home/efe/Desktop/ros2_ws/src/install/tramolaa/share/tramolaa/cmake/export_tramolaa__rosidl_typesupport_fastrtps_cppExport-noconfig.cmake
[3.598s] -- Installing: /home/efe/Desktop/ros2_ws/src/install/tramolaa/share/tramolaa/cmake/tramolaa__rosidl_typesupport_introspection_cExport.cmake
[3.598s] -- Installing: /home/efe/Desktop/ros2_ws/src/install/tramolaa/share/tramolaa/cmake/tramolaa__rosidl_typesupport_introspection_cExport-noconfig.cmake
[3.599s] -- Installing: /home/efe/Desktop/ros2_ws/src/install/tramolaa/share/tramolaa/cmake/tramolaa__rosidl_typesupport_cExport.cmake
[3.599s] -- Installing: /home/efe/Desktop/ros2_ws/src/install/tramolaa/share/tramolaa/cmake/tramolaa__rosidl_typesupport_cExport-noconfig.cmake
[3.599s] -- Installing: /home/efe/Desktop/ros2_ws/src/install/tramolaa/share/tramolaa/cmake/tramolaa__rosidl_typesupport_introspection_cppExport.cmake
[3.599s] -- Installing: /home/efe/Desktop/ros2_ws/src/install/tramolaa/share/tramolaa/cmake/tramolaa__rosidl_typesupport_introspection_cppExport-noconfig.cmake
[3.600s] -- Installing: /home/efe/Desktop/ros2_ws/src/install/tramolaa/share/tramolaa/cmake/tramolaa__rosidl_typesupport_cppExport.cmake
[3.600s] -- Installing: /home/efe/Desktop/ros2_ws/src/install/tramolaa/share/tramolaa/cmake/tramolaa__rosidl_typesupport_cppExport-noconfig.cmake
[3.600s] -- Installing: /home/efe/Desktop/ros2_ws/src/install/tramolaa/share/tramolaa/cmake/export_tramolaa__rosidl_generator_pyExport.cmake
[3.600s] -- Installing: /home/efe/Desktop/ros2_ws/src/install/tramolaa/share/tramolaa/cmake/export_tramolaa__rosidl_generator_pyExport-noconfig.cmake
[3.600s] -- Installing: /home/efe/Desktop/ros2_ws/src/install/tramolaa/share/tramolaa/cmake/rosidl_cmake-extras.cmake
[3.600s] -- Installing: /home/efe/Desktop/ros2_ws/src/install/tramolaa/share/tramolaa/cmake/ament_cmake_export_dependencies-extras.cmake
[3.600s] -- Installing: /home/efe/Desktop/ros2_ws/src/install/tramolaa/share/tramolaa/cmake/ament_cmake_export_include_directories-extras.cmake
[3.601s] -- Installing: /home/efe/Desktop/ros2_ws/src/install/tramolaa/share/tramolaa/cmake/ament_cmake_export_libraries-extras.cmake
[3.601s] -- Installing: /home/efe/Desktop/ros2_ws/src/install/tramolaa/share/tramolaa/cmake/ament_cmake_export_targets-extras.cmake
[3.601s] -- Installing: /home/efe/Desktop/ros2_ws/src/install/tramolaa/share/tramolaa/cmake/rosidl_cmake_export_typesupport_targets-extras.cmake
[3.601s] -- Installing: /home/efe/Desktop/ros2_ws/src/install/tramolaa/share/tramolaa/cmake/rosidl_cmake_export_typesupport_libraries-extras.cmake
[3.601s] -- Installing: /home/efe/Desktop/ros2_ws/src/install/tramolaa/share/tramolaa/cmake/tramolaaConfig.cmake
[3.601s] -- Installing: /home/efe/Desktop/ros2_ws/src/install/tramolaa/share/tramolaa/cmake/tramolaaConfig-version.cmake
[3.601s] -- Installing: /home/efe/Desktop/ros2_ws/src/install/tramolaa/share/tramolaa/package.xml
[3.604s] Invoked command in '/home/efe/Desktop/ros2_ws/src/build/tramolaa' returned '0': CMAKE_PREFIX_PATH=${CMAKE_PREFIX_PATH}:/home/efe/Desktop/ros2_ws/install/tramola:/opt/ros/humble /usr/bin/cmake --install /home/efe/Desktop/ros2_ws/src/build/tramolaa
