[0.447s] Invoking command in '/home/efe/Desktop/ros2_ws/build/tramolaa': CMAKE_PREFIX_PATH=${CMAKE_PREFIX_PATH}:/home/efe/Desktop/ros2_ws/install/tramola:/opt/ros/humble /usr/bin/cmake --build /home/efe/Desktop/ros2_ws/build/tramolaa -- -j16 -l16
[0.493s] -- Found ament_cmake: 1.3.11 (/opt/ros/humble/share/ament_cmake/cmake)
[0.706s] -- Found ament_lint_auto: 0.12.11 (/opt/ros/humble/share/ament_lint_auto/cmake)
[0.829s] -- Found geometry_msgs: 4.2.4 (/opt/ros/humble/share/geometry_msgs/cmake)
[0.859s] -- Found rosidl_generator_c: 3.1.6 (/opt/ros/humble/share/rosidl_generator_c/cmake)
[0.862s] -- Found rosidl_adapter: 3.1.6 (/opt/ros/humble/share/rosidl_adapter/cmake)
[0.867s] -- Found rosidl_generator_cpp: 3.1.6 (/opt/ros/humble/share/rosidl_generator_cpp/cmake)
[0.876s] -- Using all available rosidl_typesupport_c: rosidl_typesupport_fastrtps_c;rosidl_typesupport_introspection_c
[0.889s] -- Using all available rosidl_typesupport_cpp: rosidl_typesupport_fastrtps_cpp;rosidl_typesupport_introspection_cpp
[0.933s] -- Found rosidl_default_generators: 1.2.0 (/opt/ros/humble/share/rosidl_default_generators/cmake)
[1.286s] -- Found ament_cmake_ros: 0.10.0 (/opt/ros/humble/share/ament_cmake_ros/cmake)
[1.909s] -- Using all available rosidl_typesupport_c: rosidl_typesupport_fastrtps_c;rosidl_typesupport_introspection_c
[2.136s] -- Using all available rosidl_typesupport_cpp: rosidl_typesupport_fastrtps_cpp;rosidl_typesupport_introspection_cpp
[2.170s] -- Found python_cmake_module: 0.10.0 (/opt/ros/humble/share/python_cmake_module/cmake)
[2.208s] -- Using PYTHON_EXECUTABLE: /usr/bin/python3
[2.209s] -- Using PYTHON_INCLUDE_DIRS: /usr/include/python3.10
[2.209s] -- Using PYTHON_LIBRARIES: /usr/lib/x86_64-linux-gnu/libpython3.10.so
[2.253s] -- Added test 'lint_cmake' to check CMake code style
[2.255s] -- Added test 'xmllint' to check XML markup files
[2.259s] -- Configuring done
[2.311s] -- Generating done
[2.334s] -- Build files have been written to: /home/efe/Desktop/ros2_ws/build/tramolaa
[2.396s] [  2%] [34m[1mGenerating C code for ROS interfaces[0m
[2.411s] [  5%] [34m[1mGenerating C++ code for ROS interfaces[0m
[2.434s] [  5%] Built target ament_cmake_python_copy_tramolaa
[2.767s] running egg_info
[2.768s] writing tramolaa.egg-info/PKG-INFO
[2.768s] writing dependency_links to tramolaa.egg-info/dependency_links.txt
[2.768s] writing top-level names to tramolaa.egg-info/top_level.txt
[2.772s] reading manifest file 'tramolaa.egg-info/SOURCES.txt'
[2.773s] writing manifest file 'tramolaa.egg-info/SOURCES.txt'
[2.890s] [  5%] Built target ament_cmake_python_build_tramolaa_egg
[2.910s] [  5%] Built target tramolaa__cpp
[2.928s] [ 12%] [34m[1mGenerating C++ type support dispatch for ROS interfaces[0m
[2.929s] [ 12%] [34m[1mGenerating C++ introspection for ROS interfaces[0m
[2.929s] [ 12%] [34m[1mGenerating C++ type support for eProsima Fast-RTPS[0m
[2.930s] [35m[1mConsolidate compiler generated dependencies of target tramolaa__rosidl_generator_c[0m
[2.954s] [ 17%] [32mBuilding C object CMakeFiles/tramolaa__rosidl_generator_c.dir/rosidl_generator_c/tramolaa/msg/detail/detection__functions.c.o[0m
[2.954s] [ 17%] [32mBuilding C object CMakeFiles/tramolaa__rosidl_generator_c.dir/rosidl_generator_c/tramolaa/msg/detail/detection_list__functions.c.o[0m
[3.034s] [ 20%] [32m[1mLinking C shared library libtramolaa__rosidl_generator_c.so[0m
[3.116s] [ 20%] Built target tramolaa__rosidl_generator_c
[3.141s] [ 28%] [34m[1mGenerating C type support dispatch for ROS interfaces[0m
[3.141s] [ 28%] [34m[1mGenerating C introspection for ROS interfaces[0m
[3.141s] [ 28%] [34m[1mGenerating C type support for eProsima Fast-RTPS[0m
[3.449s] [35m[1mConsolidate compiler generated dependencies of target tramolaa__rosidl_typesupport_cpp[0m
[3.449s] [35m[1mConsolidate compiler generated dependencies of target tramolaa__rosidl_typesupport_fastrtps_cpp[0m
[3.466s] [35m[1mConsolidate compiler generated dependencies of target tramolaa__rosidl_typesupport_introspection_cpp[0m
[3.477s] [ 35%] [32mBuilding CXX object CMakeFiles/tramolaa__rosidl_typesupport_fastrtps_cpp.dir/rosidl_typesupport_fastrtps_cpp/tramolaa/msg/detail/dds_fastrtps/detection_list__type_support.cpp.o[0m
[3.478s] [ 35%] [32mBuilding CXX object CMakeFiles/tramolaa__rosidl_typesupport_cpp.dir/rosidl_typesupport_cpp/tramolaa/msg/detection_list__type_support.cpp.o[0m
[3.478s] [ 35%] [32mBuilding CXX object CMakeFiles/tramolaa__rosidl_typesupport_cpp.dir/rosidl_typesupport_cpp/tramolaa/msg/detection__type_support.cpp.o[0m
[3.479s] [ 38%] [32mBuilding CXX object CMakeFiles/tramolaa__rosidl_typesupport_fastrtps_cpp.dir/rosidl_typesupport_fastrtps_cpp/tramolaa/msg/detail/dds_fastrtps/detection__type_support.cpp.o[0m
[3.498s] [ 43%] [32mBuilding CXX object CMakeFiles/tramolaa__rosidl_typesupport_introspection_cpp.dir/rosidl_typesupport_introspection_cpp/tramolaa/msg/detail/detection__type_support.cpp.o[0m
[3.498s] [ 43%] [32mBuilding CXX object CMakeFiles/tramolaa__rosidl_typesupport_introspection_cpp.dir/rosidl_typesupport_introspection_cpp/tramolaa/msg/detail/detection_list__type_support.cpp.o[0m
[3.655s] [35m[1mConsolidate compiler generated dependencies of target tramolaa__rosidl_typesupport_c[0m
[3.685s] [ 46%] [32mBuilding CXX object CMakeFiles/tramolaa__rosidl_typesupport_c.dir/rosidl_typesupport_c/tramolaa/msg/detection__type_support.cpp.o[0m
[3.695s] [ 48%] [32mBuilding CXX object CMakeFiles/tramolaa__rosidl_typesupport_c.dir/rosidl_typesupport_c/tramolaa/msg/detection_list__type_support.cpp.o[0m
[3.699s] [35m[1mConsolidate compiler generated dependencies of target tramolaa__rosidl_typesupport_fastrtps_c[0m
[3.705s] [35m[1mConsolidate compiler generated dependencies of target tramolaa__rosidl_typesupport_introspection_c[0m
[3.737s] [ 53%] [32mBuilding C object CMakeFiles/tramolaa__rosidl_typesupport_introspection_c.dir/rosidl_typesupport_introspection_c/tramolaa/msg/detail/detection__type_support.c.o[0m
[3.738s] [ 56%] [32mBuilding CXX object CMakeFiles/tramolaa__rosidl_typesupport_fastrtps_c.dir/rosidl_typesupport_fastrtps_c/tramolaa/msg/detail/detection_list__type_support_c.cpp.o[0m
[3.738s] [ 58%] [32mBuilding CXX object CMakeFiles/tramolaa__rosidl_typesupport_fastrtps_c.dir/rosidl_typesupport_fastrtps_c/tramolaa/msg/detail/detection__type_support_c.cpp.o[0m
[3.738s] [ 58%] [32mBuilding C object CMakeFiles/tramolaa__rosidl_typesupport_introspection_c.dir/rosidl_typesupport_introspection_c/tramolaa/msg/detail/detection_list__type_support.c.o[0m
[3.771s] [ 61%] [32m[1mLinking CXX shared library libtramolaa__rosidl_typesupport_c.so[0m
[3.821s] [ 64%] [32m[1mLinking C shared library libtramolaa__rosidl_typesupport_introspection_c.so[0m
[3.869s] [ 64%] Built target tramolaa__rosidl_typesupport_c
[3.908s] [ 64%] Built target tramolaa__rosidl_typesupport_introspection_c
[4.022s] [ 66%] [32m[1mLinking CXX shared library libtramolaa__rosidl_typesupport_cpp.so[0m
[4.125s] [ 66%] Built target tramolaa__rosidl_typesupport_cpp
[4.267s] [ 69%] [32m[1mLinking CXX shared library libtramolaa__rosidl_typesupport_introspection_cpp.so[0m
[4.294s] [ 71%] [32m[1mLinking CXX shared library libtramolaa__rosidl_typesupport_fastrtps_cpp.so[0m
[4.346s] [ 74%] [32m[1mLinking CXX shared library libtramolaa__rosidl_typesupport_fastrtps_c.so[0m
[4.542s] [ 74%] Built target tramolaa__rosidl_typesupport_introspection_cpp
[4.557s] [ 74%] Built target tramolaa__rosidl_typesupport_fastrtps_cpp
[4.605s] [ 74%] Built target tramolaa__rosidl_typesupport_fastrtps_c
[4.648s] [ 74%] Built target tramolaa
[4.694s] [ 76%] [34m[1mGenerating Python code for ROS interfaces[0m
[5.329s] [ 76%] Built target tramolaa__py
[5.350s] [35m[1mConsolidate compiler generated dependencies of target tramolaa__rosidl_generator_py[0m
[5.376s] [ 82%] [32mBuilding C object CMakeFiles/tramolaa__rosidl_generator_py.dir/rosidl_generator_py/tramolaa/msg/_detection_s.c.o[0m
[5.377s] [ 82%] [32mBuilding C object CMakeFiles/tramolaa__rosidl_generator_py.dir/rosidl_generator_py/tramolaa/msg/_detection_list_s.c.o[0m
[5.539s] [ 84%] [32m[1mLinking C shared library rosidl_generator_py/tramolaa/libtramolaa__rosidl_generator_py.so[0m
[5.611s] [ 84%] Built target tramolaa__rosidl_generator_py
[5.634s] [35m[1mConsolidate compiler generated dependencies of target tramolaa__rosidl_typesupport_fastrtps_c__pyext[0m
[5.634s] [35m[1mConsolidate compiler generated dependencies of target tramolaa__rosidl_typesupport_introspection_c__pyext[0m
[5.634s] [35m[1mConsolidate compiler generated dependencies of target tramolaa__rosidl_typesupport_c__pyext[0m
[5.660s] [ 92%] [32mBuilding C object CMakeFiles/tramolaa__rosidl_typesupport_introspection_c__pyext.dir/rosidl_generator_py/tramolaa/_tramolaa_s.ep.rosidl_typesupport_introspection_c.c.o[0m
[5.660s] [ 92%] [32mBuilding C object CMakeFiles/tramolaa__rosidl_typesupport_fastrtps_c__pyext.dir/rosidl_generator_py/tramolaa/_tramolaa_s.ep.rosidl_typesupport_fastrtps_c.c.o[0m
[5.661s] [ 92%] [32mBuilding C object CMakeFiles/tramolaa__rosidl_typesupport_c__pyext.dir/rosidl_generator_py/tramolaa/_tramolaa_s.ep.rosidl_typesupport_c.c.o[0m
[5.811s] [ 94%] [32m[1mLinking C shared library rosidl_generator_py/tramolaa/tramolaa_s__rosidl_typesupport_introspection_c.cpython-310-x86_64-linux-gnu.so[0m
[5.811s] [ 97%] [32m[1mLinking C shared library rosidl_generator_py/tramolaa/tramolaa_s__rosidl_typesupport_fastrtps_c.cpython-310-x86_64-linux-gnu.so[0m
[5.818s] [100%] [32m[1mLinking C shared library rosidl_generator_py/tramolaa/tramolaa_s__rosidl_typesupport_c.cpython-310-x86_64-linux-gnu.so[0m
[5.883s] [100%] Built target tramolaa__rosidl_typesupport_introspection_c__pyext
[5.883s] [100%] Built target tramolaa__rosidl_typesupport_fastrtps_c__pyext
[5.890s] [100%] Built target tramolaa__rosidl_typesupport_c__pyext
[5.920s] Invoked command in '/home/efe/Desktop/ros2_ws/build/tramolaa' returned '0': CMAKE_PREFIX_PATH=${CMAKE_PREFIX_PATH}:/home/efe/Desktop/ros2_ws/install/tramola:/opt/ros/humble /usr/bin/cmake --build /home/efe/Desktop/ros2_ws/build/tramolaa -- -j16 -l16
[5.943s] Invoking command in '/home/efe/Desktop/ros2_ws/build/tramolaa': CMAKE_PREFIX_PATH=${CMAKE_PREFIX_PATH}:/home/efe/Desktop/ros2_ws/install/tramola:/opt/ros/humble /usr/bin/cmake --install /home/efe/Desktop/ros2_ws/build/tramolaa
[5.957s] -- Install configuration: ""
[5.958s] -- Up-to-date: /home/efe/Desktop/ros2_ws/install/tramolaa/share/ament_index/resource_index/rosidl_interfaces/tramolaa
[5.958s] -- Up-to-date: /home/efe/Desktop/ros2_ws/install/tramolaa/include/tramolaa/tramolaa
[5.958s] -- Up-to-date: /home/efe/Desktop/ros2_ws/install/tramolaa/include/tramolaa/tramolaa/msg
[5.958s] -- Installing: /home/efe/Desktop/ros2_ws/install/tramolaa/include/tramolaa/tramolaa/msg/detection_list.h
[5.958s] -- Up-to-date: /home/efe/Desktop/ros2_ws/install/tramolaa/include/tramolaa/tramolaa/msg/detail
[5.958s] -- Installing: /home/efe/Desktop/ros2_ws/install/tramolaa/include/tramolaa/tramolaa/msg/detail/detection__struct.h
[5.958s] -- Installing: /home/efe/Desktop/ros2_ws/install/tramolaa/include/tramolaa/tramolaa/msg/detail/detection__type_support.h
[5.958s] -- Installing: /home/efe/Desktop/ros2_ws/install/tramolaa/include/tramolaa/tramolaa/msg/detail/detection_list__struct.h
[5.959s] -- Installing: /home/efe/Desktop/ros2_ws/install/tramolaa/include/tramolaa/tramolaa/msg/detail/detection__functions.c
[5.959s] -- Installing: /home/efe/Desktop/ros2_ws/install/tramolaa/include/tramolaa/tramolaa/msg/detail/detection_list__functions.c
[5.959s] -- Installing: /home/efe/Desktop/ros2_ws/install/tramolaa/include/tramolaa/tramolaa/msg/detail/detection__functions.h
[5.959s] -- Installing: /home/efe/Desktop/ros2_ws/install/tramolaa/include/tramolaa/tramolaa/msg/detail/detection_list__functions.h
[5.960s] -- Installing: /home/efe/Desktop/ros2_ws/install/tramolaa/include/tramolaa/tramolaa/msg/detail/detection_list__type_support.h
[5.960s] -- Installing: /home/efe/Desktop/ros2_ws/install/tramolaa/include/tramolaa/tramolaa/msg/detection.h
[5.960s] -- Up-to-date: /home/efe/Desktop/ros2_ws/install/tramolaa/include/tramolaa/tramolaa/msg/rosidl_generator_c__visibility_control.h
[5.960s] -- Up-to-date: /home/efe/Desktop/ros2_ws/install/tramolaa/share/tramolaa/environment/library_path.sh
[5.960s] -- Installing: /home/efe/Desktop/ros2_ws/install/tramolaa/share/tramolaa/environment/library_path.dsv
[5.962s] -- Installing: /home/efe/Desktop/ros2_ws/install/tramolaa/lib/libtramolaa__rosidl_generator_c.so
[5.962s] -- Set runtime path of "/home/efe/Desktop/ros2_ws/install/tramolaa/lib/libtramolaa__rosidl_generator_c.so" to ""
[5.962s] -- Up-to-date: /home/efe/Desktop/ros2_ws/install/tramolaa/include/tramolaa/tramolaa
[5.962s] -- Up-to-date: /home/efe/Desktop/ros2_ws/install/tramolaa/include/tramolaa/tramolaa/msg
[5.963s] -- Up-to-date: /home/efe/Desktop/ros2_ws/install/tramolaa/include/tramolaa/tramolaa/msg/detail
[5.963s] -- Installing: /home/efe/Desktop/ros2_ws/install/tramolaa/include/tramolaa/tramolaa/msg/detail/detection__rosidl_typesupport_fastrtps_c.h
[5.963s] -- Installing: /home/efe/Desktop/ros2_ws/install/tramolaa/include/tramolaa/tramolaa/msg/detail/detection_list__rosidl_typesupport_fastrtps_c.h
[5.963s] -- Up-to-date: /home/efe/Desktop/ros2_ws/install/tramolaa/include/tramolaa/tramolaa/msg/rosidl_typesupport_fastrtps_c__visibility_control.h
[5.963s] -- Installing: /home/efe/Desktop/ros2_ws/install/tramolaa/lib/libtramolaa__rosidl_typesupport_fastrtps_c.so
[5.964s] -- Set runtime path of "/home/efe/Desktop/ros2_ws/install/tramolaa/lib/libtramolaa__rosidl_typesupport_fastrtps_c.so" to ""
[5.964s] -- Up-to-date: /home/efe/Desktop/ros2_ws/install/tramolaa/include/tramolaa/tramolaa
[5.964s] -- Up-to-date: /home/efe/Desktop/ros2_ws/install/tramolaa/include/tramolaa/tramolaa/msg
[5.964s] -- Installing: /home/efe/Desktop/ros2_ws/install/tramolaa/include/tramolaa/tramolaa/msg/detection.hpp
[5.965s] -- Installing: /home/efe/Desktop/ros2_ws/install/tramolaa/include/tramolaa/tramolaa/msg/detection_list.hpp
[5.965s] -- Up-to-date: /home/efe/Desktop/ros2_ws/install/tramolaa/include/tramolaa/tramolaa/msg/detail
[5.965s] -- Installing: /home/efe/Desktop/ros2_ws/install/tramolaa/include/tramolaa/tramolaa/msg/detail/detection_list__type_support.hpp
[5.965s] -- Installing: /home/efe/Desktop/ros2_ws/install/tramolaa/include/tramolaa/tramolaa/msg/detail/detection_list__builder.hpp
[5.966s] -- Installing: /home/efe/Desktop/ros2_ws/install/tramolaa/include/tramolaa/tramolaa/msg/detail/detection__traits.hpp
[5.966s] -- Installing: /home/efe/Desktop/ros2_ws/install/tramolaa/include/tramolaa/tramolaa/msg/detail/detection__struct.hpp
[5.966s] -- Installing: /home/efe/Desktop/ros2_ws/install/tramolaa/include/tramolaa/tramolaa/msg/detail/detection__builder.hpp
[5.966s] -- Installing: /home/efe/Desktop/ros2_ws/install/tramolaa/include/tramolaa/tramolaa/msg/detail/detection_list__traits.hpp
[5.967s] -- Installing: /home/efe/Desktop/ros2_ws/install/tramolaa/include/tramolaa/tramolaa/msg/detail/detection__type_support.hpp
[5.967s] -- Installing: /home/efe/Desktop/ros2_ws/install/tramolaa/include/tramolaa/tramolaa/msg/detail/detection_list__struct.hpp
[5.967s] -- Up-to-date: /home/efe/Desktop/ros2_ws/install/tramolaa/include/tramolaa/tramolaa/msg/rosidl_generator_cpp__visibility_control.hpp
[5.967s] -- Up-to-date: /home/efe/Desktop/ros2_ws/install/tramolaa/include/tramolaa/tramolaa
[5.967s] -- Up-to-date: /home/efe/Desktop/ros2_ws/install/tramolaa/include/tramolaa/tramolaa/msg
[5.967s] -- Up-to-date: /home/efe/Desktop/ros2_ws/install/tramolaa/include/tramolaa/tramolaa/msg/detail
[5.967s] -- Installing: /home/efe/Desktop/ros2_ws/install/tramolaa/include/tramolaa/tramolaa/msg/detail/detection__rosidl_typesupport_fastrtps_cpp.hpp
[5.968s] -- Up-to-date: /home/efe/Desktop/ros2_ws/install/tramolaa/include/tramolaa/tramolaa/msg/detail/dds_fastrtps
[5.968s] -- Installing: /home/efe/Desktop/ros2_ws/install/tramolaa/include/tramolaa/tramolaa/msg/detail/detection_list__rosidl_typesupport_fastrtps_cpp.hpp
[5.968s] -- Up-to-date: /home/efe/Desktop/ros2_ws/install/tramolaa/include/tramolaa/tramolaa/msg/rosidl_typesupport_fastrtps_cpp__visibility_control.h
[5.968s] -- Installing: /home/efe/Desktop/ros2_ws/install/tramolaa/lib/libtramolaa__rosidl_typesupport_fastrtps_cpp.so
[5.969s] -- Set runtime path of "/home/efe/Desktop/ros2_ws/install/tramolaa/lib/libtramolaa__rosidl_typesupport_fastrtps_cpp.so" to ""
[5.969s] -- Up-to-date: /home/efe/Desktop/ros2_ws/install/tramolaa/include/tramolaa/tramolaa
[5.969s] -- Up-to-date: /home/efe/Desktop/ros2_ws/install/tramolaa/include/tramolaa/tramolaa/msg
[5.969s] -- Up-to-date: /home/efe/Desktop/ros2_ws/install/tramolaa/include/tramolaa/tramolaa/msg/detail
[5.969s] -- Installing: /home/efe/Desktop/ros2_ws/install/tramolaa/include/tramolaa/tramolaa/msg/detail/detection__rosidl_typesupport_introspection_c.h
[5.969s] -- Installing: /home/efe/Desktop/ros2_ws/install/tramolaa/include/tramolaa/tramolaa/msg/detail/detection__type_support.c
[5.969s] -- Installing: /home/efe/Desktop/ros2_ws/install/tramolaa/include/tramolaa/tramolaa/msg/detail/detection_list__rosidl_typesupport_introspection_c.h
[5.970s] -- Installing: /home/efe/Desktop/ros2_ws/install/tramolaa/include/tramolaa/tramolaa/msg/detail/detection_list__type_support.c
[5.970s] -- Up-to-date: /home/efe/Desktop/ros2_ws/install/tramolaa/include/tramolaa/tramolaa/msg/rosidl_typesupport_introspection_c__visibility_control.h
[5.970s] -- Installing: /home/efe/Desktop/ros2_ws/install/tramolaa/lib/libtramolaa__rosidl_typesupport_introspection_c.so
[5.971s] -- Set runtime path of "/home/efe/Desktop/ros2_ws/install/tramolaa/lib/libtramolaa__rosidl_typesupport_introspection_c.so" to ""
[5.971s] -- Installing: /home/efe/Desktop/ros2_ws/install/tramolaa/lib/libtramolaa__rosidl_typesupport_c.so
[5.971s] -- Set runtime path of "/home/efe/Desktop/ros2_ws/install/tramolaa/lib/libtramolaa__rosidl_typesupport_c.so" to ""
[5.972s] -- Up-to-date: /home/efe/Desktop/ros2_ws/install/tramolaa/include/tramolaa/tramolaa
[5.972s] -- Up-to-date: /home/efe/Desktop/ros2_ws/install/tramolaa/include/tramolaa/tramolaa/msg
[5.972s] -- Up-to-date: /home/efe/Desktop/ros2_ws/install/tramolaa/include/tramolaa/tramolaa/msg/detail
[5.972s] -- Installing: /home/efe/Desktop/ros2_ws/install/tramolaa/include/tramolaa/tramolaa/msg/detail/detection__rosidl_typesupport_introspection_cpp.hpp
[5.972s] -- Installing: /home/efe/Desktop/ros2_ws/install/tramolaa/include/tramolaa/tramolaa/msg/detail/detection__type_support.cpp
[5.972s] -- Installing: /home/efe/Desktop/ros2_ws/install/tramolaa/include/tramolaa/tramolaa/msg/detail/detection_list__type_support.cpp
[5.973s] -- Installing: /home/efe/Desktop/ros2_ws/install/tramolaa/include/tramolaa/tramolaa/msg/detail/detection_list__rosidl_typesupport_introspection_cpp.hpp
[5.973s] -- Installing: /home/efe/Desktop/ros2_ws/install/tramolaa/lib/libtramolaa__rosidl_typesupport_introspection_cpp.so
[5.974s] -- Set runtime path of "/home/efe/Desktop/ros2_ws/install/tramolaa/lib/libtramolaa__rosidl_typesupport_introspection_cpp.so" to ""
[5.974s] -- Installing: /home/efe/Desktop/ros2_ws/install/tramolaa/lib/libtramolaa__rosidl_typesupport_cpp.so
[5.975s] -- Set runtime path of "/home/efe/Desktop/ros2_ws/install/tramolaa/lib/libtramolaa__rosidl_typesupport_cpp.so" to ""
[5.975s] -- Up-to-date: /home/efe/Desktop/ros2_ws/install/tramolaa/share/tramolaa/environment/pythonpath.sh
[5.975s] -- Installing: /home/efe/Desktop/ros2_ws/install/tramolaa/share/tramolaa/environment/pythonpath.dsv
[5.975s] -- Up-to-date: /home/efe/Desktop/ros2_ws/install/tramolaa/local/lib/python3.10/dist-packages/tramolaa-0.0.0-py3.10.egg-info
[5.975s] -- Installing: /home/efe/Desktop/ros2_ws/install/tramolaa/local/lib/python3.10/dist-packages/tramolaa-0.0.0-py3.10.egg-info/PKG-INFO
[5.976s] -- Installing: /home/efe/Desktop/ros2_ws/install/tramolaa/local/lib/python3.10/dist-packages/tramolaa-0.0.0-py3.10.egg-info/dependency_links.txt
[5.976s] -- Installing: /home/efe/Desktop/ros2_ws/install/tramolaa/local/lib/python3.10/dist-packages/tramolaa-0.0.0-py3.10.egg-info/top_level.txt
[5.977s] -- Installing: /home/efe/Desktop/ros2_ws/install/tramolaa/local/lib/python3.10/dist-packages/tramolaa-0.0.0-py3.10.egg-info/SOURCES.txt
[5.977s] -- Up-to-date: /home/efe/Desktop/ros2_ws/install/tramolaa/local/lib/python3.10/dist-packages/tramolaa
[5.977s] -- Installing: /home/efe/Desktop/ros2_ws/install/tramolaa/local/lib/python3.10/dist-packages/tramolaa/_tramolaa_s.ep.rosidl_typesupport_fastrtps_c.c
[5.978s] -- Installing: /home/efe/Desktop/ros2_ws/install/tramolaa/local/lib/python3.10/dist-packages/tramolaa/_tramolaa_s.ep.rosidl_typesupport_c.c
[5.978s] -- Up-to-date: /home/efe/Desktop/ros2_ws/install/tramolaa/local/lib/python3.10/dist-packages/tramolaa/msg
[5.978s] -- Installing: /home/efe/Desktop/ros2_ws/install/tramolaa/local/lib/python3.10/dist-packages/tramolaa/msg/_detection.py
[5.979s] -- Installing: /home/efe/Desktop/ros2_ws/install/tramolaa/local/lib/python3.10/dist-packages/tramolaa/msg/_detection_list_s.c
[5.979s] -- Installing: /home/efe/Desktop/ros2_ws/install/tramolaa/local/lib/python3.10/dist-packages/tramolaa/msg/_detection_list.py
[5.980s] -- Installing: /home/efe/Desktop/ros2_ws/install/tramolaa/local/lib/python3.10/dist-packages/tramolaa/msg/__init__.py
[5.980s] -- Installing: /home/efe/Desktop/ros2_ws/install/tramolaa/local/lib/python3.10/dist-packages/tramolaa/msg/_detection_s.c
[5.980s] -- Installing: /home/efe/Desktop/ros2_ws/install/tramolaa/local/lib/python3.10/dist-packages/tramolaa/tramolaa_s__rosidl_typesupport_introspection_c.cpython-310-x86_64-linux-gnu.so
[5.980s] -- Installing: /home/efe/Desktop/ros2_ws/install/tramolaa/local/lib/python3.10/dist-packages/tramolaa/__init__.py
[5.980s] -- Installing: /home/efe/Desktop/ros2_ws/install/tramolaa/local/lib/python3.10/dist-packages/tramolaa/libtramolaa__rosidl_generator_py.so
[5.981s] -- Installing: /home/efe/Desktop/ros2_ws/install/tramolaa/local/lib/python3.10/dist-packages/tramolaa/tramolaa_s__rosidl_typesupport_c.cpython-310-x86_64-linux-gnu.so
[5.981s] -- Installing: /home/efe/Desktop/ros2_ws/install/tramolaa/local/lib/python3.10/dist-packages/tramolaa/_tramolaa_s.ep.rosidl_typesupport_introspection_c.c
[5.981s] -- Installing: /home/efe/Desktop/ros2_ws/install/tramolaa/local/lib/python3.10/dist-packages/tramolaa/tramolaa_s__rosidl_typesupport_fastrtps_c.cpython-310-x86_64-linux-gnu.so
[6.041s] Listing '/home/efe/Desktop/ros2_ws/install/tramolaa/local/lib/python3.10/dist-packages/tramolaa'...
[6.042s] Compiling '/home/efe/Desktop/ros2_ws/install/tramolaa/local/lib/python3.10/dist-packages/tramolaa/__init__.py'...
[6.042s] Listing '/home/efe/Desktop/ros2_ws/install/tramolaa/local/lib/python3.10/dist-packages/tramolaa/msg'...
[6.042s] Compiling '/home/efe/Desktop/ros2_ws/install/tramolaa/local/lib/python3.10/dist-packages/tramolaa/msg/__init__.py'...
[6.042s] Compiling '/home/efe/Desktop/ros2_ws/install/tramolaa/local/lib/python3.10/dist-packages/tramolaa/msg/_detection.py'...
[6.042s] Compiling '/home/efe/Desktop/ros2_ws/install/tramolaa/local/lib/python3.10/dist-packages/tramolaa/msg/_detection_list.py'...
[6.059s] -- Installing: /home/efe/Desktop/ros2_ws/install/tramolaa/local/lib/python3.10/dist-packages/tramolaa/tramolaa_s__rosidl_typesupport_fastrtps_c.cpython-310-x86_64-linux-gnu.so
[6.060s] -- Set runtime path of "/home/efe/Desktop/ros2_ws/install/tramolaa/local/lib/python3.10/dist-packages/tramolaa/tramolaa_s__rosidl_typesupport_fastrtps_c.cpython-310-x86_64-linux-gnu.so" to ""
[6.060s] -- Installing: /home/efe/Desktop/ros2_ws/install/tramolaa/local/lib/python3.10/dist-packages/tramolaa/tramolaa_s__rosidl_typesupport_introspection_c.cpython-310-x86_64-linux-gnu.so
[6.061s] -- Set runtime path of "/home/efe/Desktop/ros2_ws/install/tramolaa/local/lib/python3.10/dist-packages/tramolaa/tramolaa_s__rosidl_typesupport_introspection_c.cpython-310-x86_64-linux-gnu.so" to ""
[6.061s] -- Installing: /home/efe/Desktop/ros2_ws/install/tramolaa/local/lib/python3.10/dist-packages/tramolaa/tramolaa_s__rosidl_typesupport_c.cpython-310-x86_64-linux-gnu.so
[6.061s] -- Set runtime path of "/home/efe/Desktop/ros2_ws/install/tramolaa/local/lib/python3.10/dist-packages/tramolaa/tramolaa_s__rosidl_typesupport_c.cpython-310-x86_64-linux-gnu.so" to ""
[6.062s] -- Installing: /home/efe/Desktop/ros2_ws/install/tramolaa/lib/libtramolaa__rosidl_generator_py.so
[6.062s] -- Set runtime path of "/home/efe/Desktop/ros2_ws/install/tramolaa/lib/libtramolaa__rosidl_generator_py.so" to ""
[6.062s] -- Up-to-date: /home/efe/Desktop/ros2_ws/install/tramolaa/share/tramolaa/msg/Detection.idl
[6.063s] -- Installing: /home/efe/Desktop/ros2_ws/install/tramolaa/share/tramolaa/msg/DetectionList.idl
[6.063s] -- Up-to-date: /home/efe/Desktop/ros2_ws/install/tramolaa/share/tramolaa/msg/Detection.msg
[6.063s] -- Installing: /home/efe/Desktop/ros2_ws/install/tramolaa/share/tramolaa/msg/DetectionList.msg
[6.063s] -- Up-to-date: /home/efe/Desktop/ros2_ws/install/tramolaa/share/ament_index/resource_index/package_run_dependencies/tramolaa
[6.063s] -- Installing: /home/efe/Desktop/ros2_ws/install/tramolaa/share/ament_index/resource_index/parent_prefix_path/tramolaa
[6.064s] -- Up-to-date: /home/efe/Desktop/ros2_ws/install/tramolaa/share/tramolaa/environment/ament_prefix_path.sh
[6.064s] -- Installing: /home/efe/Desktop/ros2_ws/install/tramolaa/share/tramolaa/environment/ament_prefix_path.dsv
[6.064s] -- Up-to-date: /home/efe/Desktop/ros2_ws/install/tramolaa/share/tramolaa/environment/path.sh
[6.064s] -- Installing: /home/efe/Desktop/ros2_ws/install/tramolaa/share/tramolaa/environment/path.dsv
[6.065s] -- Up-to-date: /home/efe/Desktop/ros2_ws/install/tramolaa/share/tramolaa/local_setup.bash
[6.065s] -- Up-to-date: /home/efe/Desktop/ros2_ws/install/tramolaa/share/tramolaa/local_setup.sh
[6.065s] -- Up-to-date: /home/efe/Desktop/ros2_ws/install/tramolaa/share/tramolaa/local_setup.zsh
[6.065s] -- Installing: /home/efe/Desktop/ros2_ws/install/tramolaa/share/tramolaa/local_setup.dsv
[6.065s] -- Installing: /home/efe/Desktop/ros2_ws/install/tramolaa/share/tramolaa/package.dsv
[6.066s] -- Up-to-date: /home/efe/Desktop/ros2_ws/install/tramolaa/share/ament_index/resource_index/packages/tramolaa
[6.066s] -- Up-to-date: /home/efe/Desktop/ros2_ws/install/tramolaa/share/tramolaa/cmake/export_tramolaa__rosidl_generator_cExport.cmake
[6.066s] -- Up-to-date: /home/efe/Desktop/ros2_ws/install/tramolaa/share/tramolaa/cmake/export_tramolaa__rosidl_generator_cExport-noconfig.cmake
[6.066s] -- Up-to-date: /home/efe/Desktop/ros2_ws/install/tramolaa/share/tramolaa/cmake/export_tramolaa__rosidl_typesupport_fastrtps_cExport.cmake
[6.066s] -- Up-to-date: /home/efe/Desktop/ros2_ws/install/tramolaa/share/tramolaa/cmake/export_tramolaa__rosidl_typesupport_fastrtps_cExport-noconfig.cmake
[6.066s] -- Up-to-date: /home/efe/Desktop/ros2_ws/install/tramolaa/share/tramolaa/cmake/export_tramolaa__rosidl_generator_cppExport.cmake
[6.067s] -- Up-to-date: /home/efe/Desktop/ros2_ws/install/tramolaa/share/tramolaa/cmake/export_tramolaa__rosidl_typesupport_fastrtps_cppExport.cmake
[6.067s] -- Up-to-date: /home/efe/Desktop/ros2_ws/install/tramolaa/share/tramolaa/cmake/export_tramolaa__rosidl_typesupport_fastrtps_cppExport-noconfig.cmake
[6.067s] -- Up-to-date: /home/efe/Desktop/ros2_ws/install/tramolaa/share/tramolaa/cmake/tramolaa__rosidl_typesupport_introspection_cExport.cmake
[6.067s] -- Up-to-date: /home/efe/Desktop/ros2_ws/install/tramolaa/share/tramolaa/cmake/tramolaa__rosidl_typesupport_introspection_cExport-noconfig.cmake
[6.067s] -- Up-to-date: /home/efe/Desktop/ros2_ws/install/tramolaa/share/tramolaa/cmake/tramolaa__rosidl_typesupport_cExport.cmake
[6.067s] -- Up-to-date: /home/efe/Desktop/ros2_ws/install/tramolaa/share/tramolaa/cmake/tramolaa__rosidl_typesupport_cExport-noconfig.cmake
[6.067s] -- Up-to-date: /home/efe/Desktop/ros2_ws/install/tramolaa/share/tramolaa/cmake/tramolaa__rosidl_typesupport_introspection_cppExport.cmake
[6.067s] -- Up-to-date: /home/efe/Desktop/ros2_ws/install/tramolaa/share/tramolaa/cmake/tramolaa__rosidl_typesupport_introspection_cppExport-noconfig.cmake
[6.068s] -- Up-to-date: /home/efe/Desktop/ros2_ws/install/tramolaa/share/tramolaa/cmake/tramolaa__rosidl_typesupport_cppExport.cmake
[6.068s] -- Up-to-date: /home/efe/Desktop/ros2_ws/install/tramolaa/share/tramolaa/cmake/tramolaa__rosidl_typesupport_cppExport-noconfig.cmake
[6.068s] -- Up-to-date: /home/efe/Desktop/ros2_ws/install/tramolaa/share/tramolaa/cmake/export_tramolaa__rosidl_generator_pyExport.cmake
[6.068s] -- Up-to-date: /home/efe/Desktop/ros2_ws/install/tramolaa/share/tramolaa/cmake/export_tramolaa__rosidl_generator_pyExport-noconfig.cmake
[6.068s] -- Up-to-date: /home/efe/Desktop/ros2_ws/install/tramolaa/share/tramolaa/cmake/rosidl_cmake-extras.cmake
[6.068s] -- Up-to-date: /home/efe/Desktop/ros2_ws/install/tramolaa/share/tramolaa/cmake/ament_cmake_export_dependencies-extras.cmake
[6.068s] -- Up-to-date: /home/efe/Desktop/ros2_ws/install/tramolaa/share/tramolaa/cmake/ament_cmake_export_include_directories-extras.cmake
[6.068s] -- Up-to-date: /home/efe/Desktop/ros2_ws/install/tramolaa/share/tramolaa/cmake/ament_cmake_export_libraries-extras.cmake
[6.069s] -- Up-to-date: /home/efe/Desktop/ros2_ws/install/tramolaa/share/tramolaa/cmake/ament_cmake_export_targets-extras.cmake
[6.069s] -- Up-to-date: /home/efe/Desktop/ros2_ws/install/tramolaa/share/tramolaa/cmake/rosidl_cmake_export_typesupport_targets-extras.cmake
[6.069s] -- Up-to-date: /home/efe/Desktop/ros2_ws/install/tramolaa/share/tramolaa/cmake/rosidl_cmake_export_typesupport_libraries-extras.cmake
[6.069s] -- Up-to-date: /home/efe/Desktop/ros2_ws/install/tramolaa/share/tramolaa/cmake/tramolaaConfig.cmake
[6.069s] -- Up-to-date: /home/efe/Desktop/ros2_ws/install/tramolaa/share/tramolaa/cmake/tramolaaConfig-version.cmake
[6.069s] -- Up-to-date: /home/efe/Desktop/ros2_ws/install/tramolaa/share/tramolaa/package.xml
[6.075s] Invoked command in '/home/efe/Desktop/ros2_ws/build/tramolaa' returned '0': CMAKE_PREFIX_PATH=${CMAKE_PREFIX_PATH}:/home/efe/Desktop/ros2_ws/install/tramola:/opt/ros/humble /usr/bin/cmake --install /home/efe/Desktop/ros2_ws/build/tramolaa
