-- The C compiler identification is GNU 11.4.0
-- The CXX compiler identification is GNU 11.4.0
-- Detecting C compiler ABI info
-- Detecting C compiler ABI info - done
-- Check for working C compiler: /usr/bin/cc - skipped
-- Detecting C compile features
-- Detecting C compile features - done
-- Detecting CXX compiler ABI info
-- Detecting CXX compiler ABI info - done
-- Check for working CXX compiler: /usr/bin/c++ - skipped
-- Detecting CXX compile features
-- Detecting CXX compile features - done
-- Found ament_cmake: 1.3.11 (/opt/ros/humble/share/ament_cmake/cmake)
-- Found Python3: /usr/bin/python3 (found version "3.10.12") found components: Interpreter 
-- Found ament_lint_auto: 0.12.11 (/opt/ros/humble/share/ament_lint_auto/cmake)
-- Found geometry_msgs: 4.2.4 (/opt/ros/humble/share/geometry_msgs/cmake)
-- Found rosidl_generator_c: 3.1.6 (/opt/ros/humble/share/rosidl_generator_c/cmake)
-- Found rosidl_adapter: 3.1.6 (/opt/ros/humble/share/rosidl_adapter/cmake)
-- Found rosidl_generator_cpp: 3.1.6 (/opt/ros/humble/share/rosidl_generator_cpp/cmake)
-- Using all available rosidl_typesupport_c: rosidl_typesupport_fastrtps_c;rosidl_typesupport_introspection_c
-- Using all available rosidl_typesupport_cpp: rosidl_typesupport_fastrtps_cpp;rosidl_typesupport_introspection_cpp
-- Found rosidl_default_generators: 1.2.0 (/opt/ros/humble/share/rosidl_default_generators/cmake)
-- Found ament_cmake_ros: 0.10.0 (/opt/ros/humble/share/ament_cmake_ros/cmake)
-- Using all available rosidl_typesupport_c: rosidl_typesupport_fastrtps_c;rosidl_typesupport_introspection_c
-- Using all available rosidl_typesupport_cpp: rosidl_typesupport_fastrtps_cpp;rosidl_typesupport_introspection_cpp
-- Found PythonInterp: /usr/bin/python3 (found suitable version "3.10.12", minimum required is "3.6") 
-- Found python_cmake_module: 0.10.0 (/opt/ros/humble/share/python_cmake_module/cmake)
-- Found PythonLibs: /usr/lib/x86_64-linux-gnu/libpython3.10.so (found suitable version "3.10.12", minimum required is "3.5") 
-- Using PYTHON_EXECUTABLE: /usr/bin/python3
-- Using PYTHON_INCLUDE_DIRS: /usr/include/python3.10
-- Using PYTHON_LIBRARIES: /usr/lib/x86_64-linux-gnu/libpython3.10.so
-- Found PythonExtra: .so  
-- Added test 'lint_cmake' to check CMake code style
-- Added test 'xmllint' to check XML markup files
-- Configuring done
-- Generating done
-- Build files have been written to: /home/efe/Desktop/ros2_ws/build/tramolaa
[  2%] [34m[1mGenerating C code for ROS interfaces[0m
[  5%] [34m[1mGenerating C++ code for ROS interfaces[0m
[  5%] Built target ament_cmake_python_copy_tramolaa
running egg_info
creating tramolaa.egg-info
writing tramolaa.egg-info/PKG-INFO
writing dependency_links to tramolaa.egg-info/dependency_links.txt
writing top-level names to tramolaa.egg-info/top_level.txt
writing manifest file 'tramolaa.egg-info/SOURCES.txt'
reading manifest file 'tramolaa.egg-info/SOURCES.txt'
writing manifest file 'tramolaa.egg-info/SOURCES.txt'
[  5%] Built target ament_cmake_python_build_tramolaa_egg
[  7%] [32mBuilding C object CMakeFiles/tramolaa__rosidl_generator_c.dir/rosidl_generator_c/tramolaa/msg/detail/detection__functions.c.o[0m
[ 10%] [32mBuilding C object CMakeFiles/tramolaa__rosidl_generator_c.dir/rosidl_generator_c/tramolaa/msg/detail/detection_list__functions.c.o[0m
[ 10%] Built target tramolaa__cpp
[ 17%] [34m[1mGenerating C++ introspection for ROS interfaces[0m
[ 17%] [34m[1mGenerating C++ type support for eProsima Fast-RTPS[0m
[ 17%] [34m[1mGenerating C++ type support dispatch for ROS interfaces[0m
[ 20%] [32m[1mLinking C shared library libtramolaa__rosidl_generator_c.so[0m
[ 20%] Built target tramolaa__rosidl_generator_c
[ 28%] [34m[1mGenerating C introspection for ROS interfaces[0m
[ 28%] [34m[1mGenerating C type support dispatch for ROS interfaces[0m
[ 28%] [34m[1mGenerating C type support for eProsima Fast-RTPS[0m
[ 33%] [32mBuilding CXX object CMakeFiles/tramolaa__rosidl_typesupport_cpp.dir/rosidl_typesupport_cpp/tramolaa/msg/detection_list__type_support.cpp.o[0m
[ 33%] [32mBuilding CXX object CMakeFiles/tramolaa__rosidl_typesupport_cpp.dir/rosidl_typesupport_cpp/tramolaa/msg/detection__type_support.cpp.o[0m
[ 38%] [32mBuilding CXX object CMakeFiles/tramolaa__rosidl_typesupport_introspection_cpp.dir/rosidl_typesupport_introspection_cpp/tramolaa/msg/detail/detection_list__type_support.cpp.o[0m
[ 38%] [32mBuilding CXX object CMakeFiles/tramolaa__rosidl_typesupport_introspection_cpp.dir/rosidl_typesupport_introspection_cpp/tramolaa/msg/detail/detection__type_support.cpp.o[0m
[ 41%] [32mBuilding CXX object CMakeFiles/tramolaa__rosidl_typesupport_fastrtps_cpp.dir/rosidl_typesupport_fastrtps_cpp/tramolaa/msg/detail/dds_fastrtps/detection__type_support.cpp.o[0m
[ 43%] [32mBuilding CXX object CMakeFiles/tramolaa__rosidl_typesupport_fastrtps_cpp.dir/rosidl_typesupport_fastrtps_cpp/tramolaa/msg/detail/dds_fastrtps/detection_list__type_support.cpp.o[0m
[ 48%] [32mBuilding CXX object CMakeFiles/tramolaa__rosidl_typesupport_c.dir/rosidl_typesupport_c/tramolaa/msg/detection__type_support.cpp.o[0m
[ 48%] [32mBuilding CXX object CMakeFiles/tramolaa__rosidl_typesupport_c.dir/rosidl_typesupport_c/tramolaa/msg/detection_list__type_support.cpp.o[0m
[ 51%] [32m[1mLinking CXX shared library libtramolaa__rosidl_typesupport_c.so[0m
[ 58%] [32mBuilding CXX object CMakeFiles/tramolaa__rosidl_typesupport_fastrtps_c.dir/rosidl_typesupport_fastrtps_c/tramolaa/msg/detail/detection__type_support_c.cpp.o[0m
[ 58%] [32mBuilding C object CMakeFiles/tramolaa__rosidl_typesupport_introspection_c.dir/rosidl_typesupport_introspection_c/tramolaa/msg/detail/detection_list__type_support.c.o[0m
[ 58%] [32mBuilding C object CMakeFiles/tramolaa__rosidl_typesupport_introspection_c.dir/rosidl_typesupport_introspection_c/tramolaa/msg/detail/detection__type_support.c.o[0m
[ 61%] [32mBuilding CXX object CMakeFiles/tramolaa__rosidl_typesupport_fastrtps_c.dir/rosidl_typesupport_fastrtps_c/tramolaa/msg/detail/detection_list__type_support_c.cpp.o[0m
[ 64%] [32m[1mLinking C shared library libtramolaa__rosidl_typesupport_introspection_c.so[0m
[ 64%] Built target tramolaa__rosidl_typesupport_c
[ 64%] Built target tramolaa__rosidl_typesupport_introspection_c
[ 66%] [32m[1mLinking CXX shared library libtramolaa__rosidl_typesupport_cpp.so[0m
[ 66%] Built target tramolaa__rosidl_typesupport_cpp
[ 69%] [32m[1mLinking CXX shared library libtramolaa__rosidl_typesupport_introspection_cpp.so[0m
[ 71%] [32m[1mLinking CXX shared library libtramolaa__rosidl_typesupport_fastrtps_cpp.so[0m
[ 74%] [32m[1mLinking CXX shared library libtramolaa__rosidl_typesupport_fastrtps_c.so[0m
[ 74%] Built target tramolaa__rosidl_typesupport_introspection_cpp
[ 74%] Built target tramolaa__rosidl_typesupport_fastrtps_cpp
[ 74%] Built target tramolaa__rosidl_typesupport_fastrtps_c
[ 74%] Built target tramolaa
[ 76%] [34m[1mGenerating Python code for ROS interfaces[0m
[ 76%] Built target tramolaa__py
[ 82%] [32mBuilding C object CMakeFiles/tramolaa__rosidl_generator_py.dir/rosidl_generator_py/tramolaa/msg/_detection_s.c.o[0m
[ 82%] [32mBuilding C object CMakeFiles/tramolaa__rosidl_generator_py.dir/rosidl_generator_py/tramolaa/msg/_detection_list_s.c.o[0m
[ 84%] [32m[1mLinking C shared library rosidl_generator_py/tramolaa/libtramolaa__rosidl_generator_py.so[0m
[ 84%] Built target tramolaa__rosidl_generator_py
[ 92%] [32mBuilding C object CMakeFiles/tramolaa__rosidl_typesupport_c__pyext.dir/rosidl_generator_py/tramolaa/_tramolaa_s.ep.rosidl_typesupport_c.c.o[0m
[ 92%] [32mBuilding C object CMakeFiles/tramolaa__rosidl_typesupport_introspection_c__pyext.dir/rosidl_generator_py/tramolaa/_tramolaa_s.ep.rosidl_typesupport_introspection_c.c.o[0m
[ 92%] [32mBuilding C object CMakeFiles/tramolaa__rosidl_typesupport_fastrtps_c__pyext.dir/rosidl_generator_py/tramolaa/_tramolaa_s.ep.rosidl_typesupport_fastrtps_c.c.o[0m
[100%] [32m[1mLinking C shared library rosidl_generator_py/tramolaa/tramolaa_s__rosidl_typesupport_fastrtps_c.cpython-310-x86_64-linux-gnu.so[0m
[100%] [32m[1mLinking C shared library rosidl_generator_py/tramolaa/tramolaa_s__rosidl_typesupport_introspection_c.cpython-310-x86_64-linux-gnu.so[0m
[100%] [32m[1mLinking C shared library rosidl_generator_py/tramolaa/tramolaa_s__rosidl_typesupport_c.cpython-310-x86_64-linux-gnu.so[0m
[100%] Built target tramolaa__rosidl_typesupport_fastrtps_c__pyext
[100%] Built target tramolaa__rosidl_typesupport_c__pyext
[100%] Built target tramolaa__rosidl_typesupport_introspection_c__pyext
-- Install configuration: ""
-- Installing: /home/efe/Desktop/ros2_ws/install/tramolaa/share/ament_index/resource_index/rosidl_interfaces/tramolaa
-- Installing: /home/efe/Desktop/ros2_ws/install/tramolaa/include/tramolaa/tramolaa
-- Installing: /home/efe/Desktop/ros2_ws/install/tramolaa/include/tramolaa/tramolaa/msg
-- Installing: /home/efe/Desktop/ros2_ws/install/tramolaa/include/tramolaa/tramolaa/msg/detection_list.h
-- Installing: /home/efe/Desktop/ros2_ws/install/tramolaa/include/tramolaa/tramolaa/msg/detail
-- Installing: /home/efe/Desktop/ros2_ws/install/tramolaa/include/tramolaa/tramolaa/msg/detail/detection__struct.h
-- Installing: /home/efe/Desktop/ros2_ws/install/tramolaa/include/tramolaa/tramolaa/msg/detail/detection__type_support.h
-- Installing: /home/efe/Desktop/ros2_ws/install/tramolaa/include/tramolaa/tramolaa/msg/detail/detection_list__struct.h
-- Installing: /home/efe/Desktop/ros2_ws/install/tramolaa/include/tramolaa/tramolaa/msg/detail/detection__functions.c
-- Installing: /home/efe/Desktop/ros2_ws/install/tramolaa/include/tramolaa/tramolaa/msg/detail/detection_list__functions.c
-- Installing: /home/efe/Desktop/ros2_ws/install/tramolaa/include/tramolaa/tramolaa/msg/detail/detection__functions.h
-- Installing: /home/efe/Desktop/ros2_ws/install/tramolaa/include/tramolaa/tramolaa/msg/detail/detection_list__functions.h
-- Installing: /home/efe/Desktop/ros2_ws/install/tramolaa/include/tramolaa/tramolaa/msg/detail/detection_list__type_support.h
-- Installing: /home/efe/Desktop/ros2_ws/install/tramolaa/include/tramolaa/tramolaa/msg/detection.h
-- Installing: /home/efe/Desktop/ros2_ws/install/tramolaa/include/tramolaa/tramolaa/msg/rosidl_generator_c__visibility_control.h
-- Installing: /home/efe/Desktop/ros2_ws/install/tramolaa/share/tramolaa/environment/library_path.sh
-- Installing: /home/efe/Desktop/ros2_ws/install/tramolaa/share/tramolaa/environment/library_path.dsv
-- Installing: /home/efe/Desktop/ros2_ws/install/tramolaa/lib/libtramolaa__rosidl_generator_c.so
-- Set runtime path of "/home/efe/Desktop/ros2_ws/install/tramolaa/lib/libtramolaa__rosidl_generator_c.so" to ""
-- Up-to-date: /home/efe/Desktop/ros2_ws/install/tramolaa/include/tramolaa/tramolaa
-- Up-to-date: /home/efe/Desktop/ros2_ws/install/tramolaa/include/tramolaa/tramolaa/msg
-- Up-to-date: /home/efe/Desktop/ros2_ws/install/tramolaa/include/tramolaa/tramolaa/msg/detail
-- Installing: /home/efe/Desktop/ros2_ws/install/tramolaa/include/tramolaa/tramolaa/msg/detail/detection__rosidl_typesupport_fastrtps_c.h
-- Installing: /home/efe/Desktop/ros2_ws/install/tramolaa/include/tramolaa/tramolaa/msg/detail/detection_list__rosidl_typesupport_fastrtps_c.h
-- Installing: /home/efe/Desktop/ros2_ws/install/tramolaa/include/tramolaa/tramolaa/msg/rosidl_typesupport_fastrtps_c__visibility_control.h
-- Installing: /home/efe/Desktop/ros2_ws/install/tramolaa/lib/libtramolaa__rosidl_typesupport_fastrtps_c.so
-- Set runtime path of "/home/efe/Desktop/ros2_ws/install/tramolaa/lib/libtramolaa__rosidl_typesupport_fastrtps_c.so" to ""
-- Up-to-date: /home/efe/Desktop/ros2_ws/install/tramolaa/include/tramolaa/tramolaa
-- Up-to-date: /home/efe/Desktop/ros2_ws/install/tramolaa/include/tramolaa/tramolaa/msg
-- Installing: /home/efe/Desktop/ros2_ws/install/tramolaa/include/tramolaa/tramolaa/msg/detection.hpp
-- Installing: /home/efe/Desktop/ros2_ws/install/tramolaa/include/tramolaa/tramolaa/msg/detection_list.hpp
-- Up-to-date: /home/efe/Desktop/ros2_ws/install/tramolaa/include/tramolaa/tramolaa/msg/detail
-- Installing: /home/efe/Desktop/ros2_ws/install/tramolaa/include/tramolaa/tramolaa/msg/detail/detection_list__type_support.hpp
-- Installing: /home/efe/Desktop/ros2_ws/install/tramolaa/include/tramolaa/tramolaa/msg/detail/detection_list__builder.hpp
-- Installing: /home/efe/Desktop/ros2_ws/install/tramolaa/include/tramolaa/tramolaa/msg/detail/detection__traits.hpp
-- Installing: /home/efe/Desktop/ros2_ws/install/tramolaa/include/tramolaa/tramolaa/msg/detail/detection__struct.hpp
-- Installing: /home/efe/Desktop/ros2_ws/install/tramolaa/include/tramolaa/tramolaa/msg/detail/detection__builder.hpp
-- Installing: /home/efe/Desktop/ros2_ws/install/tramolaa/include/tramolaa/tramolaa/msg/detail/detection_list__traits.hpp
-- Installing: /home/efe/Desktop/ros2_ws/install/tramolaa/include/tramolaa/tramolaa/msg/detail/detection__type_support.hpp
-- Installing: /home/efe/Desktop/ros2_ws/install/tramolaa/include/tramolaa/tramolaa/msg/detail/detection_list__struct.hpp
-- Installing: /home/efe/Desktop/ros2_ws/install/tramolaa/include/tramolaa/tramolaa/msg/rosidl_generator_cpp__visibility_control.hpp
-- Up-to-date: /home/efe/Desktop/ros2_ws/install/tramolaa/include/tramolaa/tramolaa
-- Up-to-date: /home/efe/Desktop/ros2_ws/install/tramolaa/include/tramolaa/tramolaa/msg
-- Up-to-date: /home/efe/Desktop/ros2_ws/install/tramolaa/include/tramolaa/tramolaa/msg/detail
-- Installing: /home/efe/Desktop/ros2_ws/install/tramolaa/include/tramolaa/tramolaa/msg/detail/detection__rosidl_typesupport_fastrtps_cpp.hpp
-- Installing: /home/efe/Desktop/ros2_ws/install/tramolaa/include/tramolaa/tramolaa/msg/detail/dds_fastrtps
-- Installing: /home/efe/Desktop/ros2_ws/install/tramolaa/include/tramolaa/tramolaa/msg/detail/detection_list__rosidl_typesupport_fastrtps_cpp.hpp
-- Installing: /home/efe/Desktop/ros2_ws/install/tramolaa/include/tramolaa/tramolaa/msg/rosidl_typesupport_fastrtps_cpp__visibility_control.h
-- Installing: /home/efe/Desktop/ros2_ws/install/tramolaa/lib/libtramolaa__rosidl_typesupport_fastrtps_cpp.so
-- Set runtime path of "/home/efe/Desktop/ros2_ws/install/tramolaa/lib/libtramolaa__rosidl_typesupport_fastrtps_cpp.so" to ""
-- Up-to-date: /home/efe/Desktop/ros2_ws/install/tramolaa/include/tramolaa/tramolaa
-- Up-to-date: /home/efe/Desktop/ros2_ws/install/tramolaa/include/tramolaa/tramolaa/msg
-- Up-to-date: /home/efe/Desktop/ros2_ws/install/tramolaa/include/tramolaa/tramolaa/msg/detail
-- Installing: /home/efe/Desktop/ros2_ws/install/tramolaa/include/tramolaa/tramolaa/msg/detail/detection__rosidl_typesupport_introspection_c.h
-- Installing: /home/efe/Desktop/ros2_ws/install/tramolaa/include/tramolaa/tramolaa/msg/detail/detection__type_support.c
-- Installing: /home/efe/Desktop/ros2_ws/install/tramolaa/include/tramolaa/tramolaa/msg/detail/detection_list__rosidl_typesupport_introspection_c.h
-- Installing: /home/efe/Desktop/ros2_ws/install/tramolaa/include/tramolaa/tramolaa/msg/detail/detection_list__type_support.c
-- Installing: /home/efe/Desktop/ros2_ws/install/tramolaa/include/tramolaa/tramolaa/msg/rosidl_typesupport_introspection_c__visibility_control.h
-- Installing: /home/efe/Desktop/ros2_ws/install/tramolaa/lib/libtramolaa__rosidl_typesupport_introspection_c.so
-- Set runtime path of "/home/efe/Desktop/ros2_ws/install/tramolaa/lib/libtramolaa__rosidl_typesupport_introspection_c.so" to ""
-- Installing: /home/efe/Desktop/ros2_ws/install/tramolaa/lib/libtramolaa__rosidl_typesupport_c.so
-- Set runtime path of "/home/efe/Desktop/ros2_ws/install/tramolaa/lib/libtramolaa__rosidl_typesupport_c.so" to ""
-- Up-to-date: /home/efe/Desktop/ros2_ws/install/tramolaa/include/tramolaa/tramolaa
-- Up-to-date: /home/efe/Desktop/ros2_ws/install/tramolaa/include/tramolaa/tramolaa/msg
-- Up-to-date: /home/efe/Desktop/ros2_ws/install/tramolaa/include/tramolaa/tramolaa/msg/detail
-- Installing: /home/efe/Desktop/ros2_ws/install/tramolaa/include/tramolaa/tramolaa/msg/detail/detection__rosidl_typesupport_introspection_cpp.hpp
-- Installing: /home/efe/Desktop/ros2_ws/install/tramolaa/include/tramolaa/tramolaa/msg/detail/detection__type_support.cpp
-- Installing: /home/efe/Desktop/ros2_ws/install/tramolaa/include/tramolaa/tramolaa/msg/detail/detection_list__type_support.cpp
-- Installing: /home/efe/Desktop/ros2_ws/install/tramolaa/include/tramolaa/tramolaa/msg/detail/detection_list__rosidl_typesupport_introspection_cpp.hpp
-- Installing: /home/efe/Desktop/ros2_ws/install/tramolaa/lib/libtramolaa__rosidl_typesupport_introspection_cpp.so
-- Set runtime path of "/home/efe/Desktop/ros2_ws/install/tramolaa/lib/libtramolaa__rosidl_typesupport_introspection_cpp.so" to ""
-- Installing: /home/efe/Desktop/ros2_ws/install/tramolaa/lib/libtramolaa__rosidl_typesupport_cpp.so
-- Set runtime path of "/home/efe/Desktop/ros2_ws/install/tramolaa/lib/libtramolaa__rosidl_typesupport_cpp.so" to ""
-- Installing: /home/efe/Desktop/ros2_ws/install/tramolaa/share/tramolaa/environment/pythonpath.sh
-- Installing: /home/efe/Desktop/ros2_ws/install/tramolaa/share/tramolaa/environment/pythonpath.dsv
-- Installing: /home/efe/Desktop/ros2_ws/install/tramolaa/local/lib/python3.10/dist-packages/tramolaa-0.0.0-py3.10.egg-info
-- Installing: /home/efe/Desktop/ros2_ws/install/tramolaa/local/lib/python3.10/dist-packages/tramolaa-0.0.0-py3.10.egg-info/PKG-INFO
-- Installing: /home/efe/Desktop/ros2_ws/install/tramolaa/local/lib/python3.10/dist-packages/tramolaa-0.0.0-py3.10.egg-info/dependency_links.txt
-- Installing: /home/efe/Desktop/ros2_ws/install/tramolaa/local/lib/python3.10/dist-packages/tramolaa-0.0.0-py3.10.egg-info/top_level.txt
-- Installing: /home/efe/Desktop/ros2_ws/install/tramolaa/local/lib/python3.10/dist-packages/tramolaa-0.0.0-py3.10.egg-info/SOURCES.txt
-- Installing: /home/efe/Desktop/ros2_ws/install/tramolaa/local/lib/python3.10/dist-packages/tramolaa
-- Installing: /home/efe/Desktop/ros2_ws/install/tramolaa/local/lib/python3.10/dist-packages/tramolaa/_tramolaa_s.ep.rosidl_typesupport_fastrtps_c.c
-- Installing: /home/efe/Desktop/ros2_ws/install/tramolaa/local/lib/python3.10/dist-packages/tramolaa/_tramolaa_s.ep.rosidl_typesupport_c.c
-- Installing: /home/efe/Desktop/ros2_ws/install/tramolaa/local/lib/python3.10/dist-packages/tramolaa/msg
-- Installing: /home/efe/Desktop/ros2_ws/install/tramolaa/local/lib/python3.10/dist-packages/tramolaa/msg/_detection.py
-- Installing: /home/efe/Desktop/ros2_ws/install/tramolaa/local/lib/python3.10/dist-packages/tramolaa/msg/_detection_list_s.c
-- Installing: /home/efe/Desktop/ros2_ws/install/tramolaa/local/lib/python3.10/dist-packages/tramolaa/msg/_detection_list.py
-- Installing: /home/efe/Desktop/ros2_ws/install/tramolaa/local/lib/python3.10/dist-packages/tramolaa/msg/__init__.py
-- Installing: /home/efe/Desktop/ros2_ws/install/tramolaa/local/lib/python3.10/dist-packages/tramolaa/msg/_detection_s.c
-- Installing: /home/efe/Desktop/ros2_ws/install/tramolaa/local/lib/python3.10/dist-packages/tramolaa/tramolaa_s__rosidl_typesupport_introspection_c.cpython-310-x86_64-linux-gnu.so
-- Installing: /home/efe/Desktop/ros2_ws/install/tramolaa/local/lib/python3.10/dist-packages/tramolaa/__init__.py
-- Installing: /home/efe/Desktop/ros2_ws/install/tramolaa/local/lib/python3.10/dist-packages/tramolaa/libtramolaa__rosidl_generator_py.so
-- Installing: /home/efe/Desktop/ros2_ws/install/tramolaa/local/lib/python3.10/dist-packages/tramolaa/tramolaa_s__rosidl_typesupport_c.cpython-310-x86_64-linux-gnu.so
-- Installing: /home/efe/Desktop/ros2_ws/install/tramolaa/local/lib/python3.10/dist-packages/tramolaa/_tramolaa_s.ep.rosidl_typesupport_introspection_c.c
-- Installing: /home/efe/Desktop/ros2_ws/install/tramolaa/local/lib/python3.10/dist-packages/tramolaa/tramolaa_s__rosidl_typesupport_fastrtps_c.cpython-310-x86_64-linux-gnu.so
Listing '/home/efe/Desktop/ros2_ws/install/tramolaa/local/lib/python3.10/dist-packages/tramolaa'...
Compiling '/home/efe/Desktop/ros2_ws/install/tramolaa/local/lib/python3.10/dist-packages/tramolaa/__init__.py'...
Listing '/home/efe/Desktop/ros2_ws/install/tramolaa/local/lib/python3.10/dist-packages/tramolaa/msg'...
Compiling '/home/efe/Desktop/ros2_ws/install/tramolaa/local/lib/python3.10/dist-packages/tramolaa/msg/__init__.py'...
Compiling '/home/efe/Desktop/ros2_ws/install/tramolaa/local/lib/python3.10/dist-packages/tramolaa/msg/_detection.py'...
Compiling '/home/efe/Desktop/ros2_ws/install/tramolaa/local/lib/python3.10/dist-packages/tramolaa/msg/_detection_list.py'...
-- Installing: /home/efe/Desktop/ros2_ws/install/tramolaa/local/lib/python3.10/dist-packages/tramolaa/tramolaa_s__rosidl_typesupport_fastrtps_c.cpython-310-x86_64-linux-gnu.so
-- Set runtime path of "/home/efe/Desktop/ros2_ws/install/tramolaa/local/lib/python3.10/dist-packages/tramolaa/tramolaa_s__rosidl_typesupport_fastrtps_c.cpython-310-x86_64-linux-gnu.so" to ""
-- Installing: /home/efe/Desktop/ros2_ws/install/tramolaa/local/lib/python3.10/dist-packages/tramolaa/tramolaa_s__rosidl_typesupport_introspection_c.cpython-310-x86_64-linux-gnu.so
-- Set runtime path of "/home/efe/Desktop/ros2_ws/install/tramolaa/local/lib/python3.10/dist-packages/tramolaa/tramolaa_s__rosidl_typesupport_introspection_c.cpython-310-x86_64-linux-gnu.so" to ""
-- Installing: /home/efe/Desktop/ros2_ws/install/tramolaa/local/lib/python3.10/dist-packages/tramolaa/tramolaa_s__rosidl_typesupport_c.cpython-310-x86_64-linux-gnu.so
-- Set runtime path of "/home/efe/Desktop/ros2_ws/install/tramolaa/local/lib/python3.10/dist-packages/tramolaa/tramolaa_s__rosidl_typesupport_c.cpython-310-x86_64-linux-gnu.so" to ""
-- Installing: /home/efe/Desktop/ros2_ws/install/tramolaa/lib/libtramolaa__rosidl_generator_py.so
-- Set runtime path of "/home/efe/Desktop/ros2_ws/install/tramolaa/lib/libtramolaa__rosidl_generator_py.so" to ""
-- Installing: /home/efe/Desktop/ros2_ws/install/tramolaa/share/tramolaa/msg/Detection.idl
-- Installing: /home/efe/Desktop/ros2_ws/install/tramolaa/share/tramolaa/msg/DetectionList.idl
-- Installing: /home/efe/Desktop/ros2_ws/install/tramolaa/share/tramolaa/msg/Detection.msg
-- Installing: /home/efe/Desktop/ros2_ws/install/tramolaa/share/tramolaa/msg/DetectionList.msg
-- Installing: /home/efe/Desktop/ros2_ws/install/tramolaa/share/ament_index/resource_index/package_run_dependencies/tramolaa
-- Installing: /home/efe/Desktop/ros2_ws/install/tramolaa/share/ament_index/resource_index/parent_prefix_path/tramolaa
-- Installing: /home/efe/Desktop/ros2_ws/install/tramolaa/share/tramolaa/environment/ament_prefix_path.sh
-- Installing: /home/efe/Desktop/ros2_ws/install/tramolaa/share/tramolaa/environment/ament_prefix_path.dsv
-- Installing: /home/efe/Desktop/ros2_ws/install/tramolaa/share/tramolaa/environment/path.sh
-- Installing: /home/efe/Desktop/ros2_ws/install/tramolaa/share/tramolaa/environment/path.dsv
-- Installing: /home/efe/Desktop/ros2_ws/install/tramolaa/share/tramolaa/local_setup.bash
-- Installing: /home/efe/Desktop/ros2_ws/install/tramolaa/share/tramolaa/local_setup.sh
-- Installing: /home/efe/Desktop/ros2_ws/install/tramolaa/share/tramolaa/local_setup.zsh
-- Installing: /home/efe/Desktop/ros2_ws/install/tramolaa/share/tramolaa/local_setup.dsv
-- Installing: /home/efe/Desktop/ros2_ws/install/tramolaa/share/tramolaa/package.dsv
-- Installing: /home/efe/Desktop/ros2_ws/install/tramolaa/share/ament_index/resource_index/packages/tramolaa
-- Installing: /home/efe/Desktop/ros2_ws/install/tramolaa/share/tramolaa/cmake/export_tramolaa__rosidl_generator_cExport.cmake
-- Installing: /home/efe/Desktop/ros2_ws/install/tramolaa/share/tramolaa/cmake/export_tramolaa__rosidl_generator_cExport-noconfig.cmake
-- Installing: /home/efe/Desktop/ros2_ws/install/tramolaa/share/tramolaa/cmake/export_tramolaa__rosidl_typesupport_fastrtps_cExport.cmake
-- Installing: /home/efe/Desktop/ros2_ws/install/tramolaa/share/tramolaa/cmake/export_tramolaa__rosidl_typesupport_fastrtps_cExport-noconfig.cmake
-- Installing: /home/efe/Desktop/ros2_ws/install/tramolaa/share/tramolaa/cmake/export_tramolaa__rosidl_generator_cppExport.cmake
-- Installing: /home/efe/Desktop/ros2_ws/install/tramolaa/share/tramolaa/cmake/export_tramolaa__rosidl_typesupport_fastrtps_cppExport.cmake
-- Installing: /home/efe/Desktop/ros2_ws/install/tramolaa/share/tramolaa/cmake/export_tramolaa__rosidl_typesupport_fastrtps_cppExport-noconfig.cmake
-- Installing: /home/efe/Desktop/ros2_ws/install/tramolaa/share/tramolaa/cmake/tramolaa__rosidl_typesupport_introspection_cExport.cmake
-- Installing: /home/efe/Desktop/ros2_ws/install/tramolaa/share/tramolaa/cmake/tramolaa__rosidl_typesupport_introspection_cExport-noconfig.cmake
-- Installing: /home/efe/Desktop/ros2_ws/install/tramolaa/share/tramolaa/cmake/tramolaa__rosidl_typesupport_cExport.cmake
-- Installing: /home/efe/Desktop/ros2_ws/install/tramolaa/share/tramolaa/cmake/tramolaa__rosidl_typesupport_cExport-noconfig.cmake
-- Installing: /home/efe/Desktop/ros2_ws/install/tramolaa/share/tramolaa/cmake/tramolaa__rosidl_typesupport_introspection_cppExport.cmake
-- Installing: /home/efe/Desktop/ros2_ws/install/tramolaa/share/tramolaa/cmake/tramolaa__rosidl_typesupport_introspection_cppExport-noconfig.cmake
-- Installing: /home/efe/Desktop/ros2_ws/install/tramolaa/share/tramolaa/cmake/tramolaa__rosidl_typesupport_cppExport.cmake
-- Installing: /home/efe/Desktop/ros2_ws/install/tramolaa/share/tramolaa/cmake/tramolaa__rosidl_typesupport_cppExport-noconfig.cmake
-- Installing: /home/efe/Desktop/ros2_ws/install/tramolaa/share/tramolaa/cmake/export_tramolaa__rosidl_generator_pyExport.cmake
-- Installing: /home/efe/Desktop/ros2_ws/install/tramolaa/share/tramolaa/cmake/export_tramolaa__rosidl_generator_pyExport-noconfig.cmake
-- Installing: /home/efe/Desktop/ros2_ws/install/tramolaa/share/tramolaa/cmake/rosidl_cmake-extras.cmake
-- Installing: /home/efe/Desktop/ros2_ws/install/tramolaa/share/tramolaa/cmake/ament_cmake_export_dependencies-extras.cmake
-- Installing: /home/efe/Desktop/ros2_ws/install/tramolaa/share/tramolaa/cmake/ament_cmake_export_include_directories-extras.cmake
-- Installing: /home/efe/Desktop/ros2_ws/install/tramolaa/share/tramolaa/cmake/ament_cmake_export_libraries-extras.cmake
-- Installing: /home/efe/Desktop/ros2_ws/install/tramolaa/share/tramolaa/cmake/ament_cmake_export_targets-extras.cmake
-- Installing: /home/efe/Desktop/ros2_ws/install/tramolaa/share/tramolaa/cmake/rosidl_cmake_export_typesupport_targets-extras.cmake
-- Installing: /home/efe/Desktop/ros2_ws/install/tramolaa/share/tramolaa/cmake/rosidl_cmake_export_typesupport_libraries-extras.cmake
-- Installing: /home/efe/Desktop/ros2_ws/install/tramolaa/share/tramolaa/cmake/tramolaaConfig.cmake
-- Installing: /home/efe/Desktop/ros2_ws/install/tramolaa/share/tramolaa/cmake/tramolaaConfig-version.cmake
-- Installing: /home/efe/Desktop/ros2_ws/install/tramolaa/share/tramolaa/package.xml
