[0.217s] Invoking command in '/home/efe/Desktop/ros2_ws/build/tramolaa': CMAKE_PREFIX_PATH=${CMAKE_PREFIX_PATH}:/home/efe/Desktop/ros2_ws/src/install/tramola:/home/efe/Desktop/ros2_ws/install/tramola:/opt/ros/humble /usr/bin/cmake /home/efe/Desktop/ros2_ws/src/tramolaa -DCMAKE_INSTALL_PREFIX=/home/efe/Desktop/ros2_ws/install/tramolaa
[0.263s] -- The C compiler identification is GNU 11.4.0
[0.309s] -- The CXX compiler identification is GNU 11.4.0
[0.316s] -- Detecting C compiler ABI info
[0.378s] -- Detecting C compiler ABI info - done
[0.384s] -- Check for working C compiler: /usr/bin/cc - skipped
[0.384s] -- Detecting C compile features
[0.384s] -- Detecting C compile features - done
[0.387s] -- Detecting CXX compiler ABI info
[0.477s] -- Detecting CXX compiler ABI info - done
[0.483s] -- Check for working CXX compiler: /usr/bin/c++ - skipped
[0.483s] -- Detecting CXX compile features
[0.484s] -- Detecting CXX compile features - done
[0.487s] -- Found ament_cmake: 1.3.11 (/opt/ros/humble/share/ament_cmake/cmake)
[0.624s] -- Found Python3: /usr/bin/python3 (found version "3.10.12") found components: Interpreter 
[0.700s] -- Found ament_lint_auto: 0.12.11 (/opt/ros/humble/share/ament_lint_auto/cmake)
[0.769s] -- Found geometry_msgs: 4.2.4 (/opt/ros/humble/share/geometry_msgs/cmake)
[0.802s] -- Found rosidl_generator_c: 3.1.6 (/opt/ros/humble/share/rosidl_generator_c/cmake)
[0.808s] -- Found rosidl_adapter: 3.1.6 (/opt/ros/humble/share/rosidl_adapter/cmake)
[0.815s] -- Found rosidl_generator_cpp: 3.1.6 (/opt/ros/humble/share/rosidl_generator_cpp/cmake)
[0.826s] -- Using all available rosidl_typesupport_c: rosidl_typesupport_fastrtps_c;rosidl_typesupport_introspection_c
[0.839s] -- Using all available rosidl_typesupport_cpp: rosidl_typesupport_fastrtps_cpp;rosidl_typesupport_introspection_cpp
[0.870s] -- Found rosidl_default_generators: 1.2.0 (/opt/ros/humble/share/rosidl_default_generators/cmake)
[1.058s] -- Found ament_cmake_ros: 0.10.0 (/opt/ros/humble/share/ament_cmake_ros/cmake)
[1.395s] -- Using all available rosidl_typesupport_c: rosidl_typesupport_fastrtps_c;rosidl_typesupport_introspection_c
[1.526s] -- Using all available rosidl_typesupport_cpp: rosidl_typesupport_fastrtps_cpp;rosidl_typesupport_introspection_cpp
[1.545s] -- Found PythonInterp: /usr/bin/python3 (found suitable version "3.10.12", minimum required is "3.6") 
[1.546s] -- Found python_cmake_module: 0.10.0 (/opt/ros/humble/share/python_cmake_module/cmake)
[1.567s] -- Found PythonLibs: /usr/lib/x86_64-linux-gnu/libpython3.10.so (found suitable version "3.10.12", minimum required is "3.5") 
[1.567s] -- Using PYTHON_EXECUTABLE: /usr/bin/python3
[1.567s] -- Using PYTHON_INCLUDE_DIRS: /usr/include/python3.10
[1.567s] -- Using PYTHON_LIBRARIES: /usr/lib/x86_64-linux-gnu/libpython3.10.so
[1.583s] -- Found PythonExtra: .so  
[1.634s] -- Added test 'lint_cmake' to check CMake code style
[1.635s] -- Added test 'xmllint' to check XML markup files
[1.640s] -- Configuring done
[1.671s] -- Generating done
[1.680s] -- Build files have been written to: /home/efe/Desktop/ros2_ws/build/tramolaa
[1.688s] Invoked command in '/home/efe/Desktop/ros2_ws/build/tramolaa' returned '0': CMAKE_PREFIX_PATH=${CMAKE_PREFIX_PATH}:/home/efe/Desktop/ros2_ws/src/install/tramola:/home/efe/Desktop/ros2_ws/install/tramola:/opt/ros/humble /usr/bin/cmake /home/efe/Desktop/ros2_ws/src/tramolaa -DCMAKE_INSTALL_PREFIX=/home/efe/Desktop/ros2_ws/install/tramolaa
[1.690s] Invoking command in '/home/efe/Desktop/ros2_ws/build/tramolaa': CMAKE_PREFIX_PATH=${CMAKE_PREFIX_PATH}:/home/efe/Desktop/ros2_ws/src/install/tramola:/home/efe/Desktop/ros2_ws/install/tramola:/opt/ros/humble /usr/bin/cmake --build /home/efe/Desktop/ros2_ws/build/tramolaa -- -j16 -l16
[1.730s] [  2%] [34m[1mGenerating C code for ROS interfaces[0m
[1.740s] [  5%] [34m[1mGenerating C++ code for ROS interfaces[0m
[1.747s] [  5%] Built target ament_cmake_python_copy_tramolaa
[1.947s] running egg_info
[1.947s] creating tramolaa.egg-info
[1.947s] writing tramolaa.egg-info/PKG-INFO
[1.948s] writing dependency_links to tramolaa.egg-info/dependency_links.txt
[1.948s] writing top-level names to tramolaa.egg-info/top_level.txt
[1.948s] writing manifest file 'tramolaa.egg-info/SOURCES.txt'
[1.949s] reading manifest file 'tramolaa.egg-info/SOURCES.txt'
[1.950s] writing manifest file 'tramolaa.egg-info/SOURCES.txt'
[1.975s] [  5%] Built target ament_cmake_python_build_tramolaa_egg
[2.000s] [  7%] [32mBuilding C object CMakeFiles/tramolaa__rosidl_generator_c.dir/rosidl_generator_c/tramolaa/msg/detail/detection__functions.c.o[0m
[2.000s] [ 10%] [32mBuilding C object CMakeFiles/tramolaa__rosidl_generator_c.dir/rosidl_generator_c/tramolaa/msg/detail/detection_list__functions.c.o[0m
[2.009s] [ 10%] Built target tramolaa__cpp
[2.021s] [ 17%] [34m[1mGenerating C++ introspection for ROS interfaces[0m
[2.021s] [ 17%] [34m[1mGenerating C++ type support for eProsima Fast-RTPS[0m
[2.021s] [ 17%] [34m[1mGenerating C++ type support dispatch for ROS interfaces[0m
[2.041s] [ 20%] [32m[1mLinking C shared library libtramolaa__rosidl_generator_c.so[0m
[2.076s] [ 20%] Built target tramolaa__rosidl_generator_c
[2.087s] [ 28%] [34m[1mGenerating C introspection for ROS interfaces[0m
[2.087s] [ 28%] [34m[1mGenerating C type support dispatch for ROS interfaces[0m
[2.087s] [ 28%] [34m[1mGenerating C type support for eProsima Fast-RTPS[0m
[2.268s] [ 33%] [32mBuilding CXX object CMakeFiles/tramolaa__rosidl_typesupport_cpp.dir/rosidl_typesupport_cpp/tramolaa/msg/detection_list__type_support.cpp.o[0m
[2.268s] [ 33%] [32mBuilding CXX object CMakeFiles/tramolaa__rosidl_typesupport_cpp.dir/rosidl_typesupport_cpp/tramolaa/msg/detection__type_support.cpp.o[0m
[2.281s] [ 38%] [32mBuilding CXX object CMakeFiles/tramolaa__rosidl_typesupport_introspection_cpp.dir/rosidl_typesupport_introspection_cpp/tramolaa/msg/detail/detection_list__type_support.cpp.o[0m
[2.281s] [ 38%] [32mBuilding CXX object CMakeFiles/tramolaa__rosidl_typesupport_introspection_cpp.dir/rosidl_typesupport_introspection_cpp/tramolaa/msg/detail/detection__type_support.cpp.o[0m
[2.282s] [ 41%] [32mBuilding CXX object CMakeFiles/tramolaa__rosidl_typesupport_fastrtps_cpp.dir/rosidl_typesupport_fastrtps_cpp/tramolaa/msg/detail/dds_fastrtps/detection__type_support.cpp.o[0m
[2.284s] [ 43%] [32mBuilding CXX object CMakeFiles/tramolaa__rosidl_typesupport_fastrtps_cpp.dir/rosidl_typesupport_fastrtps_cpp/tramolaa/msg/detail/dds_fastrtps/detection_list__type_support.cpp.o[0m
[2.342s] [ 48%] [32mBuilding CXX object CMakeFiles/tramolaa__rosidl_typesupport_c.dir/rosidl_typesupport_c/tramolaa/msg/detection__type_support.cpp.o[0m
[2.342s] [ 48%] [32mBuilding CXX object CMakeFiles/tramolaa__rosidl_typesupport_c.dir/rosidl_typesupport_c/tramolaa/msg/detection_list__type_support.cpp.o[0m
[2.378s] [ 51%] [32m[1mLinking CXX shared library libtramolaa__rosidl_typesupport_c.so[0m
[2.386s] [ 58%] [32mBuilding CXX object CMakeFiles/tramolaa__rosidl_typesupport_fastrtps_c.dir/rosidl_typesupport_fastrtps_c/tramolaa/msg/detail/detection__type_support_c.cpp.o[0m
[2.386s] [ 58%] [32mBuilding C object CMakeFiles/tramolaa__rosidl_typesupport_introspection_c.dir/rosidl_typesupport_introspection_c/tramolaa/msg/detail/detection_list__type_support.c.o[0m
[2.386s] [ 58%] [32mBuilding C object CMakeFiles/tramolaa__rosidl_typesupport_introspection_c.dir/rosidl_typesupport_introspection_c/tramolaa/msg/detail/detection__type_support.c.o[0m
[2.386s] [ 61%] [32mBuilding CXX object CMakeFiles/tramolaa__rosidl_typesupport_fastrtps_c.dir/rosidl_typesupport_fastrtps_c/tramolaa/msg/detail/detection_list__type_support_c.cpp.o[0m
[2.436s] [ 64%] [32m[1mLinking C shared library libtramolaa__rosidl_typesupport_introspection_c.so[0m
[2.443s] [ 64%] Built target tramolaa__rosidl_typesupport_c
[2.487s] [ 64%] Built target tramolaa__rosidl_typesupport_introspection_c
[2.546s] [ 66%] [32m[1mLinking CXX shared library libtramolaa__rosidl_typesupport_cpp.so[0m
[2.591s] [ 66%] Built target tramolaa__rosidl_typesupport_cpp
[2.672s] [ 69%] [32m[1mLinking CXX shared library libtramolaa__rosidl_typesupport_introspection_cpp.so[0m
[2.688s] [ 71%] [32m[1mLinking CXX shared library libtramolaa__rosidl_typesupport_fastrtps_cpp.so[0m
[2.696s] [ 74%] [32m[1mLinking CXX shared library libtramolaa__rosidl_typesupport_fastrtps_c.so[0m
[2.751s] [ 74%] Built target tramolaa__rosidl_typesupport_introspection_cpp
[2.768s] [ 74%] Built target tramolaa__rosidl_typesupport_fastrtps_cpp
[2.777s] [ 74%] Built target tramolaa__rosidl_typesupport_fastrtps_c
[2.796s] [ 74%] Built target tramolaa
[2.816s] [ 76%] [34m[1mGenerating Python code for ROS interfaces[0m
[3.154s] [ 76%] Built target tramolaa__py
[3.174s] [ 82%] [32mBuilding C object CMakeFiles/tramolaa__rosidl_generator_py.dir/rosidl_generator_py/tramolaa/msg/_detection_s.c.o[0m
[3.174s] [ 82%] [32mBuilding C object CMakeFiles/tramolaa__rosidl_generator_py.dir/rosidl_generator_py/tramolaa/msg/_detection_list_s.c.o[0m
[3.253s] [ 84%] [32m[1mLinking C shared library rosidl_generator_py/tramolaa/libtramolaa__rosidl_generator_py.so[0m
[3.289s] [ 84%] Built target tramolaa__rosidl_generator_py
[3.308s] [ 92%] [32mBuilding C object CMakeFiles/tramolaa__rosidl_typesupport_c__pyext.dir/rosidl_generator_py/tramolaa/_tramolaa_s.ep.rosidl_typesupport_c.c.o[0m
[3.308s] [ 92%] [32mBuilding C object CMakeFiles/tramolaa__rosidl_typesupport_introspection_c__pyext.dir/rosidl_generator_py/tramolaa/_tramolaa_s.ep.rosidl_typesupport_introspection_c.c.o[0m
[3.309s] [ 92%] [32mBuilding C object CMakeFiles/tramolaa__rosidl_typesupport_fastrtps_c__pyext.dir/rosidl_generator_py/tramolaa/_tramolaa_s.ep.rosidl_typesupport_fastrtps_c.c.o[0m
[3.390s] [100%] [32m[1mLinking C shared library rosidl_generator_py/tramolaa/tramolaa_s__rosidl_typesupport_fastrtps_c.cpython-310-x86_64-linux-gnu.so[0m
[3.391s] [100%] [32m[1mLinking C shared library rosidl_generator_py/tramolaa/tramolaa_s__rosidl_typesupport_introspection_c.cpython-310-x86_64-linux-gnu.so[0m
[3.391s] [100%] [32m[1mLinking C shared library rosidl_generator_py/tramolaa/tramolaa_s__rosidl_typesupport_c.cpython-310-x86_64-linux-gnu.so[0m
[3.429s] [100%] Built target tramolaa__rosidl_typesupport_fastrtps_c__pyext
[3.430s] [100%] Built target tramolaa__rosidl_typesupport_c__pyext
[3.430s] [100%] Built target tramolaa__rosidl_typesupport_introspection_c__pyext
[3.441s] Invoked command in '/home/efe/Desktop/ros2_ws/build/tramolaa' returned '0': CMAKE_PREFIX_PATH=${CMAKE_PREFIX_PATH}:/home/efe/Desktop/ros2_ws/src/install/tramola:/home/efe/Desktop/ros2_ws/install/tramola:/opt/ros/humble /usr/bin/cmake --build /home/efe/Desktop/ros2_ws/build/tramolaa -- -j16 -l16
[3.450s] Invoking command in '/home/efe/Desktop/ros2_ws/build/tramolaa': CMAKE_PREFIX_PATH=${CMAKE_PREFIX_PATH}:/home/efe/Desktop/ros2_ws/src/install/tramola:/home/efe/Desktop/ros2_ws/install/tramola:/opt/ros/humble /usr/bin/cmake --install /home/efe/Desktop/ros2_ws/build/tramolaa
[3.456s] -- Install configuration: ""
[3.456s] -- Installing: /home/efe/Desktop/ros2_ws/install/tramolaa/share/ament_index/resource_index/rosidl_interfaces/tramolaa
[3.457s] -- Installing: /home/efe/Desktop/ros2_ws/install/tramolaa/include/tramolaa/tramolaa
[3.457s] -- Installing: /home/efe/Desktop/ros2_ws/install/tramolaa/include/tramolaa/tramolaa/msg
[3.457s] -- Installing: /home/efe/Desktop/ros2_ws/install/tramolaa/include/tramolaa/tramolaa/msg/detection_list.h
[3.457s] -- Installing: /home/efe/Desktop/ros2_ws/install/tramolaa/include/tramolaa/tramolaa/msg/detail
[3.457s] -- Installing: /home/efe/Desktop/ros2_ws/install/tramolaa/include/tramolaa/tramolaa/msg/detail/detection__struct.h
[3.457s] -- Installing: /home/efe/Desktop/ros2_ws/install/tramolaa/include/tramolaa/tramolaa/msg/detail/detection__type_support.h
[3.457s] -- Installing: /home/efe/Desktop/ros2_ws/install/tramolaa/include/tramolaa/tramolaa/msg/detail/detection_list__struct.h
[3.457s] -- Installing: /home/efe/Desktop/ros2_ws/install/tramolaa/include/tramolaa/tramolaa/msg/detail/detection__functions.c
[3.458s] -- Installing: /home/efe/Desktop/ros2_ws/install/tramolaa/include/tramolaa/tramolaa/msg/detail/detection_list__functions.c
[3.458s] -- Installing: /home/efe/Desktop/ros2_ws/install/tramolaa/include/tramolaa/tramolaa/msg/detail/detection__functions.h
[3.458s] -- Installing: /home/efe/Desktop/ros2_ws/install/tramolaa/include/tramolaa/tramolaa/msg/detail/detection_list__functions.h
[3.458s] -- Installing: /home/efe/Desktop/ros2_ws/install/tramolaa/include/tramolaa/tramolaa/msg/detail/detection_list__type_support.h
[3.458s] -- Installing: /home/efe/Desktop/ros2_ws/install/tramolaa/include/tramolaa/tramolaa/msg/detection.h
[3.458s] -- Installing: /home/efe/Desktop/ros2_ws/install/tramolaa/include/tramolaa/tramolaa/msg/rosidl_generator_c__visibility_control.h
[3.459s] -- Installing: /home/efe/Desktop/ros2_ws/install/tramolaa/share/tramolaa/environment/library_path.sh
[3.459s] -- Installing: /home/efe/Desktop/ros2_ws/install/tramolaa/share/tramolaa/environment/library_path.dsv
[3.459s] -- Installing: /home/efe/Desktop/ros2_ws/install/tramolaa/lib/libtramolaa__rosidl_generator_c.so
[3.459s] -- Set runtime path of "/home/efe/Desktop/ros2_ws/install/tramolaa/lib/libtramolaa__rosidl_generator_c.so" to ""
[3.459s] -- Up-to-date: /home/efe/Desktop/ros2_ws/install/tramolaa/include/tramolaa/tramolaa
[3.459s] -- Up-to-date: /home/efe/Desktop/ros2_ws/install/tramolaa/include/tramolaa/tramolaa/msg
[3.460s] -- Up-to-date: /home/efe/Desktop/ros2_ws/install/tramolaa/include/tramolaa/tramolaa/msg/detail
[3.460s] -- Installing: /home/efe/Desktop/ros2_ws/install/tramolaa/include/tramolaa/tramolaa/msg/detail/detection__rosidl_typesupport_fastrtps_c.h
[3.460s] -- Installing: /home/efe/Desktop/ros2_ws/install/tramolaa/include/tramolaa/tramolaa/msg/detail/detection_list__rosidl_typesupport_fastrtps_c.h
[3.460s] -- Installing: /home/efe/Desktop/ros2_ws/install/tramolaa/include/tramolaa/tramolaa/msg/rosidl_typesupport_fastrtps_c__visibility_control.h
[3.460s] -- Installing: /home/efe/Desktop/ros2_ws/install/tramolaa/lib/libtramolaa__rosidl_typesupport_fastrtps_c.so
[3.460s] -- Set runtime path of "/home/efe/Desktop/ros2_ws/install/tramolaa/lib/libtramolaa__rosidl_typesupport_fastrtps_c.so" to ""
[3.460s] -- Up-to-date: /home/efe/Desktop/ros2_ws/install/tramolaa/include/tramolaa/tramolaa
[3.460s] -- Up-to-date: /home/efe/Desktop/ros2_ws/install/tramolaa/include/tramolaa/tramolaa/msg
[3.461s] -- Installing: /home/efe/Desktop/ros2_ws/install/tramolaa/include/tramolaa/tramolaa/msg/detection.hpp
[3.461s] -- Installing: /home/efe/Desktop/ros2_ws/install/tramolaa/include/tramolaa/tramolaa/msg/detection_list.hpp
[3.461s] -- Up-to-date: /home/efe/Desktop/ros2_ws/install/tramolaa/include/tramolaa/tramolaa/msg/detail
[3.461s] -- Installing: /home/efe/Desktop/ros2_ws/install/tramolaa/include/tramolaa/tramolaa/msg/detail/detection_list__type_support.hpp
[3.461s] -- Installing: /home/efe/Desktop/ros2_ws/install/tramolaa/include/tramolaa/tramolaa/msg/detail/detection_list__builder.hpp
[3.461s] -- Installing: /home/efe/Desktop/ros2_ws/install/tramolaa/include/tramolaa/tramolaa/msg/detail/detection__traits.hpp
[3.461s] -- Installing: /home/efe/Desktop/ros2_ws/install/tramolaa/include/tramolaa/tramolaa/msg/detail/detection__struct.hpp
[3.461s] -- Installing: /home/efe/Desktop/ros2_ws/install/tramolaa/include/tramolaa/tramolaa/msg/detail/detection__builder.hpp
[3.462s] -- Installing: /home/efe/Desktop/ros2_ws/install/tramolaa/include/tramolaa/tramolaa/msg/detail/detection_list__traits.hpp
[3.462s] -- Installing: /home/efe/Desktop/ros2_ws/install/tramolaa/include/tramolaa/tramolaa/msg/detail/detection__type_support.hpp
[3.462s] -- Installing: /home/efe/Desktop/ros2_ws/install/tramolaa/include/tramolaa/tramolaa/msg/detail/detection_list__struct.hpp
[3.462s] -- Installing: /home/efe/Desktop/ros2_ws/install/tramolaa/include/tramolaa/tramolaa/msg/rosidl_generator_cpp__visibility_control.hpp
[3.462s] -- Up-to-date: /home/efe/Desktop/ros2_ws/install/tramolaa/include/tramolaa/tramolaa
[3.462s] -- Up-to-date: /home/efe/Desktop/ros2_ws/install/tramolaa/include/tramolaa/tramolaa/msg
[3.462s] -- Up-to-date: /home/efe/Desktop/ros2_ws/install/tramolaa/include/tramolaa/tramolaa/msg/detail
[3.462s] -- Installing: /home/efe/Desktop/ros2_ws/install/tramolaa/include/tramolaa/tramolaa/msg/detail/detection__rosidl_typesupport_fastrtps_cpp.hpp
[3.462s] -- Installing: /home/efe/Desktop/ros2_ws/install/tramolaa/include/tramolaa/tramolaa/msg/detail/dds_fastrtps
[3.462s] -- Installing: /home/efe/Desktop/ros2_ws/install/tramolaa/include/tramolaa/tramolaa/msg/detail/detection_list__rosidl_typesupport_fastrtps_cpp.hpp
[3.463s] -- Installing: /home/efe/Desktop/ros2_ws/install/tramolaa/include/tramolaa/tramolaa/msg/rosidl_typesupport_fastrtps_cpp__visibility_control.h
[3.463s] -- Installing: /home/efe/Desktop/ros2_ws/install/tramolaa/lib/libtramolaa__rosidl_typesupport_fastrtps_cpp.so
[3.463s] -- Set runtime path of "/home/efe/Desktop/ros2_ws/install/tramolaa/lib/libtramolaa__rosidl_typesupport_fastrtps_cpp.so" to ""
[3.463s] -- Up-to-date: /home/efe/Desktop/ros2_ws/install/tramolaa/include/tramolaa/tramolaa
[3.463s] -- Up-to-date: /home/efe/Desktop/ros2_ws/install/tramolaa/include/tramolaa/tramolaa/msg
[3.463s] -- Up-to-date: /home/efe/Desktop/ros2_ws/install/tramolaa/include/tramolaa/tramolaa/msg/detail
[3.463s] -- Installing: /home/efe/Desktop/ros2_ws/install/tramolaa/include/tramolaa/tramolaa/msg/detail/detection__rosidl_typesupport_introspection_c.h
[3.464s] -- Installing: /home/efe/Desktop/ros2_ws/install/tramolaa/include/tramolaa/tramolaa/msg/detail/detection__type_support.c
[3.464s] -- Installing: /home/efe/Desktop/ros2_ws/install/tramolaa/include/tramolaa/tramolaa/msg/detail/detection_list__rosidl_typesupport_introspection_c.h
[3.464s] -- Installing: /home/efe/Desktop/ros2_ws/install/tramolaa/include/tramolaa/tramolaa/msg/detail/detection_list__type_support.c
[3.464s] -- Installing: /home/efe/Desktop/ros2_ws/install/tramolaa/include/tramolaa/tramolaa/msg/rosidl_typesupport_introspection_c__visibility_control.h
[3.464s] -- Installing: /home/efe/Desktop/ros2_ws/install/tramolaa/lib/libtramolaa__rosidl_typesupport_introspection_c.so
[3.464s] -- Set runtime path of "/home/efe/Desktop/ros2_ws/install/tramolaa/lib/libtramolaa__rosidl_typesupport_introspection_c.so" to ""
[3.465s] -- Installing: /home/efe/Desktop/ros2_ws/install/tramolaa/lib/libtramolaa__rosidl_typesupport_c.so
[3.465s] -- Set runtime path of "/home/efe/Desktop/ros2_ws/install/tramolaa/lib/libtramolaa__rosidl_typesupport_c.so" to ""
[3.465s] -- Up-to-date: /home/efe/Desktop/ros2_ws/install/tramolaa/include/tramolaa/tramolaa
[3.465s] -- Up-to-date: /home/efe/Desktop/ros2_ws/install/tramolaa/include/tramolaa/tramolaa/msg
[3.465s] -- Up-to-date: /home/efe/Desktop/ros2_ws/install/tramolaa/include/tramolaa/tramolaa/msg/detail
[3.465s] -- Installing: /home/efe/Desktop/ros2_ws/install/tramolaa/include/tramolaa/tramolaa/msg/detail/detection__rosidl_typesupport_introspection_cpp.hpp
[3.465s] -- Installing: /home/efe/Desktop/ros2_ws/install/tramolaa/include/tramolaa/tramolaa/msg/detail/detection__type_support.cpp
[3.465s] -- Installing: /home/efe/Desktop/ros2_ws/install/tramolaa/include/tramolaa/tramolaa/msg/detail/detection_list__type_support.cpp
[3.466s] -- Installing: /home/efe/Desktop/ros2_ws/install/tramolaa/include/tramolaa/tramolaa/msg/detail/detection_list__rosidl_typesupport_introspection_cpp.hpp
[3.466s] -- Installing: /home/efe/Desktop/ros2_ws/install/tramolaa/lib/libtramolaa__rosidl_typesupport_introspection_cpp.so
[3.466s] -- Set runtime path of "/home/efe/Desktop/ros2_ws/install/tramolaa/lib/libtramolaa__rosidl_typesupport_introspection_cpp.so" to ""
[3.466s] -- Installing: /home/efe/Desktop/ros2_ws/install/tramolaa/lib/libtramolaa__rosidl_typesupport_cpp.so
[3.467s] -- Set runtime path of "/home/efe/Desktop/ros2_ws/install/tramolaa/lib/libtramolaa__rosidl_typesupport_cpp.so" to ""
[3.467s] -- Installing: /home/efe/Desktop/ros2_ws/install/tramolaa/share/tramolaa/environment/pythonpath.sh
[3.467s] -- Installing: /home/efe/Desktop/ros2_ws/install/tramolaa/share/tramolaa/environment/pythonpath.dsv
[3.467s] -- Installing: /home/efe/Desktop/ros2_ws/install/tramolaa/local/lib/python3.10/dist-packages/tramolaa-0.0.0-py3.10.egg-info
[3.467s] -- Installing: /home/efe/Desktop/ros2_ws/install/tramolaa/local/lib/python3.10/dist-packages/tramolaa-0.0.0-py3.10.egg-info/PKG-INFO
[3.467s] -- Installing: /home/efe/Desktop/ros2_ws/install/tramolaa/local/lib/python3.10/dist-packages/tramolaa-0.0.0-py3.10.egg-info/dependency_links.txt
[3.467s] -- Installing: /home/efe/Desktop/ros2_ws/install/tramolaa/local/lib/python3.10/dist-packages/tramolaa-0.0.0-py3.10.egg-info/top_level.txt
[3.467s] -- Installing: /home/efe/Desktop/ros2_ws/install/tramolaa/local/lib/python3.10/dist-packages/tramolaa-0.0.0-py3.10.egg-info/SOURCES.txt
[3.468s] -- Installing: /home/efe/Desktop/ros2_ws/install/tramolaa/local/lib/python3.10/dist-packages/tramolaa
[3.468s] -- Installing: /home/efe/Desktop/ros2_ws/install/tramolaa/local/lib/python3.10/dist-packages/tramolaa/_tramolaa_s.ep.rosidl_typesupport_fastrtps_c.c
[3.468s] -- Installing: /home/efe/Desktop/ros2_ws/install/tramolaa/local/lib/python3.10/dist-packages/tramolaa/_tramolaa_s.ep.rosidl_typesupport_c.c
[3.468s] -- Installing: /home/efe/Desktop/ros2_ws/install/tramolaa/local/lib/python3.10/dist-packages/tramolaa/msg
[3.468s] -- Installing: /home/efe/Desktop/ros2_ws/install/tramolaa/local/lib/python3.10/dist-packages/tramolaa/msg/_detection.py
[3.468s] -- Installing: /home/efe/Desktop/ros2_ws/install/tramolaa/local/lib/python3.10/dist-packages/tramolaa/msg/_detection_list_s.c
[3.469s] -- Installing: /home/efe/Desktop/ros2_ws/install/tramolaa/local/lib/python3.10/dist-packages/tramolaa/msg/_detection_list.py
[3.469s] -- Installing: /home/efe/Desktop/ros2_ws/install/tramolaa/local/lib/python3.10/dist-packages/tramolaa/msg/__init__.py
[3.469s] -- Installing: /home/efe/Desktop/ros2_ws/install/tramolaa/local/lib/python3.10/dist-packages/tramolaa/msg/_detection_s.c
[3.469s] -- Installing: /home/efe/Desktop/ros2_ws/install/tramolaa/local/lib/python3.10/dist-packages/tramolaa/tramolaa_s__rosidl_typesupport_introspection_c.cpython-310-x86_64-linux-gnu.so
[3.469s] -- Installing: /home/efe/Desktop/ros2_ws/install/tramolaa/local/lib/python3.10/dist-packages/tramolaa/__init__.py
[3.469s] -- Installing: /home/efe/Desktop/ros2_ws/install/tramolaa/local/lib/python3.10/dist-packages/tramolaa/libtramolaa__rosidl_generator_py.so
[3.469s] -- Installing: /home/efe/Desktop/ros2_ws/install/tramolaa/local/lib/python3.10/dist-packages/tramolaa/tramolaa_s__rosidl_typesupport_c.cpython-310-x86_64-linux-gnu.so
[3.470s] -- Installing: /home/efe/Desktop/ros2_ws/install/tramolaa/local/lib/python3.10/dist-packages/tramolaa/_tramolaa_s.ep.rosidl_typesupport_introspection_c.c
[3.470s] -- Installing: /home/efe/Desktop/ros2_ws/install/tramolaa/local/lib/python3.10/dist-packages/tramolaa/tramolaa_s__rosidl_typesupport_fastrtps_c.cpython-310-x86_64-linux-gnu.so
[3.499s] Listing '/home/efe/Desktop/ros2_ws/install/tramolaa/local/lib/python3.10/dist-packages/tramolaa'...
[3.500s] Compiling '/home/efe/Desktop/ros2_ws/install/tramolaa/local/lib/python3.10/dist-packages/tramolaa/__init__.py'...
[3.500s] Listing '/home/efe/Desktop/ros2_ws/install/tramolaa/local/lib/python3.10/dist-packages/tramolaa/msg'...
[3.500s] Compiling '/home/efe/Desktop/ros2_ws/install/tramolaa/local/lib/python3.10/dist-packages/tramolaa/msg/__init__.py'...
[3.500s] Compiling '/home/efe/Desktop/ros2_ws/install/tramolaa/local/lib/python3.10/dist-packages/tramolaa/msg/_detection.py'...
[3.500s] Compiling '/home/efe/Desktop/ros2_ws/install/tramolaa/local/lib/python3.10/dist-packages/tramolaa/msg/_detection_list.py'...
[3.503s] -- Installing: /home/efe/Desktop/ros2_ws/install/tramolaa/local/lib/python3.10/dist-packages/tramolaa/tramolaa_s__rosidl_typesupport_fastrtps_c.cpython-310-x86_64-linux-gnu.so
[3.503s] -- Set runtime path of "/home/efe/Desktop/ros2_ws/install/tramolaa/local/lib/python3.10/dist-packages/tramolaa/tramolaa_s__rosidl_typesupport_fastrtps_c.cpython-310-x86_64-linux-gnu.so" to ""
[3.504s] -- Installing: /home/efe/Desktop/ros2_ws/install/tramolaa/local/lib/python3.10/dist-packages/tramolaa/tramolaa_s__rosidl_typesupport_introspection_c.cpython-310-x86_64-linux-gnu.so
[3.504s] -- Set runtime path of "/home/efe/Desktop/ros2_ws/install/tramolaa/local/lib/python3.10/dist-packages/tramolaa/tramolaa_s__rosidl_typesupport_introspection_c.cpython-310-x86_64-linux-gnu.so" to ""
[3.504s] -- Installing: /home/efe/Desktop/ros2_ws/install/tramolaa/local/lib/python3.10/dist-packages/tramolaa/tramolaa_s__rosidl_typesupport_c.cpython-310-x86_64-linux-gnu.so
[3.504s] -- Set runtime path of "/home/efe/Desktop/ros2_ws/install/tramolaa/local/lib/python3.10/dist-packages/tramolaa/tramolaa_s__rosidl_typesupport_c.cpython-310-x86_64-linux-gnu.so" to ""
[3.505s] -- Installing: /home/efe/Desktop/ros2_ws/install/tramolaa/lib/libtramolaa__rosidl_generator_py.so
[3.505s] -- Set runtime path of "/home/efe/Desktop/ros2_ws/install/tramolaa/lib/libtramolaa__rosidl_generator_py.so" to ""
[3.505s] -- Installing: /home/efe/Desktop/ros2_ws/install/tramolaa/share/tramolaa/msg/Detection.idl
[3.505s] -- Installing: /home/efe/Desktop/ros2_ws/install/tramolaa/share/tramolaa/msg/DetectionList.idl
[3.505s] -- Installing: /home/efe/Desktop/ros2_ws/install/tramolaa/share/tramolaa/msg/Detection.msg
[3.506s] -- Installing: /home/efe/Desktop/ros2_ws/install/tramolaa/share/tramolaa/msg/DetectionList.msg
[3.506s] -- Installing: /home/efe/Desktop/ros2_ws/install/tramolaa/share/ament_index/resource_index/package_run_dependencies/tramolaa
[3.506s] -- Installing: /home/efe/Desktop/ros2_ws/install/tramolaa/share/ament_index/resource_index/parent_prefix_path/tramolaa
[3.506s] -- Installing: /home/efe/Desktop/ros2_ws/install/tramolaa/share/tramolaa/environment/ament_prefix_path.sh
[3.506s] -- Installing: /home/efe/Desktop/ros2_ws/install/tramolaa/share/tramolaa/environment/ament_prefix_path.dsv
[3.507s] -- Installing: /home/efe/Desktop/ros2_ws/install/tramolaa/share/tramolaa/environment/path.sh
[3.507s] -- Installing: /home/efe/Desktop/ros2_ws/install/tramolaa/share/tramolaa/environment/path.dsv
[3.507s] -- Installing: /home/efe/Desktop/ros2_ws/install/tramolaa/share/tramolaa/local_setup.bash
[3.507s] -- Installing: /home/efe/Desktop/ros2_ws/install/tramolaa/share/tramolaa/local_setup.sh
[3.507s] -- Installing: /home/efe/Desktop/ros2_ws/install/tramolaa/share/tramolaa/local_setup.zsh
[3.507s] -- Installing: /home/efe/Desktop/ros2_ws/install/tramolaa/share/tramolaa/local_setup.dsv
[3.508s] -- Installing: /home/efe/Desktop/ros2_ws/install/tramolaa/share/tramolaa/package.dsv
[3.508s] -- Installing: /home/efe/Desktop/ros2_ws/install/tramolaa/share/ament_index/resource_index/packages/tramolaa
[3.508s] -- Installing: /home/efe/Desktop/ros2_ws/install/tramolaa/share/tramolaa/cmake/export_tramolaa__rosidl_generator_cExport.cmake
[3.508s] -- Installing: /home/efe/Desktop/ros2_ws/install/tramolaa/share/tramolaa/cmake/export_tramolaa__rosidl_generator_cExport-noconfig.cmake
[3.508s] -- Installing: /home/efe/Desktop/ros2_ws/install/tramolaa/share/tramolaa/cmake/export_tramolaa__rosidl_typesupport_fastrtps_cExport.cmake
[3.509s] -- Installing: /home/efe/Desktop/ros2_ws/install/tramolaa/share/tramolaa/cmake/export_tramolaa__rosidl_typesupport_fastrtps_cExport-noconfig.cmake
[3.509s] -- Installing: /home/efe/Desktop/ros2_ws/install/tramolaa/share/tramolaa/cmake/export_tramolaa__rosidl_generator_cppExport.cmake
[3.509s] -- Installing: /home/efe/Desktop/ros2_ws/install/tramolaa/share/tramolaa/cmake/export_tramolaa__rosidl_typesupport_fastrtps_cppExport.cmake
[3.509s] -- Installing: /home/efe/Desktop/ros2_ws/install/tramolaa/share/tramolaa/cmake/export_tramolaa__rosidl_typesupport_fastrtps_cppExport-noconfig.cmake
[3.509s] -- Installing: /home/efe/Desktop/ros2_ws/install/tramolaa/share/tramolaa/cmake/tramolaa__rosidl_typesupport_introspection_cExport.cmake
[3.510s] -- Installing: /home/efe/Desktop/ros2_ws/install/tramolaa/share/tramolaa/cmake/tramolaa__rosidl_typesupport_introspection_cExport-noconfig.cmake
[3.510s] -- Installing: /home/efe/Desktop/ros2_ws/install/tramolaa/share/tramolaa/cmake/tramolaa__rosidl_typesupport_cExport.cmake
[3.510s] -- Installing: /home/efe/Desktop/ros2_ws/install/tramolaa/share/tramolaa/cmake/tramolaa__rosidl_typesupport_cExport-noconfig.cmake
[3.510s] -- Installing: /home/efe/Desktop/ros2_ws/install/tramolaa/share/tramolaa/cmake/tramolaa__rosidl_typesupport_introspection_cppExport.cmake
[3.510s] -- Installing: /home/efe/Desktop/ros2_ws/install/tramolaa/share/tramolaa/cmake/tramolaa__rosidl_typesupport_introspection_cppExport-noconfig.cmake
[3.510s] -- Installing: /home/efe/Desktop/ros2_ws/install/tramolaa/share/tramolaa/cmake/tramolaa__rosidl_typesupport_cppExport.cmake
[3.511s] -- Installing: /home/efe/Desktop/ros2_ws/install/tramolaa/share/tramolaa/cmake/tramolaa__rosidl_typesupport_cppExport-noconfig.cmake
[3.511s] -- Installing: /home/efe/Desktop/ros2_ws/install/tramolaa/share/tramolaa/cmake/export_tramolaa__rosidl_generator_pyExport.cmake
[3.511s] -- Installing: /home/efe/Desktop/ros2_ws/install/tramolaa/share/tramolaa/cmake/export_tramolaa__rosidl_generator_pyExport-noconfig.cmake
[3.511s] -- Installing: /home/efe/Desktop/ros2_ws/install/tramolaa/share/tramolaa/cmake/rosidl_cmake-extras.cmake
[3.511s] -- Installing: /home/efe/Desktop/ros2_ws/install/tramolaa/share/tramolaa/cmake/ament_cmake_export_dependencies-extras.cmake
[3.511s] -- Installing: /home/efe/Desktop/ros2_ws/install/tramolaa/share/tramolaa/cmake/ament_cmake_export_include_directories-extras.cmake
[3.512s] -- Installing: /home/efe/Desktop/ros2_ws/install/tramolaa/share/tramolaa/cmake/ament_cmake_export_libraries-extras.cmake
[3.512s] -- Installing: /home/efe/Desktop/ros2_ws/install/tramolaa/share/tramolaa/cmake/ament_cmake_export_targets-extras.cmake
[3.512s] -- Installing: /home/efe/Desktop/ros2_ws/install/tramolaa/share/tramolaa/cmake/rosidl_cmake_export_typesupport_targets-extras.cmake
[3.512s] -- Installing: /home/efe/Desktop/ros2_ws/install/tramolaa/share/tramolaa/cmake/rosidl_cmake_export_typesupport_libraries-extras.cmake
[3.512s] -- Installing: /home/efe/Desktop/ros2_ws/install/tramolaa/share/tramolaa/cmake/tramolaaConfig.cmake
[3.512s] -- Installing: /home/efe/Desktop/ros2_ws/install/tramolaa/share/tramolaa/cmake/tramolaaConfig-version.cmake
[3.513s] -- Installing: /home/efe/Desktop/ros2_ws/install/tramolaa/share/tramolaa/package.xml
[3.515s] Invoked command in '/home/efe/Desktop/ros2_ws/build/tramolaa' returned '0': CMAKE_PREFIX_PATH=${CMAKE_PREFIX_PATH}:/home/efe/Desktop/ros2_ws/src/install/tramola:/home/efe/Desktop/ros2_ws/install/tramola:/opt/ros/humble /usr/bin/cmake --install /home/efe/Desktop/ros2_ws/build/tramolaa
