[0.531s] Invoking command in '/home/efe/Desktop/ros2_ws/src/tramola': PYTHONPATH=/home/efe/Desktop/ros2_ws/src/build/tramola/prefix_override:/usr/lib/python3/dist-packages/colcon_core/task/python/colcon_distutils_commands:/home/efe/Desktop/ros2_ws/src/install/tramola/lib/python3.10/site-packages:${PYTHONPATH} /usr/bin/python3 -W ignore:setup.py install is deprecated -W ignore:easy_install command is deprecated setup.py egg_info --egg-base ../build/tramola build --build-base /home/efe/Desktop/ros2_ws/src/build/tramola/build install --record /home/efe/Desktop/ros2_ws/src/build/tramola/install.log --single-version-externally-managed install_data
[0.722s] running egg_info
[0.723s] writing ../build/tramola/tramola.egg-info/PKG-INFO
[0.723s] writing dependency_links to ../build/tramola/tramola.egg-info/dependency_links.txt
[0.723s] writing entry points to ../build/tramola/tramola.egg-info/entry_points.txt
[0.723s] writing requirements to ../build/tramola/tramola.egg-info/requires.txt
[0.723s] writing top-level names to ../build/tramola/tramola.egg-info/top_level.txt
[0.725s] reading manifest file '../build/tramola/tramola.egg-info/SOURCES.txt'
[0.725s] adding license file 'LICENSE'
[0.726s] writing manifest file '../build/tramola/tramola.egg-info/SOURCES.txt'
[0.726s] running build
[0.726s] running build_py
[0.726s] copying tramola/video.py -> /home/efe/Desktop/ros2_ws/src/build/tramola/build/lib/tramola
[0.726s] running install
[0.726s] running install_lib
[0.727s] copying /home/efe/Desktop/ros2_ws/src/build/tramola/build/lib/tramola/video.py -> /home/efe/Desktop/ros2_ws/src/install/tramola/lib/python3.10/site-packages/tramola
[0.728s] byte-compiling /home/efe/Desktop/ros2_ws/src/install/tramola/lib/python3.10/site-packages/tramola/video.py to video.cpython-310.pyc
[0.729s] running install_data
[0.729s] running install_egg_info
[0.730s] removing '/home/efe/Desktop/ros2_ws/src/install/tramola/lib/python3.10/site-packages/tramola-0.0.0-py3.10.egg-info' (and everything under it)
[0.731s] Copying ../build/tramola/tramola.egg-info to /home/efe/Desktop/ros2_ws/src/install/tramola/lib/python3.10/site-packages/tramola-0.0.0-py3.10.egg-info
[0.732s] running install_scripts
[0.748s] Installing followPath script to /home/efe/Desktop/ros2_ws/src/install/tramola/lib/tramola
[0.748s] Installing video script to /home/efe/Desktop/ros2_ws/src/install/tramola/lib/tramola
[0.748s] writing list of installed files to '/home/efe/Desktop/ros2_ws/src/build/tramola/install.log'
[0.769s] Invoked command in '/home/efe/Desktop/ros2_ws/src/tramola' returned '0': PYTHONPATH=/home/efe/Desktop/ros2_ws/src/build/tramola/prefix_override:/usr/lib/python3/dist-packages/colcon_core/task/python/colcon_distutils_commands:/home/efe/Desktop/ros2_ws/src/install/tramola/lib/python3.10/site-packages:${PYTHONPATH} /usr/bin/python3 -W ignore:setup.py install is deprecated -W ignore:easy_install command is deprecated setup.py egg_info --egg-base ../build/tramola build --build-base /home/efe/Desktop/ros2_ws/src/build/tramola/build install --record /home/efe/Desktop/ros2_ws/src/build/tramola/install.log --single-version-externally-managed install_data
