[0.145s] DEBUG:colcon:Command line arguments: ['/usr/bin/colcon', 'build']
[0.145s] DEBUG:colcon:Parsed command line arguments: Namespace(log_base=None, log_level=None, verb_name='build', build_base='build', install_base='install', merge_install=False, symlink_install=False, test_result_base=None, continue_on_error=False, executor='parallel', parallel_workers=16, event_handlers=None, ignore_user_meta=False, metas=['./colcon.meta'], base_paths=['.'], packages_ignore=None, packages_ignore_regex=None, paths=None, packages_up_to=None, packages_up_to_regex=None, packages_above=None, packages_above_and_dependencies=None, packages_above_depth=None, packages_select_by_dep=None, packages_skip_by_dep=None, packages_skip_up_to=None, packages_select_build_failed=False, packages_skip_build_finished=False, packages_select_test_failures=False, packages_skip_test_passed=False, packages_select=None, packages_skip=None, packages_select_regex=None, packages_skip_regex=None, packages_start=None, packages_end=None, allow_overriding=[], cmake_args=None, cmake_target=None, cmake_target_skip_unavailable=False, cmake_clean_cache=False, cmake_clean_first=False, cmake_force_configure=False, ament_cmake_args=None, catkin_cmake_args=None, catkin_skip_building_tests=False, mixin_files=None, mixin=None, verb_parser=<colcon_mixin.mixin.mixin_argument.MixinArgumentDecorator object at 0x72cbbf739ba0>, verb_extension=<colcon_core.verb.build.BuildVerb object at 0x72cbbf7394e0>, main=<bound method BuildVerb.main of <colcon_core.verb.build.BuildVerb object at 0x72cbbf7394e0>>, mixin_verb=('build',))
[0.349s] Level 1:colcon.colcon_core.package_discovery:discover_packages(colcon_meta) check parameters
[0.349s] Level 1:colcon.colcon_core.package_discovery:discover_packages(recursive) check parameters
[0.349s] Level 1:colcon.colcon_core.package_discovery:discover_packages(ignore) check parameters
[0.349s] Level 1:colcon.colcon_core.package_discovery:discover_packages(path) check parameters
[0.350s] Level 1:colcon.colcon_core.package_discovery:discover_packages(colcon_meta) discover
[0.350s] Level 1:colcon.colcon_core.package_discovery:discover_packages(recursive) discover
[0.350s] INFO:colcon.colcon_core.package_discovery:Crawling recursively for packages in '/home/efe/Desktop/ros2_ws'
[0.350s] Level 1:colcon.colcon_core.package_identification:_identify(.) by extensions ['ignore', 'ignore_ament_install']
[0.350s] Level 1:colcon.colcon_core.package_identification:_identify(.) by extension 'ignore'
[0.350s] Level 1:colcon.colcon_core.package_identification:_identify(.) by extension 'ignore_ament_install'
[0.350s] Level 1:colcon.colcon_core.package_identification:_identify(.) by extensions ['colcon_pkg']
[0.350s] Level 1:colcon.colcon_core.package_identification:_identify(.) by extension 'colcon_pkg'
[0.350s] Level 1:colcon.colcon_core.package_identification:_identify(.) by extensions ['colcon_meta']
[0.350s] Level 1:colcon.colcon_core.package_identification:_identify(.) by extension 'colcon_meta'
[0.350s] Level 1:colcon.colcon_core.package_identification:_identify(.) by extensions ['ros']
[0.350s] Level 1:colcon.colcon_core.package_identification:_identify(.) by extension 'ros'
[0.365s] Level 1:colcon.colcon_core.package_identification:_identify(.) by extensions ['cmake', 'python']
[0.365s] Level 1:colcon.colcon_core.package_identification:_identify(.) by extension 'cmake'
[0.365s] Level 1:colcon.colcon_core.package_identification:_identify(.) by extension 'python'
[0.365s] Level 1:colcon.colcon_core.package_identification:_identify(.) by extensions ['python_setup_py']
[0.365s] Level 1:colcon.colcon_core.package_identification:_identify(.) by extension 'python_setup_py'
[0.366s] Level 1:colcon.colcon_core.package_identification:_identify(build) by extensions ['ignore', 'ignore_ament_install']
[0.366s] Level 1:colcon.colcon_core.package_identification:_identify(build) by extension 'ignore'
[0.366s] Level 1:colcon.colcon_core.package_identification:_identify(build) ignored
[0.366s] Level 1:colcon.colcon_core.package_identification:_identify(install) by extensions ['ignore', 'ignore_ament_install']
[0.366s] Level 1:colcon.colcon_core.package_identification:_identify(install) by extension 'ignore'
[0.366s] Level 1:colcon.colcon_core.package_identification:_identify(install) ignored
[0.366s] Level 1:colcon.colcon_core.package_identification:_identify(log) by extensions ['ignore', 'ignore_ament_install']
[0.366s] Level 1:colcon.colcon_core.package_identification:_identify(log) by extension 'ignore'
[0.366s] Level 1:colcon.colcon_core.package_identification:_identify(log) ignored
[0.366s] Level 1:colcon.colcon_core.package_identification:_identify(src) by extensions ['ignore', 'ignore_ament_install']
[0.367s] Level 1:colcon.colcon_core.package_identification:_identify(src) by extension 'ignore'
[0.367s] Level 1:colcon.colcon_core.package_identification:_identify(src) by extension 'ignore_ament_install'
[0.367s] Level 1:colcon.colcon_core.package_identification:_identify(src) by extensions ['colcon_pkg']
[0.367s] Level 1:colcon.colcon_core.package_identification:_identify(src) by extension 'colcon_pkg'
[0.367s] Level 1:colcon.colcon_core.package_identification:_identify(src) by extensions ['colcon_meta']
[0.367s] Level 1:colcon.colcon_core.package_identification:_identify(src) by extension 'colcon_meta'
[0.367s] Level 1:colcon.colcon_core.package_identification:_identify(src) by extensions ['ros']
[0.367s] Level 1:colcon.colcon_core.package_identification:_identify(src) by extension 'ros'
[0.367s] Level 1:colcon.colcon_core.package_identification:_identify(src) by extensions ['cmake', 'python']
[0.367s] Level 1:colcon.colcon_core.package_identification:_identify(src) by extension 'cmake'
[0.367s] Level 1:colcon.colcon_core.package_identification:_identify(src) by extension 'python'
[0.367s] Level 1:colcon.colcon_core.package_identification:_identify(src) by extensions ['python_setup_py']
[0.367s] Level 1:colcon.colcon_core.package_identification:_identify(src) by extension 'python_setup_py'
[0.367s] Level 1:colcon.colcon_core.package_identification:_identify(src/build) by extensions ['ignore', 'ignore_ament_install']
[0.368s] Level 1:colcon.colcon_core.package_identification:_identify(src/build) by extension 'ignore'
[0.368s] Level 1:colcon.colcon_core.package_identification:_identify(src/build) ignored
[0.368s] Level 1:colcon.colcon_core.package_identification:_identify(src/install) by extensions ['ignore', 'ignore_ament_install']
[0.368s] Level 1:colcon.colcon_core.package_identification:_identify(src/install) by extension 'ignore'
[0.368s] Level 1:colcon.colcon_core.package_identification:_identify(src/install) ignored
[0.368s] Level 1:colcon.colcon_core.package_identification:_identify(src/log) by extensions ['ignore', 'ignore_ament_install']
[0.368s] Level 1:colcon.colcon_core.package_identification:_identify(src/log) by extension 'ignore'
[0.368s] Level 1:colcon.colcon_core.package_identification:_identify(src/log) ignored
[0.368s] Level 1:colcon.colcon_core.package_identification:_identify(src/tramola) by extensions ['ignore', 'ignore_ament_install']
[0.368s] Level 1:colcon.colcon_core.package_identification:_identify(src/tramola) by extension 'ignore'
[0.368s] Level 1:colcon.colcon_core.package_identification:_identify(src/tramola) by extension 'ignore_ament_install'
[0.368s] Level 1:colcon.colcon_core.package_identification:_identify(src/tramola) by extensions ['colcon_pkg']
[0.368s] Level 1:colcon.colcon_core.package_identification:_identify(src/tramola) by extension 'colcon_pkg'
[0.368s] Level 1:colcon.colcon_core.package_identification:_identify(src/tramola) by extensions ['colcon_meta']
[0.368s] Level 1:colcon.colcon_core.package_identification:_identify(src/tramola) by extension 'colcon_meta'
[0.368s] Level 1:colcon.colcon_core.package_identification:_identify(src/tramola) by extensions ['ros']
[0.368s] Level 1:colcon.colcon_core.package_identification:_identify(src/tramola) by extension 'ros'
[0.372s] DEBUG:colcon.colcon_core.package_identification:Package 'src/tramola' with type 'ros.ament_python' and name 'tramola'
[0.372s] Level 1:colcon.colcon_core.package_identification:_identify(src/tramolaa) by extensions ['ignore', 'ignore_ament_install']
[0.373s] Level 1:colcon.colcon_core.package_identification:_identify(src/tramolaa) by extension 'ignore'
[0.373s] Level 1:colcon.colcon_core.package_identification:_identify(src/tramolaa) by extension 'ignore_ament_install'
[0.373s] Level 1:colcon.colcon_core.package_identification:_identify(src/tramolaa) by extensions ['colcon_pkg']
[0.373s] Level 1:colcon.colcon_core.package_identification:_identify(src/tramolaa) by extension 'colcon_pkg'
[0.373s] Level 1:colcon.colcon_core.package_identification:_identify(src/tramolaa) by extensions ['colcon_meta']
[0.373s] Level 1:colcon.colcon_core.package_identification:_identify(src/tramolaa) by extension 'colcon_meta'
[0.373s] Level 1:colcon.colcon_core.package_identification:_identify(src/tramolaa) by extensions ['ros']
[0.373s] Level 1:colcon.colcon_core.package_identification:_identify(src/tramolaa) by extension 'ros'
[0.374s] DEBUG:colcon.colcon_core.package_identification:Package 'src/tramolaa' with type 'ros.ament_cmake' and name 'tramolaa'
[0.374s] Level 1:colcon.colcon_core.package_discovery:discover_packages(recursive) using defaults
[0.374s] Level 1:colcon.colcon_core.package_discovery:discover_packages(ignore) discover
[0.374s] Level 1:colcon.colcon_core.package_discovery:discover_packages(ignore) using defaults
[0.374s] Level 1:colcon.colcon_core.package_discovery:discover_packages(path) discover
[0.374s] Level 1:colcon.colcon_core.package_discovery:discover_packages(path) using defaults
[0.404s] Level 1:colcon.colcon_core.package_discovery:discover_packages(prefix_path) check parameters
[0.404s] Level 1:colcon.colcon_core.package_discovery:discover_packages(prefix_path) discover
[0.407s] DEBUG:colcon.colcon_installed_package_information.package_discovery:Found 2 installed packages in /home/efe/Desktop/ros2_ws/install
[0.407s] DEBUG:colcon.colcon_installed_package_information.package_discovery:Found 2 installed packages in /home/efe/Desktop/ros2_ws/src/install
[0.408s] DEBUG:colcon.colcon_installed_package_information.package_discovery:Found 5 installed packages in /home/efe/vrx_ws/install
[0.410s] DEBUG:colcon.colcon_installed_package_information.package_discovery:Found 219 installed packages in /opt/ros/humble
[0.414s] Level 1:colcon.colcon_core.package_discovery:discover_packages(prefix_path) using defaults
[0.504s] Level 5:colcon.colcon_core.verb:set package 'tramola' build argument 'cmake_args' from command line to 'None'
[0.505s] Level 5:colcon.colcon_core.verb:set package 'tramola' build argument 'cmake_target' from command line to 'None'
[0.505s] Level 5:colcon.colcon_core.verb:set package 'tramola' build argument 'cmake_target_skip_unavailable' from command line to 'False'
[0.505s] Level 5:colcon.colcon_core.verb:set package 'tramola' build argument 'cmake_clean_cache' from command line to 'False'
[0.505s] Level 5:colcon.colcon_core.verb:set package 'tramola' build argument 'cmake_clean_first' from command line to 'False'
[0.505s] Level 5:colcon.colcon_core.verb:set package 'tramola' build argument 'cmake_force_configure' from command line to 'False'
[0.505s] Level 5:colcon.colcon_core.verb:set package 'tramola' build argument 'ament_cmake_args' from command line to 'None'
[0.505s] Level 5:colcon.colcon_core.verb:set package 'tramola' build argument 'catkin_cmake_args' from command line to 'None'
[0.505s] Level 5:colcon.colcon_core.verb:set package 'tramola' build argument 'catkin_skip_building_tests' from command line to 'False'
[0.505s] DEBUG:colcon.colcon_core.verb:Building package 'tramola' with the following arguments: {'ament_cmake_args': None, 'build_base': '/home/efe/Desktop/ros2_ws/build/tramola', 'catkin_cmake_args': None, 'catkin_skip_building_tests': False, 'cmake_args': None, 'cmake_clean_cache': False, 'cmake_clean_first': False, 'cmake_force_configure': False, 'cmake_target': None, 'cmake_target_skip_unavailable': False, 'install_base': '/home/efe/Desktop/ros2_ws/install/tramola', 'merge_install': False, 'path': '/home/efe/Desktop/ros2_ws/src/tramola', 'symlink_install': False, 'test_result_base': None}
[0.505s] Level 5:colcon.colcon_core.verb:set package 'tramolaa' build argument 'cmake_args' from command line to 'None'
[0.506s] Level 5:colcon.colcon_core.verb:set package 'tramolaa' build argument 'cmake_target' from command line to 'None'
[0.506s] Level 5:colcon.colcon_core.verb:set package 'tramolaa' build argument 'cmake_target_skip_unavailable' from command line to 'False'
[0.506s] Level 5:colcon.colcon_core.verb:set package 'tramolaa' build argument 'cmake_clean_cache' from command line to 'False'
[0.506s] Level 5:colcon.colcon_core.verb:set package 'tramolaa' build argument 'cmake_clean_first' from command line to 'False'
[0.506s] Level 5:colcon.colcon_core.verb:set package 'tramolaa' build argument 'cmake_force_configure' from command line to 'False'
[0.506s] Level 5:colcon.colcon_core.verb:set package 'tramolaa' build argument 'ament_cmake_args' from command line to 'None'
[0.506s] Level 5:colcon.colcon_core.verb:set package 'tramolaa' build argument 'catkin_cmake_args' from command line to 'None'
[0.506s] Level 5:colcon.colcon_core.verb:set package 'tramolaa' build argument 'catkin_skip_building_tests' from command line to 'False'
[0.506s] DEBUG:colcon.colcon_core.verb:Building package 'tramolaa' with the following arguments: {'ament_cmake_args': None, 'build_base': '/home/efe/Desktop/ros2_ws/build/tramolaa', 'catkin_cmake_args': None, 'catkin_skip_building_tests': False, 'cmake_args': None, 'cmake_clean_cache': False, 'cmake_clean_first': False, 'cmake_force_configure': False, 'cmake_target': None, 'cmake_target_skip_unavailable': False, 'install_base': '/home/efe/Desktop/ros2_ws/install/tramolaa', 'merge_install': False, 'path': '/home/efe/Desktop/ros2_ws/src/tramolaa', 'symlink_install': False, 'test_result_base': None}
[0.506s] INFO:colcon.colcon_core.executor:Executing jobs using 'parallel' executor
[0.508s] DEBUG:colcon.colcon_parallel_executor.executor.parallel:run_until_complete
[0.508s] INFO:colcon.colcon_ros.task.ament_python.build:Building ROS package in '/home/efe/Desktop/ros2_ws/src/tramola' with build type 'ament_python'
[0.508s] Level 1:colcon.colcon_core.shell:create_environment_hook('tramola', 'ament_prefix_path')
[0.511s] INFO:colcon.colcon_core.plugin_system:Skipping extension 'colcon_core.shell.bat': Not used on non-Windows systems
[0.512s] INFO:colcon.colcon_core.shell:Creating environment hook '/home/efe/Desktop/ros2_ws/install/tramola/share/tramola/hook/ament_prefix_path.ps1'
[0.513s] INFO:colcon.colcon_core.shell:Creating environment descriptor '/home/efe/Desktop/ros2_ws/install/tramola/share/tramola/hook/ament_prefix_path.dsv'
[0.514s] INFO:colcon.colcon_core.shell:Creating environment hook '/home/efe/Desktop/ros2_ws/install/tramola/share/tramola/hook/ament_prefix_path.sh'
[0.515s] INFO:colcon.colcon_core.shell:Skip shell extension 'powershell' for command environment: Not usable outside of PowerShell
[0.515s] DEBUG:colcon.colcon_core.shell:Skip shell extension 'dsv' for command environment
[0.521s] INFO:colcon.colcon_ros.task.ament_cmake.build:Building ROS package in '/home/efe/Desktop/ros2_ws/src/tramolaa' with build type 'ament_cmake'
[0.521s] INFO:colcon.colcon_cmake.task.cmake.build:Building CMake package in '/home/efe/Desktop/ros2_ws/src/tramolaa'
[0.522s] INFO:colcon.colcon_core.shell:Skip shell extension 'powershell' for command environment: Not usable outside of PowerShell
[0.522s] DEBUG:colcon.colcon_core.shell:Skip shell extension 'dsv' for command environment
[0.960s] INFO:colcon.colcon_core.task.python.build:Building Python package in '/home/efe/Desktop/ros2_ws/src/tramola'
[0.960s] INFO:colcon.colcon_core.shell:Skip shell extension 'powershell' for command environment: Not usable outside of PowerShell
[0.961s] DEBUG:colcon.colcon_core.shell:Skip shell extension 'dsv' for command environment
[0.976s] DEBUG:colcon.colcon_core.event_handler.log_command:Invoking command in '/home/efe/Desktop/ros2_ws/build/tramolaa': CMAKE_PREFIX_PATH=${CMAKE_PREFIX_PATH}:/home/efe/Desktop/ros2_ws/src/install/tramola:/home/efe/Desktop/ros2_ws/install/tramola:/opt/ros/humble /usr/bin/cmake --build /home/efe/Desktop/ros2_ws/build/tramolaa -- -j16 -l16
[1.519s] DEBUG:colcon.colcon_core.event_handler.log_command:Invoking command in '/home/efe/Desktop/ros2_ws/src/tramola': PYTHONPATH=/home/efe/Desktop/ros2_ws/build/tramola/prefix_override:/usr/lib/python3/dist-packages/colcon_core/task/python/colcon_distutils_commands:/home/efe/Desktop/ros2_ws/install/tramola/lib/python3.10/site-packages:${PYTHONPATH} /usr/bin/python3 -W ignore:setup.py install is deprecated -W ignore:easy_install command is deprecated setup.py egg_info --egg-base ../../build/tramola build --build-base /home/efe/Desktop/ros2_ws/build/tramola/build install --record /home/efe/Desktop/ros2_ws/build/tramola/install.log --single-version-externally-managed install_data
[1.547s] DEBUG:colcon.colcon_core.event_handler.log_command:Invoked command in '/home/efe/Desktop/ros2_ws/build/tramolaa' returned '0': CMAKE_PREFIX_PATH=${CMAKE_PREFIX_PATH}:/home/efe/Desktop/ros2_ws/src/install/tramola:/home/efe/Desktop/ros2_ws/install/tramola:/opt/ros/humble /usr/bin/cmake --build /home/efe/Desktop/ros2_ws/build/tramolaa -- -j16 -l16
[1.569s] DEBUG:colcon.colcon_core.event_handler.log_command:Invoking command in '/home/efe/Desktop/ros2_ws/build/tramolaa': CMAKE_PREFIX_PATH=${CMAKE_PREFIX_PATH}:/home/efe/Desktop/ros2_ws/src/install/tramola:/home/efe/Desktop/ros2_ws/install/tramola:/opt/ros/humble /usr/bin/cmake --install /home/efe/Desktop/ros2_ws/build/tramolaa
[1.670s] Level 1:colcon.colcon_core.environment:create_environment_scripts_only(tramolaa)
[1.671s] DEBUG:colcon.colcon_core.event_handler.log_command:Invoked command in '/home/efe/Desktop/ros2_ws/build/tramolaa' returned '0': CMAKE_PREFIX_PATH=${CMAKE_PREFIX_PATH}:/home/efe/Desktop/ros2_ws/src/install/tramola:/home/efe/Desktop/ros2_ws/install/tramola:/opt/ros/humble /usr/bin/cmake --install /home/efe/Desktop/ros2_ws/build/tramolaa
[1.675s] Level 1:colcon.colcon_core.environment:checking '/home/efe/Desktop/ros2_ws/install/tramolaa' for CMake module files
[1.676s] Level 1:colcon.colcon_core.environment:checking '/home/efe/Desktop/ros2_ws/install/tramolaa' for CMake config files
[1.676s] Level 1:colcon.colcon_core.shell:create_environment_hook('tramolaa', 'cmake_prefix_path')
[1.677s] INFO:colcon.colcon_core.shell:Creating environment hook '/home/efe/Desktop/ros2_ws/install/tramolaa/share/tramolaa/hook/cmake_prefix_path.ps1'
[1.678s] INFO:colcon.colcon_core.shell:Creating environment descriptor '/home/efe/Desktop/ros2_ws/install/tramolaa/share/tramolaa/hook/cmake_prefix_path.dsv'
[1.678s] INFO:colcon.colcon_core.shell:Creating environment hook '/home/efe/Desktop/ros2_ws/install/tramolaa/share/tramolaa/hook/cmake_prefix_path.sh'
[1.680s] Level 1:colcon.colcon_core.environment:checking '/home/efe/Desktop/ros2_ws/install/tramolaa/lib'
[1.680s] Level 1:colcon.colcon_core.shell:create_environment_hook('tramolaa', 'ld_library_path_lib')
[1.680s] INFO:colcon.colcon_core.shell:Creating environment hook '/home/efe/Desktop/ros2_ws/install/tramolaa/share/tramolaa/hook/ld_library_path_lib.ps1'
[1.681s] INFO:colcon.colcon_core.shell:Creating environment descriptor '/home/efe/Desktop/ros2_ws/install/tramolaa/share/tramolaa/hook/ld_library_path_lib.dsv'
[1.682s] INFO:colcon.colcon_core.shell:Creating environment hook '/home/efe/Desktop/ros2_ws/install/tramolaa/share/tramolaa/hook/ld_library_path_lib.sh'
[1.682s] Level 1:colcon.colcon_core.environment:checking '/home/efe/Desktop/ros2_ws/install/tramolaa/bin'
[1.682s] Level 1:colcon.colcon_core.environment:checking '/home/efe/Desktop/ros2_ws/install/tramolaa/lib/pkgconfig/tramolaa.pc'
[1.683s] Level 1:colcon.colcon_core.environment:checking '/home/efe/Desktop/ros2_ws/install/tramolaa/lib/python3.10/site-packages'
[1.683s] Level 1:colcon.colcon_core.environment:checking '/home/efe/Desktop/ros2_ws/install/tramolaa/bin'
[1.684s] INFO:colcon.colcon_core.shell:Creating package script '/home/efe/Desktop/ros2_ws/install/tramolaa/share/tramolaa/package.ps1'
[1.685s] INFO:colcon.colcon_core.shell:Creating package descriptor '/home/efe/Desktop/ros2_ws/install/tramolaa/share/tramolaa/package.dsv'
[1.686s] INFO:colcon.colcon_core.shell:Creating package script '/home/efe/Desktop/ros2_ws/install/tramolaa/share/tramolaa/package.sh'
[1.687s] INFO:colcon.colcon_core.shell:Creating package script '/home/efe/Desktop/ros2_ws/install/tramolaa/share/tramolaa/package.bash'
[1.688s] INFO:colcon.colcon_core.shell:Creating package script '/home/efe/Desktop/ros2_ws/install/tramolaa/share/tramolaa/package.zsh'
[1.689s] Level 1:colcon.colcon_core.environment:create_file_with_runtime_dependencies(/home/efe/Desktop/ros2_ws/install/tramolaa/share/colcon-core/packages/tramolaa)
[1.690s] Level 1:colcon.colcon_core.environment:create_environment_scripts_only(tramolaa)
[1.690s] Level 1:colcon.colcon_core.environment:checking '/home/efe/Desktop/ros2_ws/install/tramolaa' for CMake module files
[1.691s] Level 1:colcon.colcon_core.environment:checking '/home/efe/Desktop/ros2_ws/install/tramolaa' for CMake config files
[1.692s] Level 1:colcon.colcon_core.shell:create_environment_hook('tramolaa', 'cmake_prefix_path')
[1.692s] INFO:colcon.colcon_core.shell:Creating environment hook '/home/efe/Desktop/ros2_ws/install/tramolaa/share/tramolaa/hook/cmake_prefix_path.ps1'
[1.693s] INFO:colcon.colcon_core.shell:Creating environment descriptor '/home/efe/Desktop/ros2_ws/install/tramolaa/share/tramolaa/hook/cmake_prefix_path.dsv'
[1.693s] INFO:colcon.colcon_core.shell:Creating environment hook '/home/efe/Desktop/ros2_ws/install/tramolaa/share/tramolaa/hook/cmake_prefix_path.sh'
[1.694s] Level 1:colcon.colcon_core.environment:checking '/home/efe/Desktop/ros2_ws/install/tramolaa/lib'
[1.694s] Level 1:colcon.colcon_core.shell:create_environment_hook('tramolaa', 'ld_library_path_lib')
[1.694s] INFO:colcon.colcon_core.shell:Creating environment hook '/home/efe/Desktop/ros2_ws/install/tramolaa/share/tramolaa/hook/ld_library_path_lib.ps1'
[1.694s] INFO:colcon.colcon_core.shell:Creating environment descriptor '/home/efe/Desktop/ros2_ws/install/tramolaa/share/tramolaa/hook/ld_library_path_lib.dsv'
[1.695s] INFO:colcon.colcon_core.shell:Creating environment hook '/home/efe/Desktop/ros2_ws/install/tramolaa/share/tramolaa/hook/ld_library_path_lib.sh'
[1.695s] Level 1:colcon.colcon_core.environment:checking '/home/efe/Desktop/ros2_ws/install/tramolaa/bin'
[1.695s] Level 1:colcon.colcon_core.environment:checking '/home/efe/Desktop/ros2_ws/install/tramolaa/lib/pkgconfig/tramolaa.pc'
[1.696s] Level 1:colcon.colcon_core.environment:checking '/home/efe/Desktop/ros2_ws/install/tramolaa/lib/python3.10/site-packages'
[1.696s] Level 1:colcon.colcon_core.environment:checking '/home/efe/Desktop/ros2_ws/install/tramolaa/bin'
[1.696s] INFO:colcon.colcon_core.shell:Creating package script '/home/efe/Desktop/ros2_ws/install/tramolaa/share/tramolaa/package.ps1'
[1.697s] INFO:colcon.colcon_core.shell:Creating package descriptor '/home/efe/Desktop/ros2_ws/install/tramolaa/share/tramolaa/package.dsv'
[1.697s] INFO:colcon.colcon_core.shell:Creating package script '/home/efe/Desktop/ros2_ws/install/tramolaa/share/tramolaa/package.sh'
[1.698s] INFO:colcon.colcon_core.shell:Creating package script '/home/efe/Desktop/ros2_ws/install/tramolaa/share/tramolaa/package.bash'
[1.698s] INFO:colcon.colcon_core.shell:Creating package script '/home/efe/Desktop/ros2_ws/install/tramolaa/share/tramolaa/package.zsh'
[1.699s] Level 1:colcon.colcon_core.environment:create_file_with_runtime_dependencies(/home/efe/Desktop/ros2_ws/install/tramolaa/share/colcon-core/packages/tramolaa)
[1.995s] Level 1:colcon.colcon_core.environment:checking '/home/efe/Desktop/ros2_ws/install/tramola' for CMake module files
[1.996s] DEBUG:colcon.colcon_core.event_handler.log_command:Invoked command in '/home/efe/Desktop/ros2_ws/src/tramola' returned '0': PYTHONPATH=/home/efe/Desktop/ros2_ws/build/tramola/prefix_override:/usr/lib/python3/dist-packages/colcon_core/task/python/colcon_distutils_commands:/home/efe/Desktop/ros2_ws/install/tramola/lib/python3.10/site-packages:${PYTHONPATH} /usr/bin/python3 -W ignore:setup.py install is deprecated -W ignore:easy_install command is deprecated setup.py egg_info --egg-base ../../build/tramola build --build-base /home/efe/Desktop/ros2_ws/build/tramola/build install --record /home/efe/Desktop/ros2_ws/build/tramola/install.log --single-version-externally-managed install_data
[1.997s] Level 1:colcon.colcon_core.environment:checking '/home/efe/Desktop/ros2_ws/install/tramola' for CMake config files
[1.998s] Level 1:colcon.colcon_core.environment:checking '/home/efe/Desktop/ros2_ws/install/tramola/lib'
[1.998s] Level 1:colcon.colcon_core.environment:checking '/home/efe/Desktop/ros2_ws/install/tramola/bin'
[1.998s] Level 1:colcon.colcon_core.environment:checking '/home/efe/Desktop/ros2_ws/install/tramola/lib/pkgconfig/tramola.pc'
[1.998s] Level 1:colcon.colcon_core.environment:checking '/home/efe/Desktop/ros2_ws/install/tramola/lib/python3.10/site-packages'
[1.998s] Level 1:colcon.colcon_core.shell:create_environment_hook('tramola', 'pythonpath')
[1.999s] INFO:colcon.colcon_core.shell:Creating environment hook '/home/efe/Desktop/ros2_ws/install/tramola/share/tramola/hook/pythonpath.ps1'
[1.999s] INFO:colcon.colcon_core.shell:Creating environment descriptor '/home/efe/Desktop/ros2_ws/install/tramola/share/tramola/hook/pythonpath.dsv'
[2.000s] INFO:colcon.colcon_core.shell:Creating environment hook '/home/efe/Desktop/ros2_ws/install/tramola/share/tramola/hook/pythonpath.sh'
[2.001s] Level 1:colcon.colcon_core.environment:checking '/home/efe/Desktop/ros2_ws/install/tramola/bin'
[2.001s] Level 1:colcon.colcon_core.environment:create_environment_scripts_only(tramola)
[2.001s] INFO:colcon.colcon_core.shell:Creating package script '/home/efe/Desktop/ros2_ws/install/tramola/share/tramola/package.ps1'
[2.001s] INFO:colcon.colcon_core.shell:Creating package descriptor '/home/efe/Desktop/ros2_ws/install/tramola/share/tramola/package.dsv'
[2.002s] INFO:colcon.colcon_core.shell:Creating package script '/home/efe/Desktop/ros2_ws/install/tramola/share/tramola/package.sh'
[2.002s] INFO:colcon.colcon_core.shell:Creating package script '/home/efe/Desktop/ros2_ws/install/tramola/share/tramola/package.bash'
[2.003s] INFO:colcon.colcon_core.shell:Creating package script '/home/efe/Desktop/ros2_ws/install/tramola/share/tramola/package.zsh'
[2.003s] Level 1:colcon.colcon_core.environment:create_file_with_runtime_dependencies(/home/efe/Desktop/ros2_ws/install/tramola/share/colcon-core/packages/tramola)
[2.004s] DEBUG:colcon.colcon_parallel_executor.executor.parallel:closing loop
[2.004s] DEBUG:colcon.colcon_parallel_executor.executor.parallel:loop closed
[2.004s] DEBUG:colcon.colcon_parallel_executor.executor.parallel:run_until_complete finished with '0'
[2.005s] DEBUG:colcon.colcon_core.event_reactor:joining thread
[2.012s] INFO:colcon.colcon_core.plugin_system:Skipping extension 'colcon_notification.desktop_notification.terminal_notifier': Not used on non-Darwin systems
[2.012s] INFO:colcon.colcon_core.plugin_system:Skipping extension 'colcon_notification.desktop_notification.win32': Not used on non-Windows systems
[2.012s] INFO:colcon.colcon_notification.desktop_notification:Sending desktop notification using 'notify2'
[2.033s] DEBUG:colcon.colcon_core.event_reactor:joined thread
[2.034s] INFO:colcon.colcon_core.shell:Creating prefix script '/home/efe/Desktop/ros2_ws/install/local_setup.ps1'
[2.038s] INFO:colcon.colcon_core.shell:Creating prefix util module '/home/efe/Desktop/ros2_ws/install/_local_setup_util_ps1.py'
[2.041s] INFO:colcon.colcon_core.shell:Creating prefix chain script '/home/efe/Desktop/ros2_ws/install/setup.ps1'
[2.044s] INFO:colcon.colcon_core.shell:Creating prefix script '/home/efe/Desktop/ros2_ws/install/local_setup.sh'
[2.045s] INFO:colcon.colcon_core.shell:Creating prefix util module '/home/efe/Desktop/ros2_ws/install/_local_setup_util_sh.py'
[2.046s] INFO:colcon.colcon_core.shell:Creating prefix chain script '/home/efe/Desktop/ros2_ws/install/setup.sh'
[2.049s] INFO:colcon.colcon_core.shell:Creating prefix script '/home/efe/Desktop/ros2_ws/install/local_setup.bash'
[2.049s] INFO:colcon.colcon_core.shell:Creating prefix chain script '/home/efe/Desktop/ros2_ws/install/setup.bash'
[2.050s] INFO:colcon.colcon_core.shell:Creating prefix script '/home/efe/Desktop/ros2_ws/install/local_setup.zsh'
[2.051s] INFO:colcon.colcon_core.shell:Creating prefix chain script '/home/efe/Desktop/ros2_ws/install/setup.zsh'
