[0.503s] Invoking command in '/home/efe/Desktop/ros2_ws/src/tramola': PYTHONPATH=/home/efe/Desktop/ros2_ws/src/build/tramola/prefix_override:/usr/lib/python3/dist-packages/colcon_core/task/python/colcon_distutils_commands:/home/efe/Desktop/ros2_ws/src/install/tramola/lib/python3.10/site-packages:${PYTHONPATH} /usr/bin/python3 -W ignore:setup.py install is deprecated -W ignore:easy_install command is deprecated setup.py egg_info --egg-base ../build/tramola build --build-base /home/efe/Desktop/ros2_ws/src/build/tramola/build install --record /home/efe/Desktop/ros2_ws/src/build/tramola/install.log --single-version-externally-managed install_data
[0.700s] running egg_info
[0.700s] writing ../build/tramola/tramola.egg-info/PKG-INFO
[0.700s] writing dependency_links to ../build/tramola/tramola.egg-info/dependency_links.txt
[0.700s] writing entry points to ../build/tramola/tramola.egg-info/entry_points.txt
[0.701s] writing requirements to ../build/tramola/tramola.egg-info/requires.txt
[0.701s] writing top-level names to ../build/tramola/tramola.egg-info/top_level.txt
[0.702s] reading manifest file '../build/tramola/tramola.egg-info/SOURCES.txt'
[0.702s] adding license file 'LICENSE'
[0.703s] writing manifest file '../build/tramola/tramola.egg-info/SOURCES.txt'
[0.703s] running build
[0.703s] running build_py
[0.703s] running install
[0.704s] running install_lib
[0.705s] running install_data
[0.705s] running install_egg_info
[0.706s] removing '/home/efe/Desktop/ros2_ws/src/install/tramola/lib/python3.10/site-packages/tramola-0.0.0-py3.10.egg-info' (and everything under it)
[0.707s] Copying ../build/tramola/tramola.egg-info to /home/efe/Desktop/ros2_ws/src/install/tramola/lib/python3.10/site-packages/tramola-0.0.0-py3.10.egg-info
[0.708s] running install_scripts
[0.727s] Installing followPath script to /home/efe/Desktop/ros2_ws/src/install/tramola/lib/tramola
[0.727s] Installing video script to /home/efe/Desktop/ros2_ws/src/install/tramola/lib/tramola
[0.727s] writing list of installed files to '/home/efe/Desktop/ros2_ws/src/build/tramola/install.log'
[0.750s] Invoked command in '/home/efe/Desktop/ros2_ws/src/tramola' returned '0': PYTHONPATH=/home/efe/Desktop/ros2_ws/src/build/tramola/prefix_override:/usr/lib/python3/dist-packages/colcon_core/task/python/colcon_distutils_commands:/home/efe/Desktop/ros2_ws/src/install/tramola/lib/python3.10/site-packages:${PYTHONPATH} /usr/bin/python3 -W ignore:setup.py install is deprecated -W ignore:easy_install command is deprecated setup.py egg_info --egg-base ../build/tramola build --build-base /home/efe/Desktop/ros2_ws/src/build/tramola/build install --record /home/efe/Desktop/ros2_ws/src/build/tramola/install.log --single-version-externally-managed install_data
