/home/efe/Desktop/ros2_ws/install/tramola/lib/python3.10/site-packages/tramola/vision.py
/home/efe/Desktop/ros2_ws/install/tramola/lib/python3.10/site-packages/tramola/__init__.py
/home/efe/Desktop/ros2_ws/install/tramola/lib/python3.10/site-packages/tramola/video.py
/home/efe/Desktop/ros2_ws/install/tramola/lib/python3.10/site-packages/tramola/followPath.py
/home/efe/Desktop/ros2_ws/install/tramola/lib/python3.10/site-packages/tramola/thruster.py
/home/efe/Desktop/ros2_ws/install/tramola/lib/python3.10/site-packages/tramola/__pycache__/vision.cpython-310.pyc
/home/efe/Desktop/ros2_ws/install/tramola/lib/python3.10/site-packages/tramola/__pycache__/__init__.cpython-310.pyc
/home/efe/Desktop/ros2_ws/install/tramola/lib/python3.10/site-packages/tramola/__pycache__/video.cpython-310.pyc
/home/efe/Desktop/ros2_ws/install/tramola/lib/python3.10/site-packages/tramola/__pycache__/followPath.cpython-310.pyc
/home/efe/Desktop/ros2_ws/install/tramola/lib/python3.10/site-packages/tramola/__pycache__/thruster.cpython-310.pyc
/home/efe/Desktop/ros2_ws/install/tramola/share/ament_index/resource_index/packages/tramola
/home/efe/Desktop/ros2_ws/install/tramola/share/tramola/package.xml
/home/efe/Desktop/ros2_ws/install/tramola/lib/python3.10/site-packages/tramola-0.0.0-py3.10.egg-info/zip-safe
/home/efe/Desktop/ros2_ws/install/tramola/lib/python3.10/site-packages/tramola-0.0.0-py3.10.egg-info/PKG-INFO
/home/efe/Desktop/ros2_ws/install/tramola/lib/python3.10/site-packages/tramola-0.0.0-py3.10.egg-info/dependency_links.txt
/home/efe/Desktop/ros2_ws/install/tramola/lib/python3.10/site-packages/tramola-0.0.0-py3.10.egg-info/top_level.txt
/home/efe/Desktop/ros2_ws/install/tramola/lib/python3.10/site-packages/tramola-0.0.0-py3.10.egg-info/entry_points.txt
/home/efe/Desktop/ros2_ws/install/tramola/lib/python3.10/site-packages/tramola-0.0.0-py3.10.egg-info/requires.txt
/home/efe/Desktop/ros2_ws/install/tramola/lib/python3.10/site-packages/tramola-0.0.0-py3.10.egg-info/SOURCES.txt
/home/efe/Desktop/ros2_ws/install/tramola/lib/tramola/followPath
/home/efe/Desktop/ros2_ws/install/tramola/lib/tramola/video
/home/efe/Desktop/ros2_ws/install/tramola/lib/tramola/vision
