[1.007s] Invoking command in '/home/efe/Desktop/ros2_ws/src/tramola': PYTHONPATH=/home/efe/Desktop/ros2_ws/build/tramola/prefix_override:/usr/lib/python3/dist-packages/colcon_core/task/python/colcon_distutils_commands:/home/efe/Desktop/ros2_ws/install/tramola/lib/python3.10/site-packages:${PYTHONPATH} /usr/bin/python3 -W ignore:setup.py install is deprecated -W ignore:easy_install command is deprecated setup.py egg_info --egg-base ../../build/tramola build --build-base /home/efe/Desktop/ros2_ws/build/tramola/build install --record /home/efe/Desktop/ros2_ws/build/tramola/install.log --single-version-externally-managed install_data
[1.357s] running egg_info
[1.358s] writing ../../build/tramola/tramola.egg-info/PKG-INFO
[1.358s] writing dependency_links to ../../build/tramola/tramola.egg-info/dependency_links.txt
[1.358s] writing entry points to ../../build/tramola/tramola.egg-info/entry_points.txt
[1.358s] writing requirements to ../../build/tramola/tramola.egg-info/requires.txt
[1.359s] writing top-level names to ../../build/tramola/tramola.egg-info/top_level.txt
[1.363s] reading manifest file '../../build/tramola/tramola.egg-info/SOURCES.txt'
[1.363s] adding license file 'LICENSE'
[1.364s] writing manifest file '../../build/tramola/tramola.egg-info/SOURCES.txt'
[1.365s] running build
[1.365s] running build_py
[1.365s] copying tramola/vision.py -> /home/efe/Desktop/ros2_ws/build/tramola/build/lib/tramola
[1.366s] running install
[1.367s] running install_lib
[1.368s] copying /home/efe/Desktop/ros2_ws/build/tramola/build/lib/tramola/vision.py -> /home/efe/Desktop/ros2_ws/install/tramola/lib/python3.10/site-packages/tramola
[1.369s] byte-compiling /home/efe/Desktop/ros2_ws/install/tramola/lib/python3.10/site-packages/tramola/vision.py to vision.cpython-310.pyc
[1.371s] running install_data
[1.371s] running install_egg_info
[1.376s] removing '/home/efe/Desktop/ros2_ws/install/tramola/lib/python3.10/site-packages/tramola-0.0.0-py3.10.egg-info' (and everything under it)
[1.377s] Copying ../../build/tramola/tramola.egg-info to /home/efe/Desktop/ros2_ws/install/tramola/lib/python3.10/site-packages/tramola-0.0.0-py3.10.egg-info
[1.378s] running install_scripts
[1.413s] Installing followPath script to /home/efe/Desktop/ros2_ws/install/tramola/lib/tramola
[1.413s] Installing video script to /home/efe/Desktop/ros2_ws/install/tramola/lib/tramola
[1.414s] writing list of installed files to '/home/efe/Desktop/ros2_ws/build/tramola/install.log'
[1.522s] Invoked command in '/home/efe/Desktop/ros2_ws/src/tramola' returned '0': PYTHONPATH=/home/efe/Desktop/ros2_ws/build/tramola/prefix_override:/usr/lib/python3/dist-packages/colcon_core/task/python/colcon_distutils_commands:/home/efe/Desktop/ros2_ws/install/tramola/lib/python3.10/site-packages:${PYTHONPATH} /usr/bin/python3 -W ignore:setup.py install is deprecated -W ignore:easy_install command is deprecated setup.py egg_info --egg-base ../../build/tramola build --build-base /home/efe/Desktop/ros2_ws/build/tramola/build install --record /home/efe/Desktop/ros2_ws/build/tramola/install.log --single-version-externally-managed install_data
